Could not open file 'no_such_file.bin': No such file or directory
Generating default state instead.
[poisson] loops: p0=0.000107 rb=0.074236 res=0.031208 iters=100 threads=2
[poisson] loops: p0=0.000108 rb=0.097078 res=0.053405 iters=100 threads=2
[poisson] loops: p0=0.000155 rb=0.221694 res=0.081328 iters=100 threads=2
[poisson] loops: p0=0.000202 rb=0.352574 res=0.139985 iters=100 threads=2
[poisson] loops: p0=0.000243 rb=0.125148 res=0.096054 iters=100 threads=2
[poisson] loops: p0=0.000276 rb=0.072022 res=0.050842 iters=100 threads=2
[poisson] loops: p0=0.000300 rb=0.072037 res=0.035275 iters=100 threads=2
[poisson] loops: p0=0.000146 rb=0.072084 res=0.028394 iters=100 threads=2
[poisson] loops: p0=0.000079 rb=0.072447 res=0.028712 iters=100 threads=2
[poisson] loops: p0=0.000079 rb=0.072260 res=0.028409 iters=100 threads=2
[poisson] loops: p0=0.000079 rb=0.072034 res=0.028583 iters=100 threads=2
[poisson] loops: p0=0.000079 rb=0.072032 res=0.028542 iters=100 threads=2
[poisson] loops: p0=0.000079 rb=0.072125 res=0.028444 iters=100 threads=2
[poisson] loops: p0=0.000079 rb=0.072487 res=0.028449 iters=100 threads=2
[poisson] loops: p0=0.000095 rb=0.072030 res=0.028468 iters=100 threads=2
[poisson] loops: p0=0.000079 rb=0.072353 res=0.028441 iters=100 threads=2
[poisson] loops: p0=0.000079 rb=0.071928 res=0.028526 iters=100 threads=2
[poisson] loops: p0=0.000081 rb=0.072079 res=0.028549 iters=100 threads=2
[poisson] loops: p0=0.000079 rb=0.072260 res=0.028341 iters=100 threads=2
[poisson] loops: p0=0.000079 rb=0.072437 res=0.028558 iters=100 threads=2
[poisson] loops: p0=0.000079 rb=0.072106 res=0.028343 iters=100 threads=2
[poisson] loops: p0=0.000079 rb=0.072070 res=0.028340 iters=100 threads=2
[poisson] loops: p0=0.000079 rb=0.072114 res=0.028542 iters=100 threads=2
[poisson] loops: p0=0.000079 rb=0.072509 res=0.028622 iters=100 threads=2
[poisson] loops: p0=0.000079 rb=0.072002 res=0.028451 iters=100 threads=2
[poisson] loops: p0=0.000079 rb=0.071967 res=0.028513 iters=100 threads=2
[poisson] loops: p0=0.000079 rb=0.072038 res=0.028489 iters=100 threads=2
[poisson] loops: p0=0.000079 rb=0.072220 res=0.028392 iters=100 threads=2
[poisson] loops: p0=0.000079 rb=0.072361 res=0.028613 iters=100 threads=2
[poisson] loops: p0=0.000079 rb=0.072466 res=0.028604 iters=100 threads=2
[poisson] loops: p0=0.000081 rb=0.072139 res=0.028584 iters=100 threads=2
[poisson] loops: p0=0.000079 rb=0.072118 res=0.028442 iters=100 threads=2
[poisson] loops: p0=0.000079 rb=0.072055 res=0.028542 iters=100 threads=2
[poisson] loops: p0=0.000079 rb=0.072508 res=0.028715 iters=100 threads=2
[poisson] loops: p0=0.000079 rb=0.072023 res=0.028498 iters=100 threads=2
[poisson] loops: p0=0.000079 rb=0.072070 res=0.028528 iters=100 threads=2
[poisson] loops: p0=0.000079 rb=0.072080 res=0.028398 iters=100 threads=2
[poisson] loops: p0=0.000079 rb=0.072042 res=0.028376 iters=100 threads=2
[poisson] loops: p0=0.000079 rb=0.072297 res=0.028630 iters=100 threads=2
[poisson] loops: p0=0.000079 rb=0.072149 res=0.028387 iters=100 threads=2
[poisson] loops: p0=0.000079 rb=0.072238 res=0.028474 iters=100 threads=2
[poisson] loops: p0=0.000079 rb=0.072255 res=0.028536 iters=100 threads=2
[poisson] loops: p0=0.000079 rb=0.073139 res=0.028762 iters=100 threads=2
[poisson] loops: p0=0.000079 rb=0.072441 res=0.028587 iters=100 threads=2
[poisson] loops: p0=0.000079 rb=0.072009 res=0.028417 iters=100 threads=2
[poisson] loops: p0=0.000079 rb=0.071987 res=0.028458 iters=100 threads=2
[poisson] loops: p0=0.000079 rb=0.072011 res=0.028698 iters=100 threads=2
[poisson] loops: p0=0.000079 rb=0.072113 res=0.028341 iters=100 threads=2
[poisson] loops: p0=0.000079 rb=0.072108 res=0.028447 iters=100 threads=2
[poisson] loops: p0=0.000079 rb=0.072028 res=0.028520 iters=100 threads=2
[poisson] loops: p0=0.000079 rb=0.071971 res=0.028559 iters=100 threads=2
[poisson] loops: p0=0.000079 rb=0.072146 res=0.028478 iters=100 threads=2
[poisson] loops: p0=0.000079 rb=0.072063 res=0.028506 iters=100 threads=2
[poisson] loops: p0=0.000079 rb=0.072092 res=0.028454 iters=100 threads=2
[poisson] loops: p0=0.000079 rb=0.072098 res=0.028462 iters=100 threads=2
[poisson] loops: p0=0.000083 rb=0.074799 res=0.029590 iters=100 threads=2
[poisson] loops: p0=0.000082 rb=0.074088 res=0.029206 iters=100 threads=2
[poisson] loops: p0=0.000081 rb=0.074051 res=0.029280 iters=100 threads=2
[poisson] loops: p0=0.000089 rb=0.073977 res=0.029293 iters=100 threads=2
[poisson] loops: p0=0.000081 rb=0.073829 res=0.029188 iters=100 threads=2
[poisson] loops: p0=0.000081 rb=0.072505 res=0.028480 iters=100 threads=2
[poisson] loops: p0=0.000079 rb=0.073492 res=0.029190 iters=100 threads=2
[poisson] loops: p0=0.000081 rb=0.073906 res=0.029167 iters=100 threads=2
[poisson] loops: p0=0.000082 rb=0.073788 res=0.029092 iters=100 threads=2
[poisson] loops: p0=0.000079 rb=0.074201 res=0.029235 iters=100 threads=2
[poisson] loops: p0=0.000081 rb=0.073996 res=0.029138 iters=100 threads=2
[poisson] loops: p0=0.000079 rb=0.074231 res=0.029151 iters=100 threads=2
[poisson] loops: p0=0.000082 rb=0.073948 res=0.029180 iters=100 threads=2
[poisson] loops: p0=0.000081 rb=0.073811 res=0.029212 iters=100 threads=2
[poisson] loops: p0=0.000081 rb=0.073918 res=0.029204 iters=100 threads=2
[poisson] loops: p0=0.000081 rb=0.073636 res=0.028936 iters=100 threads=2
[poisson] loops: p0=0.000079 rb=0.074080 res=0.029072 iters=100 threads=2
[poisson] loops: p0=0.000081 rb=0.073311 res=0.028857 iters=100 threads=2
[poisson] loops: p0=0.000081 rb=0.073635 res=0.029178 iters=100 threads=2
[poisson] loops: p0=0.000079 rb=0.073985 res=0.029138 iters=100 threads=2
[poisson] loops: p0=0.000081 rb=0.073876 res=0.029169 iters=100 threads=2
[poisson] loops: p0=0.000081 rb=0.074927 res=0.029572 iters=100 threads=2
[poisson] loops: p0=0.000080 rb=0.074389 res=0.029305 iters=100 threads=2
[poisson] loops: p0=0.000081 rb=0.073994 res=0.029283 iters=100 threads=2
[poisson] loops: p0=0.000084 rb=0.073999 res=0.029268 iters=100 threads=2
[poisson] loops: p0=0.000081 rb=0.073979 res=0.029233 iters=100 threads=2
[poisson] loops: p0=0.000081 rb=0.073998 res=0.029075 iters=100 threads=2
[poisson] loops: p0=0.000079 rb=0.073337 res=0.029195 iters=100 threads=2
[poisson] loops: p0=0.000079 rb=0.075607 res=0.029602 iters=100 threads=2
[poisson] loops: p0=0.000081 rb=0.074065 res=0.029251 iters=100 threads=2
[poisson] loops: p0=0.000087 rb=0.074083 res=0.029228 iters=100 threads=2
[poisson] loops: p0=0.000082 rb=0.074020 res=0.029282 iters=100 threads=2
[poisson] loops: p0=0.000083 rb=0.073925 res=0.029169 iters=100 threads=2
[poisson] loops: p0=0.000082 rb=0.073417 res=0.028935 iters=100 threads=2
[poisson] loops: p0=0.000079 rb=0.072317 res=0.028583 iters=100 threads=2
[poisson] loops: p0=0.000081 rb=0.072694 res=0.028692 iters=100 threads=2
[poisson] loops: p0=0.000081 rb=0.072036 res=0.028490 iters=100 threads=2
[poisson] loops: p0=0.000079 rb=0.073374 res=0.028703 iters=100 threads=2
[poisson] loops: p0=0.000081 rb=0.073260 res=0.028685 iters=100 threads=2
[poisson] loops: p0=0.000081 rb=0.072905 res=0.028827 iters=100 threads=2
[poisson] loops: p0=0.000079 rb=0.072604 res=0.028728 iters=100 threads=2
[poisson] loops: p0=0.000079 rb=0.073402 res=0.028834 iters=100 threads=2
[poisson] loops: p0=0.000079 rb=0.073843 res=0.029162 iters=100 threads=2
[poisson] loops: p0=0.000082 rb=0.074050 res=0.029308 iters=100 threads=2
[poisson] loops: p0=0.000084 rb=0.074049 res=0.029259 iters=100 threads=2
[poisson] loops: p0=0.000082 rb=0.074003 res=0.029276 iters=100 threads=2
[poisson] loops: p0=0.000085 rb=0.074233 res=0.029252 iters=100 threads=2
[poisson] loops: p0=0.000081 rb=0.074100 res=0.029261 iters=100 threads=2
[poisson] loops: p0=0.000082 rb=0.074030 res=0.029308 iters=100 threads=2
[poisson] loops: p0=0.000086 rb=0.074006 res=0.029280 iters=100 threads=2
[poisson] loops: p0=0.000081 rb=0.073845 res=0.029235 iters=100 threads=2
[poisson] loops: p0=0.000083 rb=0.073192 res=0.028804 iters=100 threads=2
[poisson] loops: p0=0.000105 rb=0.072443 res=0.028570 iters=100 threads=2
[poisson] loops: p0=0.000079 rb=0.074764 res=0.029390 iters=100 threads=2
[poisson] loops: p0=0.000079 rb=0.074804 res=0.029800 iters=100 threads=2
[poisson] loops: p0=0.000081 rb=0.073957 res=0.029264 iters=100 threads=2
[poisson] loops: p0=0.000082 rb=0.074124 res=0.029178 iters=100 threads=2
[poisson] loops: p0=0.000082 rb=0.073986 res=0.029213 iters=100 threads=2
[poisson] loops: p0=0.000093 rb=0.073912 res=0.029209 iters=100 threads=2
[poisson] loops: p0=0.000081 rb=0.073978 res=0.029178 iters=100 threads=2
[poisson] loops: p0=0.000086 rb=0.074028 res=0.029233 iters=100 threads=2
[poisson] loops: p0=0.000083 rb=0.073996 res=0.029347 iters=100 threads=2
[poisson] loops: p0=0.000081 rb=0.074018 res=0.029291 iters=100 threads=2
[poisson] loops: p0=0.000085 rb=0.073950 res=0.029269 iters=100 threads=2
[poisson] loops: p0=0.000081 rb=0.073684 res=0.029145 iters=100 threads=2
[poisson] loops: p0=0.000079 rb=0.074313 res=0.029481 iters=100 threads=2
[poisson] loops: p0=0.000082 rb=0.074022 res=0.029237 iters=100 threads=2
[poisson] loops: p0=0.000081 rb=0.073920 res=0.029265 iters=100 threads=2
[poisson] loops: p0=0.000095 rb=0.073865 res=0.029282 iters=100 threads=2
[poisson] loops: p0=0.000079 rb=0.073052 res=0.028836 iters=100 threads=2
[poisson] loops: p0=0.000079 rb=0.074490 res=0.029725 iters=100 threads=2
[poisson] loops: p0=0.000086 rb=0.074055 res=0.029270 iters=100 threads=2
[poisson] loops: p0=0.000081 rb=0.074014 res=0.029276 iters=100 threads=2
[poisson] loops: p0=0.000081 rb=0.074017 res=0.029222 iters=100 threads=2
[poisson] loops: p0=0.000081 rb=0.073893 res=0.029145 iters=100 threads=2
[poisson] loops: p0=0.000081 rb=0.075453 res=0.029852 iters=100 threads=2
[poisson] loops: p0=0.000079 rb=0.074058 res=0.029291 iters=100 threads=2
[poisson] loops: p0=0.000082 rb=0.074014 res=0.029253 iters=100 threads=2
[poisson] loops: p0=0.000081 rb=0.074032 res=0.029237 iters=100 threads=2
[poisson] loops: p0=0.000081 rb=0.074485 res=0.029230 iters=100 threads=2
[poisson] loops: p0=0.000079 rb=0.074820 res=0.029332 iters=100 threads=2
[poisson] loops: p0=0.000081 rb=0.074008 res=0.029275 iters=100 threads=2
[poisson] loops: p0=0.000087 rb=0.073974 res=0.029282 iters=100 threads=2
[poisson] loops: p0=0.000084 rb=0.074057 res=0.029290 iters=100 threads=2
[poisson] loops: p0=0.000081 rb=0.074042 res=0.029262 iters=100 threads=2
[poisson] loops: p0=0.000087 rb=0.074287 res=0.029196 iters=100 threads=2
[poisson] loops: p0=0.000081 rb=0.074069 res=0.029254 iters=100 threads=2
[poisson] loops: p0=0.000082 rb=0.073981 res=0.029245 iters=100 threads=2
[poisson] loops: p0=0.000081 rb=0.074114 res=0.029605 iters=100 threads=2
[poisson] loops: p0=0.000082 rb=0.074021 res=0.029283 iters=100 threads=2
[poisson] loops: p0=0.000086 rb=0.073972 res=0.029206 iters=100 threads=2
[poisson] loops: p0=0.000081 rb=0.073922 res=0.029206 iters=100 threads=2
[poisson] loops: p0=0.000083 rb=0.073436 res=0.028845 iters=100 threads=2
[poisson] loops: p0=0.000080 rb=0.073416 res=0.028856 iters=100 threads=2
[poisson] loops: p0=0.000079 rb=0.074861 res=0.029268 iters=100 threads=2
[poisson] loops: p0=0.000085 rb=0.074180 res=0.029239 iters=100 threads=2
[poisson] loops: p0=0.000083 rb=0.073981 res=0.029263 iters=100 threads=2
[poisson] loops: p0=0.000081 rb=0.074041 res=0.029261 iters=100 threads=2
[poisson] loops: p0=0.000085 rb=0.073904 res=0.029188 iters=100 threads=2
[poisson] loops: p0=0.000081 rb=0.073126 res=0.028849 iters=100 threads=2
[poisson] loops: p0=0.000079 rb=0.072358 res=0.028534 iters=100 threads=2
[poisson] loops: p0=0.000079 rb=0.072125 res=0.028624 iters=100 threads=2
[poisson] loops: p0=0.000079 rb=0.072332 res=0.028754 iters=100 threads=2
[poisson] loops: p0=0.000112 rb=0.071998 res=0.028537 iters=100 threads=2
[poisson] loops: p0=0.000079 rb=0.072309 res=0.028401 iters=100 threads=2
[poisson] loops: p0=0.000079 rb=0.072236 res=0.028477 iters=100 threads=2
[poisson] loops: p0=0.000079 rb=0.072084 res=0.028452 iters=100 threads=2
[poisson] loops: p0=0.000079 rb=0.072955 res=0.028665 iters=100 threads=2
[poisson] loops: p0=0.000079 rb=0.072277 res=0.028572 iters=100 threads=2
[poisson] loops: p0=0.000079 rb=0.072086 res=0.028368 iters=100 threads=2
[poisson] loops: p0=0.000079 rb=0.072087 res=0.028345 iters=100 threads=2
[poisson] loops: p0=0.000081 rb=0.072212 res=0.028554 iters=100 threads=2
[poisson] loops: p0=0.000081 rb=0.072389 res=0.028567 iters=100 threads=2
[poisson] loops: p0=0.000079 rb=0.072146 res=0.028575 iters=100 threads=2
[poisson] loops: p0=0.000079 rb=0.072189 res=0.028475 iters=100 threads=2
[poisson] loops: p0=0.000079 rb=0.072173 res=0.028477 iters=100 threads=2
[poisson] loops: p0=0.000079 rb=0.072859 res=0.028727 iters=100 threads=2
[poisson] loops: p0=0.000079 rb=0.072029 res=0.028384 iters=100 threads=2
[poisson] loops: p0=0.000079 rb=0.072159 res=0.028378 iters=100 threads=2
[poisson] loops: p0=0.000079 rb=0.072308 res=0.028555 iters=100 threads=2
[poisson] loops: p0=0.000079 rb=0.071974 res=0.028438 iters=100 threads=2
[poisson] loops: p0=0.000079 rb=0.072313 res=0.028429 iters=100 threads=2
[poisson] loops: p0=0.000079 rb=0.072039 res=0.028420 iters=100 threads=2
[poisson] loops: p0=0.000079 rb=0.071964 res=0.028484 iters=100 threads=2
[poisson] loops: p0=0.000079 rb=0.072085 res=0.028574 iters=100 threads=2
[poisson] loops: p0=0.000079 rb=0.072283 res=0.028384 iters=100 threads=2
[poisson] loops: p0=0.000079 rb=0.072574 res=0.028546 iters=100 threads=2
[poisson] loops: p0=0.000079 rb=0.072206 res=0.028425 iters=100 threads=2
[poisson] loops: p0=0.000079 rb=0.072078 res=0.028492 iters=100 threads=2
[poisson] loops: p0=0.000081 rb=0.072045 res=0.028471 iters=100 threads=2
[poisson] loops: p0=0.000079 rb=0.072391 res=0.028477 iters=100 threads=2
[poisson] loops: p0=0.000079 rb=0.072061 res=0.028528 iters=100 threads=2
[poisson] loops: p0=0.000079 rb=0.072041 res=0.028437 iters=100 threads=2
[poisson] loops: p0=0.000079 rb=0.072168 res=0.028379 iters=100 threads=2
[poisson] loops: p0=0.000079 rb=0.072330 res=0.028572 iters=100 threads=2
[poisson] loops: p0=0.000079 rb=0.072074 res=0.028374 iters=100 threads=2
[poisson] loops: p0=0.000079 rb=0.072161 res=0.028528 iters=100 threads=2
[poisson] loops: p0=0.000079 rb=0.072475 res=0.028643 iters=100 threads=2
[poisson] loops: p0=0.000079 rb=0.072023 res=0.028495 iters=100 threads=2
[poisson] loops: p0=0.000079 rb=0.072133 res=0.028550 iters=100 threads=2
[poisson] loops: p0=0.000079 rb=0.072302 res=0.028360 iters=100 threads=2
[poisson] loops: p0=0.000079 rb=0.072019 res=0.028508 iters=100 threads=2
[poisson] loops: p0=0.000079 rb=0.072094 res=0.028575 iters=100 threads=2
[poisson] loops: p0=0.000079 rb=0.072234 res=0.028379 iters=100 threads=2
[poisson] loops: p0=0.000079 rb=0.072234 res=0.028688 iters=100 threads=2
[poisson] loops: p0=0.000079 rb=0.072291 res=0.028450 iters=100 threads=2
[poisson] loops: p0=0.000079 rb=0.072396 res=0.028585 iters=100 threads=2
[poisson] loops: p0=0.000079 rb=0.072283 res=0.028464 iters=100 threads=2
[poisson] loops: p0=0.000079 rb=0.071956 res=0.028578 iters=100 threads=2
[poisson] loops: p0=0.000079 rb=0.072215 res=0.028500 iters=100 threads=2
[poisson] loops: p0=0.000079 rb=0.072078 res=0.028405 iters=100 threads=2
Simulation complete.
Elapsed time: 22.3537 sec 
