Could not open file 'no_such_file.bin': No such file or directory
Generating default state instead.
[poisson] loops: p0=0.000535 rb=0.148927 res=0.119308 iters=100 threads=4
[poisson] loops: p0=0.000362 rb=0.179561 res=0.153043 iters=100 threads=4
[poisson] loops: p0=0.000483 rb=0.249569 res=0.206032 iters=100 threads=4
[poisson] loops: p0=0.000578 rb=0.475720 res=0.270515 iters=100 threads=4
[poisson] loops: p0=0.000677 rb=1.140495 res=0.366222 iters=100 threads=4
[poisson] loops: p0=0.000720 rb=1.305886 res=0.470747 iters=100 threads=4
[poisson] loops: p0=0.000772 rb=1.855265 res=0.621142 iters=100 threads=4
[poisson] loops: p0=0.000800 rb=2.161457 res=0.912105 iters=100 threads=4
[poisson] loops: p0=0.000859 rb=2.065727 res=1.376635 iters=100 threads=4
[poisson] loops: p0=0.000896 rb=1.729571 res=1.320555 iters=100 threads=4
[poisson] loops: p0=0.000905 rb=1.389197 res=1.136127 iters=100 threads=4
[poisson] loops: p0=0.000960 rb=1.075175 res=0.959400 iters=100 threads=4
[poisson] loops: p0=0.000982 rb=0.771485 res=0.788358 iters=100 threads=4
[poisson] loops: p0=0.001011 rb=0.483364 res=0.607253 iters=100 threads=4
[poisson] loops: p0=0.001032 rb=0.212253 res=0.375789 iters=100 threads=4
[poisson] loops: p0=0.001028 rb=0.146392 res=0.201373 iters=100 threads=4
[poisson] loops: p0=0.001048 rb=0.145258 res=0.199909 iters=100 threads=4
[poisson] loops: p0=0.001094 rb=0.145880 res=0.203277 iters=100 threads=4
[poisson] loops: p0=0.001112 rb=0.145411 res=0.204594 iters=100 threads=4
[poisson] loops: p0=0.001129 rb=0.145963 res=0.204225 iters=100 threads=4
[poisson] loops: p0=0.001146 rb=0.146522 res=0.177122 iters=100 threads=4
[poisson] loops: p0=0.001154 rb=0.147959 res=0.146272 iters=100 threads=4
[poisson] loops: p0=0.000905 rb=0.145645 res=0.117582 iters=100 threads=4
[poisson] loops: p0=0.000644 rb=0.145584 res=0.114155 iters=100 threads=4
[poisson] loops: p0=0.000352 rb=0.145955 res=0.114370 iters=100 threads=4
[poisson] loops: p0=0.000331 rb=0.145442 res=0.113856 iters=100 threads=4
[poisson] loops: p0=0.000320 rb=0.146337 res=0.114481 iters=100 threads=4
[poisson] loops: p0=0.000331 rb=0.145372 res=0.113858 iters=100 threads=4
[poisson] loops: p0=0.000336 rb=0.145832 res=0.114338 iters=100 threads=4
[poisson] loops: p0=0.000361 rb=0.145297 res=0.113972 iters=100 threads=4
[poisson] loops: p0=0.000329 rb=0.145933 res=0.114413 iters=100 threads=4
[poisson] loops: p0=0.000330 rb=0.145921 res=0.114352 iters=100 threads=4
[poisson] loops: p0=0.000332 rb=0.145836 res=0.114327 iters=100 threads=4
[poisson] loops: p0=0.000359 rb=0.145686 res=0.114357 iters=100 threads=4
[poisson] loops: p0=0.000348 rb=0.146007 res=0.114402 iters=100 threads=4
[poisson] loops: p0=0.000344 rb=0.146282 res=0.114730 iters=100 threads=4
[poisson] loops: p0=0.000329 rb=0.146074 res=0.114526 iters=100 threads=4
[poisson] loops: p0=0.000331 rb=0.145890 res=0.114174 iters=100 threads=4
[poisson] loops: p0=0.000368 rb=0.146294 res=0.114222 iters=100 threads=4
[poisson] loops: p0=0.000328 rb=0.146214 res=0.114620 iters=100 threads=4
[poisson] loops: p0=0.000328 rb=0.145946 res=0.114244 iters=100 threads=4
[poisson] loops: p0=0.000328 rb=0.146373 res=0.114448 iters=100 threads=4
[poisson] loops: p0=0.000363 rb=0.145672 res=0.114145 iters=100 threads=4
[poisson] loops: p0=0.000358 rb=0.145906 res=0.114414 iters=100 threads=4
[poisson] loops: p0=0.000337 rb=0.145030 res=0.113687 iters=100 threads=4
[poisson] loops: p0=0.000359 rb=0.145508 res=0.113934 iters=100 threads=4
[poisson] loops: p0=0.000330 rb=0.145653 res=0.113969 iters=100 threads=4
[poisson] loops: p0=0.000353 rb=0.145533 res=0.113827 iters=100 threads=4
[poisson] loops: p0=0.000340 rb=0.145576 res=0.113996 iters=100 threads=4
[poisson] loops: p0=0.000335 rb=0.145214 res=0.113537 iters=100 threads=4
[poisson] loops: p0=0.000336 rb=0.146670 res=0.114701 iters=100 threads=4
[poisson] loops: p0=0.000330 rb=0.145054 res=0.113645 iters=100 threads=4
[poisson] loops: p0=0.000341 rb=0.146019 res=0.114139 iters=100 threads=4
[poisson] loops: p0=0.000333 rb=0.145603 res=0.114307 iters=100 threads=4
[poisson] loops: p0=0.000359 rb=0.145909 res=0.114432 iters=100 threads=4
[poisson] loops: p0=0.000335 rb=0.146158 res=0.114666 iters=100 threads=4
[poisson] loops: p0=0.000348 rb=0.146989 res=0.115111 iters=100 threads=4
[poisson] loops: p0=0.000329 rb=0.145375 res=0.113851 iters=100 threads=4
[poisson] loops: p0=0.000335 rb=0.145754 res=0.114161 iters=100 threads=4
[poisson] loops: p0=0.000340 rb=0.145407 res=0.114165 iters=100 threads=4
[poisson] loops: p0=0.000328 rb=0.147942 res=0.115314 iters=100 threads=4
[poisson] loops: p0=0.000340 rb=0.147239 res=0.115351 iters=100 threads=4
[poisson] loops: p0=0.000339 rb=0.146899 res=0.114886 iters=100 threads=4
[poisson] loops: p0=0.000334 rb=0.149811 res=0.115377 iters=100 threads=4
[poisson] loops: p0=0.000331 rb=0.150294 res=0.114993 iters=100 threads=4
[poisson] loops: p0=0.000342 rb=0.149104 res=0.115697 iters=100 threads=4
[poisson] loops: p0=0.000347 rb=0.147284 res=0.115450 iters=100 threads=4
[poisson] loops: p0=0.000335 rb=0.146599 res=0.114509 iters=100 threads=4
[poisson] loops: p0=0.000344 rb=0.151377 res=0.116495 iters=100 threads=4
[poisson] loops: p0=0.000351 rb=0.148320 res=0.116694 iters=100 threads=4
[poisson] loops: p0=0.000333 rb=0.146540 res=0.114637 iters=100 threads=4
[poisson] loops: p0=0.000331 rb=0.146869 res=0.115575 iters=100 threads=4
[poisson] loops: p0=0.000329 rb=0.146440 res=0.114546 iters=100 threads=4
[poisson] loops: p0=0.000329 rb=0.145673 res=0.113932 iters=100 threads=4
[poisson] loops: p0=0.000369 rb=0.146434 res=0.114591 iters=100 threads=4
[poisson] loops: p0=0.000358 rb=0.145649 res=0.114615 iters=100 threads=4
[poisson] loops: p0=0.000339 rb=0.146532 res=0.114505 iters=100 threads=4
[poisson] loops: p0=0.000339 rb=0.145671 res=0.114086 iters=100 threads=4
[poisson] loops: p0=0.000340 rb=0.146677 res=0.114171 iters=100 threads=4
[poisson] loops: p0=0.000335 rb=0.145868 res=0.114265 iters=100 threads=4
[poisson] loops: p0=0.000334 rb=0.147201 res=0.115401 iters=100 threads=4
[poisson] loops: p0=0.000328 rb=0.145812 res=0.114816 iters=100 threads=4
[poisson] loops: p0=0.000334 rb=0.147161 res=0.115149 iters=100 threads=4
[poisson] loops: p0=0.000361 rb=0.146683 res=0.114870 iters=100 threads=4
[poisson] loops: p0=0.000329 rb=0.146192 res=0.114482 iters=100 threads=4
[poisson] loops: p0=0.000328 rb=0.146489 res=0.114608 iters=100 threads=4
[poisson] loops: p0=0.000328 rb=0.145717 res=0.114637 iters=100 threads=4
[poisson] loops: p0=0.000409 rb=0.147072 res=0.115501 iters=100 threads=4
[poisson] loops: p0=0.000340 rb=0.146100 res=0.114622 iters=100 threads=4
[poisson] loops: p0=0.000333 rb=0.146249 res=0.114711 iters=100 threads=4
[poisson] loops: p0=0.000329 rb=0.145946 res=0.114426 iters=100 threads=4
[poisson] loops: p0=0.000419 rb=0.146297 res=0.114855 iters=100 threads=4
[poisson] loops: p0=0.000328 rb=0.145891 res=0.113968 iters=100 threads=4
[poisson] loops: p0=0.000333 rb=0.145722 res=0.115049 iters=100 threads=4
[poisson] loops: p0=0.000330 rb=0.146311 res=0.114888 iters=100 threads=4
[poisson] loops: p0=0.000328 rb=0.145942 res=0.114678 iters=100 threads=4
[poisson] loops: p0=0.000367 rb=0.146334 res=0.114804 iters=100 threads=4
[poisson] loops: p0=0.000328 rb=0.145689 res=0.114522 iters=100 threads=4
[poisson] loops: p0=0.000334 rb=0.146519 res=0.114718 iters=100 threads=4
[poisson] loops: p0=0.000366 rb=0.146324 res=0.114947 iters=100 threads=4
[poisson] loops: p0=0.000330 rb=0.145711 res=0.114636 iters=100 threads=4
[poisson] loops: p0=0.000335 rb=0.145925 res=0.114288 iters=100 threads=4
[poisson] loops: p0=0.000329 rb=0.146081 res=0.114356 iters=100 threads=4
[poisson] loops: p0=0.000330 rb=0.146705 res=0.115153 iters=100 threads=4
[poisson] loops: p0=0.000340 rb=0.146237 res=0.114386 iters=100 threads=4
[poisson] loops: p0=0.000334 rb=0.146348 res=0.114947 iters=100 threads=4
[poisson] loops: p0=0.000328 rb=0.146112 res=0.114549 iters=100 threads=4
[poisson] loops: p0=0.000345 rb=0.146103 res=0.114661 iters=100 threads=4
[poisson] loops: p0=0.000351 rb=0.145997 res=0.114298 iters=100 threads=4
[poisson] loops: p0=0.000334 rb=0.146147 res=0.114645 iters=100 threads=4
[poisson] loops: p0=0.000328 rb=0.146407 res=0.114868 iters=100 threads=4
[poisson] loops: p0=0.000345 rb=0.147283 res=0.115435 iters=100 threads=4
[poisson] loops: p0=0.000329 rb=0.146166 res=0.114536 iters=100 threads=4
[poisson] loops: p0=0.000362 rb=0.146821 res=0.115271 iters=100 threads=4
[poisson] loops: p0=0.000332 rb=0.146487 res=0.114863 iters=100 threads=4
[poisson] loops: p0=0.000329 rb=0.145703 res=0.114290 iters=100 threads=4
[poisson] loops: p0=0.000322 rb=0.145680 res=0.114334 iters=100 threads=4
[poisson] loops: p0=0.000330 rb=0.146951 res=0.114987 iters=100 threads=4
[poisson] loops: p0=0.000328 rb=0.147017 res=0.114739 iters=100 threads=4
[poisson] loops: p0=0.000360 rb=0.147297 res=0.115501 iters=100 threads=4
[poisson] loops: p0=0.000340 rb=0.147206 res=0.115411 iters=100 threads=4
[poisson] loops: p0=0.000329 rb=0.146430 res=0.114922 iters=100 threads=4
[poisson] loops: p0=0.000361 rb=0.146505 res=0.114600 iters=100 threads=4
[poisson] loops: p0=0.000331 rb=0.147645 res=0.115567 iters=100 threads=4
[poisson] loops: p0=0.000338 rb=0.147229 res=0.115427 iters=100 threads=4
[poisson] loops: p0=0.000331 rb=0.145663 res=0.114201 iters=100 threads=4
[poisson] loops: p0=0.000330 rb=0.147318 res=0.115789 iters=100 threads=4
[poisson] loops: p0=0.000339 rb=0.146142 res=0.114193 iters=100 threads=4
[poisson] loops: p0=0.000330 rb=0.145591 res=0.114534 iters=100 threads=4
[poisson] loops: p0=0.000328 rb=0.146702 res=0.114999 iters=100 threads=4
[poisson] loops: p0=0.000329 rb=0.147031 res=0.115116 iters=100 threads=4
[poisson] loops: p0=0.000329 rb=0.146839 res=0.115099 iters=100 threads=4
[poisson] loops: p0=0.000328 rb=0.146344 res=0.114689 iters=100 threads=4
[poisson] loops: p0=0.000356 rb=0.147223 res=0.115119 iters=100 threads=4
[poisson] loops: p0=0.000328 rb=0.146228 res=0.114395 iters=100 threads=4
[poisson] loops: p0=0.000359 rb=0.147225 res=0.115717 iters=100 threads=4
[poisson] loops: p0=0.000340 rb=0.147341 res=0.115507 iters=100 threads=4
[poisson] loops: p0=0.000338 rb=0.146955 res=0.115014 iters=100 threads=4
[poisson] loops: p0=0.000336 rb=0.147821 res=0.115685 iters=100 threads=4
[poisson] loops: p0=0.000360 rb=0.146652 res=0.114903 iters=100 threads=4
[poisson] loops: p0=0.000329 rb=0.146399 res=0.114745 iters=100 threads=4
[poisson] loops: p0=0.000358 rb=0.147435 res=0.115628 iters=100 threads=4
[poisson] loops: p0=0.000340 rb=0.147603 res=0.115884 iters=100 threads=4
[poisson] loops: p0=0.000333 rb=0.146565 res=0.114999 iters=100 threads=4
[poisson] loops: p0=0.000328 rb=0.147530 res=0.115633 iters=100 threads=4
[poisson] loops: p0=0.000328 rb=0.146089 res=0.114716 iters=100 threads=4
[poisson] loops: p0=0.000330 rb=0.147027 res=0.115570 iters=100 threads=4
[poisson] loops: p0=0.000331 rb=0.145546 res=0.114088 iters=100 threads=4
[poisson] loops: p0=0.000336 rb=0.145721 res=0.114470 iters=100 threads=4
[poisson] loops: p0=0.000335 rb=0.146302 res=0.114584 iters=100 threads=4
[poisson] loops: p0=0.000326 rb=0.146347 res=0.114896 iters=100 threads=4
[poisson] loops: p0=0.000331 rb=0.147549 res=0.115504 iters=100 threads=4
[poisson] loops: p0=0.000340 rb=0.146496 res=0.114850 iters=100 threads=4
[poisson] loops: p0=0.000328 rb=0.147356 res=0.115562 iters=100 threads=4
[poisson] loops: p0=0.000328 rb=0.146426 res=0.114895 iters=100 threads=4
[poisson] loops: p0=0.000328 rb=0.146585 res=0.114702 iters=100 threads=4
[poisson] loops: p0=0.000328 rb=0.146521 res=0.114847 iters=100 threads=4
[poisson] loops: p0=0.000343 rb=0.146663 res=0.114923 iters=100 threads=4
[poisson] loops: p0=0.000328 rb=0.146194 res=0.114764 iters=100 threads=4
[poisson] loops: p0=0.000328 rb=0.147322 res=0.115465 iters=100 threads=4
[poisson] loops: p0=0.000327 rb=0.147176 res=0.115407 iters=100 threads=4
[poisson] loops: p0=0.000336 rb=0.146477 res=0.115204 iters=100 threads=4
[poisson] loops: p0=0.000327 rb=0.147277 res=0.115718 iters=100 threads=4
[poisson] loops: p0=0.000335 rb=0.146937 res=0.115084 iters=100 threads=4
[poisson] loops: p0=0.000335 rb=0.145647 res=0.114506 iters=100 threads=4
[poisson] loops: p0=0.000328 rb=0.145847 res=0.114258 iters=100 threads=4
[poisson] loops: p0=0.000370 rb=0.145670 res=0.114205 iters=100 threads=4
[poisson] loops: p0=0.000375 rb=0.147185 res=0.115425 iters=100 threads=4
[poisson] loops: p0=0.000329 rb=0.147456 res=0.115377 iters=100 threads=4
[poisson] loops: p0=0.000328 rb=0.146125 res=0.114549 iters=100 threads=4
[poisson] loops: p0=0.000331 rb=0.146027 res=0.114300 iters=100 threads=4
[poisson] loops: p0=0.000335 rb=0.146831 res=0.115385 iters=100 threads=4
[poisson] loops: p0=0.000338 rb=0.147499 res=0.115505 iters=100 threads=4
[poisson] loops: p0=0.000340 rb=0.147225 res=0.115112 iters=100 threads=4
[poisson] loops: p0=0.000333 rb=0.146073 res=0.114291 iters=100 threads=4
[poisson] loops: p0=0.000328 rb=0.146997 res=0.115091 iters=100 threads=4
[poisson] loops: p0=0.000340 rb=0.147103 res=0.115016 iters=100 threads=4
[poisson] loops: p0=0.000332 rb=0.146359 res=0.114743 iters=100 threads=4
[poisson] loops: p0=0.000327 rb=0.146400 res=0.115031 iters=100 threads=4
[poisson] loops: p0=0.000330 rb=0.147213 res=0.115313 iters=100 threads=4
[poisson] loops: p0=0.000338 rb=0.146586 res=0.115098 iters=100 threads=4
[poisson] loops: p0=0.000335 rb=0.146804 res=0.114883 iters=100 threads=4
[poisson] loops: p0=0.000361 rb=0.147203 res=0.115228 iters=100 threads=4
[poisson] loops: p0=0.000328 rb=0.147661 res=0.115918 iters=100 threads=4
[poisson] loops: p0=0.000342 rb=0.146910 res=0.115349 iters=100 threads=4
[poisson] loops: p0=0.000329 rb=0.146474 res=0.114708 iters=100 threads=4
[poisson] loops: p0=0.000327 rb=0.146449 res=0.114727 iters=100 threads=4
[poisson] loops: p0=0.000342 rb=0.147364 res=0.115990 iters=100 threads=4
[poisson] loops: p0=0.000337 rb=0.146437 res=0.114580 iters=100 threads=4
[poisson] loops: p0=0.000328 rb=0.146054 res=0.114597 iters=100 threads=4
[poisson] loops: p0=0.000329 rb=0.146848 res=0.115307 iters=100 threads=4
[poisson] loops: p0=0.000337 rb=0.146565 res=0.115101 iters=100 threads=4
[poisson] loops: p0=0.000329 rb=0.146235 res=0.114670 iters=100 threads=4
[poisson] loops: p0=0.000339 rb=0.147187 res=0.115306 iters=100 threads=4
[poisson] loops: p0=0.000329 rb=0.146268 res=0.114870 iters=100 threads=4
[poisson] loops: p0=0.000328 rb=0.146299 res=0.114650 iters=100 threads=4
[poisson] loops: p0=0.000328 rb=0.145532 res=0.114007 iters=100 threads=4
[poisson] loops: p0=0.000367 rb=0.147354 res=0.115377 iters=100 threads=4
[poisson] loops: p0=0.000342 rb=0.146465 res=0.115381 iters=100 threads=4
[poisson] loops: p0=0.000393 rb=0.146079 res=0.114345 iters=100 threads=4
[poisson] loops: p0=0.000331 rb=0.146623 res=0.114742 iters=100 threads=4
[poisson] loops: p0=0.000330 rb=0.146689 res=0.114990 iters=100 threads=4
[poisson] loops: p0=0.000337 rb=0.147180 res=0.115545 iters=100 threads=4
[poisson] loops: p0=0.000328 rb=0.146501 res=0.114365 iters=100 threads=4
[poisson] loops: p0=0.000334 rb=0.147312 res=0.115403 iters=100 threads=4
[poisson] loops: p0=0.000331 rb=0.147078 res=0.115354 iters=100 threads=4
[poisson] loops: p0=0.000336 rb=0.146614 res=0.114834 iters=100 threads=4
[poisson] loops: p0=0.000331 rb=0.146148 res=0.114444 iters=100 threads=4
[poisson] loops: p0=0.000326 rb=0.147144 res=0.114982 iters=100 threads=4
[poisson] loops: p0=0.000336 rb=0.147587 res=0.116039 iters=100 threads=4
[poisson] loops: p0=0.000345 rb=0.147511 res=0.115704 iters=100 threads=4
[poisson] loops: p0=0.000331 rb=0.147335 res=0.115274 iters=100 threads=4
[poisson] loops: p0=0.000326 rb=0.146589 res=0.114845 iters=100 threads=4
[poisson] loops: p0=0.000339 rb=0.147306 res=0.115559 iters=100 threads=4
[poisson] loops: p0=0.000338 rb=0.146559 res=0.114810 iters=100 threads=4
[poisson] loops: p0=0.000359 rb=0.147101 res=0.115579 iters=100 threads=4
[poisson] loops: p0=0.000328 rb=0.147132 res=0.115372 iters=100 threads=4
[poisson] loops: p0=0.000326 rb=0.147284 res=0.115678 iters=100 threads=4
[poisson] loops: p0=0.000335 rb=0.146475 res=0.114708 iters=100 threads=4
[poisson] loops: p0=0.000333 rb=0.146733 res=0.115042 iters=100 threads=4
[poisson] loops: p0=0.000335 rb=0.145891 res=0.114828 iters=100 threads=4
[poisson] loops: p0=0.000328 rb=0.146669 res=0.114887 iters=100 threads=4
[poisson] loops: p0=0.000380 rb=0.146695 res=0.115190 iters=100 threads=4
[poisson] loops: p0=0.000343 rb=0.146107 res=0.114238 iters=100 threads=4
[poisson] loops: p0=0.000328 rb=0.145973 res=0.114408 iters=100 threads=4
[poisson] loops: p0=0.000368 rb=0.146715 res=0.115101 iters=100 threads=4
[poisson] loops: p0=0.000328 rb=0.146253 res=0.114916 iters=100 threads=4
[poisson] loops: p0=0.000339 rb=0.146885 res=0.115029 iters=100 threads=4
[poisson] loops: p0=0.000331 rb=0.147430 res=0.115756 iters=100 threads=4
[poisson] loops: p0=0.000335 rb=0.147060 res=0.115554 iters=100 threads=4
[poisson] loops: p0=0.000363 rb=0.146593 res=0.114719 iters=100 threads=4
[poisson] loops: p0=0.000328 rb=0.146563 res=0.115032 iters=100 threads=4
[poisson] loops: p0=0.000365 rb=0.146719 res=0.115125 iters=100 threads=4
[poisson] loops: p0=0.000327 rb=0.146602 res=0.114549 iters=100 threads=4
[poisson] loops: p0=0.000342 rb=0.146916 res=0.114875 iters=100 threads=4
[poisson] loops: p0=0.000331 rb=0.146309 res=0.115101 iters=100 threads=4
[poisson] loops: p0=0.000328 rb=0.146755 res=0.115509 iters=100 threads=4
[poisson] loops: p0=0.000328 rb=0.147659 res=0.115392 iters=100 threads=4
[poisson] loops: p0=0.000336 rb=0.146728 res=0.114907 iters=100 threads=4
[poisson] loops: p0=0.000328 rb=0.147212 res=0.115253 iters=100 threads=4
[poisson] loops: p0=0.000344 rb=0.146887 res=0.115272 iters=100 threads=4
[poisson] loops: p0=0.000329 rb=0.147283 res=0.115485 iters=100 threads=4
[poisson] loops: p0=0.000333 rb=0.146568 res=0.115262 iters=100 threads=4
[poisson] loops: p0=0.000359 rb=0.147052 res=0.115503 iters=100 threads=4
[poisson] loops: p0=0.000336 rb=0.146977 res=0.115147 iters=100 threads=4
[poisson] loops: p0=0.000341 rb=0.146972 res=0.115201 iters=100 threads=4
[poisson] loops: p0=0.000360 rb=0.147453 res=0.115224 iters=100 threads=4
[poisson] loops: p0=0.000339 rb=0.147175 res=0.114953 iters=100 threads=4
[poisson] loops: p0=0.000359 rb=0.147783 res=0.115669 iters=100 threads=4
[poisson] loops: p0=0.000337 rb=0.146791 res=0.115234 iters=100 threads=4
[poisson] loops: p0=0.000328 rb=0.146640 res=0.114922 iters=100 threads=4
[poisson] loops: p0=0.000403 rb=0.146242 res=0.114837 iters=100 threads=4
[poisson] loops: p0=0.000328 rb=0.147368 res=0.115713 iters=100 threads=4
[poisson] loops: p0=0.000330 rb=0.146712 res=0.114972 iters=100 threads=4
[poisson] loops: p0=0.000327 rb=0.147153 res=0.115428 iters=100 threads=4
[poisson] loops: p0=0.000331 rb=0.147110 res=0.115202 iters=100 threads=4
[poisson] loops: p0=0.000331 rb=0.147282 res=0.115348 iters=100 threads=4
[poisson] loops: p0=0.000359 rb=0.147117 res=0.115426 iters=100 threads=4
[poisson] loops: p0=0.000329 rb=0.146465 res=0.114884 iters=100 threads=4
[poisson] loops: p0=0.000328 rb=0.147071 res=0.115595 iters=100 threads=4
[poisson] loops: p0=0.000339 rb=0.146847 res=0.115185 iters=100 threads=4
[poisson] loops: p0=0.000357 rb=0.147217 res=0.115412 iters=100 threads=4
[poisson] loops: p0=0.000333 rb=0.147261 res=0.115183 iters=100 threads=4
[poisson] loops: p0=0.000327 rb=0.147395 res=0.115296 iters=100 threads=4
[poisson] loops: p0=0.000328 rb=0.146425 res=0.114500 iters=100 threads=4
[poisson] loops: p0=0.000329 rb=0.145798 res=0.114361 iters=100 threads=4
[poisson] loops: p0=0.000329 rb=0.146089 res=0.114652 iters=100 threads=4
[poisson] loops: p0=0.000329 rb=0.146291 res=0.114842 iters=100 threads=4
[poisson] loops: p0=0.000328 rb=0.146579 res=0.114912 iters=100 threads=4
[poisson] loops: p0=0.000359 rb=0.146852 res=0.115112 iters=100 threads=4
[poisson] loops: p0=0.000330 rb=0.147007 res=0.115347 iters=100 threads=4
[poisson] loops: p0=0.000335 rb=0.147410 res=0.115359 iters=100 threads=4
[poisson] loops: p0=0.000336 rb=0.147839 res=0.115734 iters=100 threads=4
[poisson] loops: p0=0.000357 rb=0.146937 res=0.115203 iters=100 threads=4
[poisson] loops: p0=0.000328 rb=0.147231 res=0.115216 iters=100 threads=4
[poisson] loops: p0=0.000341 rb=0.146741 res=0.115193 iters=100 threads=4
[poisson] loops: p0=0.000361 rb=0.147098 res=0.115230 iters=100 threads=4
[poisson] loops: p0=0.000339 rb=0.147149 res=0.115362 iters=100 threads=4
[poisson] loops: p0=0.000331 rb=0.147573 res=0.116027 iters=100 threads=4
[poisson] loops: p0=0.000327 rb=0.146269 res=0.115068 iters=100 threads=4
[poisson] loops: p0=0.000367 rb=0.147237 res=0.115133 iters=100 threads=4
[poisson] loops: p0=0.000328 rb=0.147153 res=0.115234 iters=100 threads=4
[poisson] loops: p0=0.000328 rb=0.147145 res=0.115442 iters=100 threads=4
[poisson] loops: p0=0.000327 rb=0.147035 res=0.115581 iters=100 threads=4
[poisson] loops: p0=0.000333 rb=0.146592 res=0.114863 iters=100 threads=4
[poisson] loops: p0=0.000328 rb=0.147062 res=0.115591 iters=100 threads=4
[poisson] loops: p0=0.000336 rb=0.146808 res=0.114683 iters=100 threads=4
[poisson] loops: p0=0.000330 rb=0.146458 res=0.114816 iters=100 threads=4
[poisson] loops: p0=0.000347 rb=0.147165 res=0.115294 iters=100 threads=4
[poisson] loops: p0=0.000329 rb=0.147401 res=0.115547 iters=100 threads=4
[poisson] loops: p0=0.000338 rb=0.147153 res=0.115277 iters=100 threads=4
[poisson] loops: p0=0.000329 rb=0.147158 res=0.115360 iters=100 threads=4
[poisson] loops: p0=0.000359 rb=0.146923 res=0.115492 iters=100 threads=4
[poisson] loops: p0=0.000328 rb=0.146806 res=0.115299 iters=100 threads=4
[poisson] loops: p0=0.000326 rb=0.147363 res=0.115255 iters=100 threads=4
[poisson] loops: p0=0.000339 rb=0.146905 res=0.115128 iters=100 threads=4
[poisson] loops: p0=0.000328 rb=0.146814 res=0.115064 iters=100 threads=4
[poisson] loops: p0=0.000329 rb=0.146965 res=0.115664 iters=100 threads=4
[poisson] loops: p0=0.000330 rb=0.146517 res=0.115039 iters=100 threads=4
[poisson] loops: p0=0.000370 rb=0.146727 res=0.115029 iters=100 threads=4
[poisson] loops: p0=0.000329 rb=0.147680 res=0.115531 iters=100 threads=4
[poisson] loops: p0=0.000340 rb=0.147362 res=0.115823 iters=100 threads=4
[poisson] loops: p0=0.000328 rb=0.146959 res=0.115200 iters=100 threads=4
[poisson] loops: p0=0.000334 rb=0.147610 res=0.115596 iters=100 threads=4
[poisson] loops: p0=0.000338 rb=0.147400 res=0.115411 iters=100 threads=4
[poisson] loops: p0=0.000330 rb=0.146871 res=0.115376 iters=100 threads=4
[poisson] loops: p0=0.000341 rb=0.146677 res=0.114850 iters=100 threads=4
[poisson] loops: p0=0.000334 rb=0.147164 res=0.115628 iters=100 threads=4
[poisson] loops: p0=0.000330 rb=0.147059 res=0.115338 iters=100 threads=4
[poisson] loops: p0=0.000331 rb=0.147393 res=0.115257 iters=100 threads=4
[poisson] loops: p0=0.000335 rb=0.146575 res=0.114976 iters=100 threads=4
[poisson] loops: p0=0.000330 rb=0.147352 res=0.115447 iters=100 threads=4
[poisson] loops: p0=0.000327 rb=0.147121 res=0.115368 iters=100 threads=4
[poisson] loops: p0=0.000328 rb=0.147140 res=0.115490 iters=100 threads=4
[poisson] loops: p0=0.000328 rb=0.147510 res=0.115655 iters=100 threads=4
[poisson] loops: p0=0.000340 rb=0.146755 res=0.115145 iters=100 threads=4
[poisson] loops: p0=0.000369 rb=0.146967 res=0.115322 iters=100 threads=4
[poisson] loops: p0=0.000337 rb=0.146959 res=0.115407 iters=100 threads=4
[poisson] loops: p0=0.000357 rb=0.147256 res=0.115436 iters=100 threads=4
[poisson] loops: p0=0.000328 rb=0.146303 res=0.114807 iters=100 threads=4
[poisson] loops: p0=0.000330 rb=0.147247 res=0.115108 iters=100 threads=4
[poisson] loops: p0=0.000331 rb=0.146350 res=0.114761 iters=100 threads=4
[poisson] loops: p0=0.000356 rb=0.147303 res=0.115191 iters=100 threads=4
[poisson] loops: p0=0.000328 rb=0.146730 res=0.115057 iters=100 threads=4
[poisson] loops: p0=0.000357 rb=0.146780 res=0.115289 iters=100 threads=4
[poisson] loops: p0=0.000328 rb=0.147336 res=0.115635 iters=100 threads=4
[poisson] loops: p0=0.000336 rb=0.147043 res=0.115450 iters=100 threads=4
[poisson] loops: p0=0.000373 rb=0.147092 res=0.115506 iters=100 threads=4
[poisson] loops: p0=0.000329 rb=0.145846 res=0.114176 iters=100 threads=4
[poisson] loops: p0=0.000328 rb=0.146328 res=0.114474 iters=100 threads=4
[poisson] loops: p0=0.000333 rb=0.146020 res=0.114485 iters=100 threads=4
[poisson] loops: p0=0.000330 rb=0.145778 res=0.114200 iters=100 threads=4
[poisson] loops: p0=0.000327 rb=0.146154 res=0.114488 iters=100 threads=4
[poisson] loops: p0=0.000346 rb=0.146558 res=0.115102 iters=100 threads=4
[poisson] loops: p0=0.000330 rb=0.146532 res=0.114425 iters=100 threads=4
[poisson] loops: p0=0.000367 rb=0.147099 res=0.115277 iters=100 threads=4
[poisson] loops: p0=0.000333 rb=0.145884 res=0.114417 iters=100 threads=4
[poisson] loops: p0=0.000366 rb=0.146287 res=0.114231 iters=100 threads=4
[poisson] loops: p0=0.000335 rb=0.146435 res=0.114429 iters=100 threads=4
[poisson] loops: p0=0.000329 rb=0.146149 res=0.114513 iters=100 threads=4
[poisson] loops: p0=0.000333 rb=0.145034 res=0.113938 iters=100 threads=4
[poisson] loops: p0=0.000337 rb=0.146167 res=0.114373 iters=100 threads=4
[poisson] loops: p0=0.000329 rb=0.146162 res=0.114595 iters=100 threads=4
[poisson] loops: p0=0.000335 rb=0.146839 res=0.115064 iters=100 threads=4
[poisson] loops: p0=0.000338 rb=0.145851 res=0.114056 iters=100 threads=4
[poisson] loops: p0=0.000333 rb=0.145822 res=0.114445 iters=100 threads=4
[poisson] loops: p0=0.000329 rb=0.147348 res=0.115645 iters=100 threads=4
[poisson] loops: p0=0.000341 rb=0.146335 res=0.114556 iters=100 threads=4
[poisson] loops: p0=0.000327 rb=0.146165 res=0.114706 iters=100 threads=4
[poisson] loops: p0=0.000328 rb=0.146348 res=0.114906 iters=100 threads=4
[poisson] loops: p0=0.000341 rb=0.146996 res=0.115152 iters=100 threads=4
[poisson] loops: p0=0.000369 rb=0.146161 res=0.114346 iters=100 threads=4
[poisson] loops: p0=0.000334 rb=0.146021 res=0.114522 iters=100 threads=4
[poisson] loops: p0=0.000328 rb=0.146199 res=0.114553 iters=100 threads=4
[poisson] loops: p0=0.000359 rb=0.145854 res=0.114370 iters=100 threads=4
[poisson] loops: p0=0.000330 rb=0.146512 res=0.114795 iters=100 threads=4
[poisson] loops: p0=0.000329 rb=0.146854 res=0.115144 iters=100 threads=4
[poisson] loops: p0=0.000333 rb=0.146523 res=0.114743 iters=100 threads=4
[poisson] loops: p0=0.000330 rb=0.145953 res=0.114170 iters=100 threads=4
[poisson] loops: p0=0.000327 rb=0.146233 res=0.114671 iters=100 threads=4
[poisson] loops: p0=0.000336 rb=0.147595 res=0.115416 iters=100 threads=4
[poisson] loops: p0=0.000330 rb=0.145916 res=0.114671 iters=100 threads=4
[poisson] loops: p0=0.000349 rb=0.146608 res=0.114643 iters=100 threads=4
[poisson] loops: p0=0.000333 rb=0.146309 res=0.114444 iters=100 threads=4
[poisson] loops: p0=0.000329 rb=0.146561 res=0.114694 iters=100 threads=4
[poisson] loops: p0=0.000328 rb=0.146342 res=0.114412 iters=100 threads=4
[poisson] loops: p0=0.000357 rb=0.146811 res=0.114945 iters=100 threads=4
[poisson] loops: p0=0.000338 rb=0.147089 res=0.115518 iters=100 threads=4
[poisson] loops: p0=0.000336 rb=0.146101 res=0.114378 iters=100 threads=4
[poisson] loops: p0=0.000360 rb=0.146735 res=0.115270 iters=100 threads=4
[poisson] loops: p0=0.000332 rb=0.145889 res=0.114359 iters=100 threads=4
[poisson] loops: p0=0.000341 rb=0.147221 res=0.115297 iters=100 threads=4
[poisson] loops: p0=0.000331 rb=0.147019 res=0.115068 iters=100 threads=4
[poisson] loops: p0=0.000334 rb=0.147346 res=0.115236 iters=100 threads=4
[poisson] loops: p0=0.000329 rb=0.146446 res=0.114560 iters=100 threads=4
[poisson] loops: p0=0.000327 rb=0.146305 res=0.115280 iters=100 threads=4
[poisson] loops: p0=0.000331 rb=0.146576 res=0.114898 iters=100 threads=4
[poisson] loops: p0=0.000329 rb=0.147100 res=0.114845 iters=100 threads=4
[poisson] loops: p0=0.000330 rb=0.146290 res=0.114797 iters=100 threads=4
[poisson] loops: p0=0.000328 rb=0.146009 res=0.114739 iters=100 threads=4
[poisson] loops: p0=0.000419 rb=0.148008 res=0.115787 iters=100 threads=4
[poisson] loops: p0=0.000340 rb=0.146608 res=0.114639 iters=100 threads=4
[poisson] loops: p0=0.000328 rb=0.146441 res=0.114739 iters=100 threads=4
[poisson] loops: p0=0.000353 rb=0.146310 res=0.115015 iters=100 threads=4
[poisson] loops: p0=0.000329 rb=0.147226 res=0.115190 iters=100 threads=4
[poisson] loops: p0=0.000357 rb=0.145986 res=0.114638 iters=100 threads=4
[poisson] loops: p0=0.000327 rb=0.146114 res=0.114290 iters=100 threads=4
[poisson] loops: p0=0.000372 rb=0.145775 res=0.114581 iters=100 threads=4
[poisson] loops: p0=0.000345 rb=0.146875 res=0.115144 iters=100 threads=4
[poisson] loops: p0=0.000336 rb=0.146215 res=0.114888 iters=100 threads=4
[poisson] loops: p0=0.000327 rb=0.146379 res=0.114700 iters=100 threads=4
[poisson] loops: p0=0.000328 rb=0.146757 res=0.115143 iters=100 threads=4
[poisson] loops: p0=0.000337 rb=0.146643 res=0.114960 iters=100 threads=4
[poisson] loops: p0=0.000332 rb=0.146139 res=0.114575 iters=100 threads=4
[poisson] loops: p0=0.000329 rb=0.146527 res=0.114772 iters=100 threads=4
[poisson] loops: p0=0.000389 rb=0.146477 res=0.114895 iters=100 threads=4
[poisson] loops: p0=0.000330 rb=0.146814 res=0.119972 iters=100 threads=4
[poisson] loops: p0=0.000332 rb=0.146421 res=0.114512 iters=100 threads=4
[poisson] loops: p0=0.000331 rb=0.146377 res=0.114704 iters=100 threads=4
[poisson] loops: p0=0.000331 rb=0.146415 res=0.114714 iters=100 threads=4
[poisson] loops: p0=0.000361 rb=0.145582 res=0.114084 iters=100 threads=4
[poisson] loops: p0=0.000327 rb=0.146281 res=0.114749 iters=100 threads=4
[poisson] loops: p0=0.000328 rb=0.146125 res=0.114721 iters=100 threads=4
[poisson] loops: p0=0.000330 rb=0.146060 res=0.114165 iters=100 threads=4
[poisson] loops: p0=0.000369 rb=0.146484 res=0.114639 iters=100 threads=4
[poisson] loops: p0=0.000329 rb=0.145977 res=0.114374 iters=100 threads=4
[poisson] loops: p0=0.000332 rb=0.145548 res=0.114143 iters=100 threads=4
[poisson] loops: p0=0.000362 rb=0.145608 res=0.114154 iters=100 threads=4
[poisson] loops: p0=0.000337 rb=0.146946 res=0.114997 iters=100 threads=4
[poisson] loops: p0=0.000329 rb=0.146076 res=0.114226 iters=100 threads=4
[poisson] loops: p0=0.000328 rb=0.146498 res=0.114929 iters=100 threads=4
[poisson] loops: p0=0.000329 rb=0.146632 res=0.115242 iters=100 threads=4
[poisson] loops: p0=0.000335 rb=0.147359 res=0.115323 iters=100 threads=4
[poisson] loops: p0=0.000329 rb=0.147070 res=0.115320 iters=100 threads=4
[poisson] loops: p0=0.000342 rb=0.146693 res=0.114961 iters=100 threads=4
[poisson] loops: p0=0.000367 rb=0.146732 res=0.115027 iters=100 threads=4
[poisson] loops: p0=0.000328 rb=0.146431 res=0.114345 iters=100 threads=4
[poisson] loops: p0=0.000329 rb=0.147027 res=0.115141 iters=100 threads=4
[poisson] loops: p0=0.000359 rb=0.146299 res=0.114861 iters=100 threads=4
[poisson] loops: p0=0.000337 rb=0.146831 res=0.115464 iters=100 threads=4
[poisson] loops: p0=0.000330 rb=0.146301 res=0.114861 iters=100 threads=4
Simulation complete.
Elapsed time: 136.443 sec 
