Could not open file 'no_such_file.bin': No such file or directory
Generating default state instead.
[poisson] loops: p0=0.000203 rb=0.041279 res=0.033187 iters=100 threads=4
[poisson] loops: p0=0.000110 rb=0.063071 res=0.054644 iters=100 threads=4
[poisson] loops: p0=0.000159 rb=0.167979 res=0.082981 iters=100 threads=4
[poisson] loops: p0=0.000207 rb=0.324263 res=0.143695 iters=100 threads=4
[poisson] loops: p0=0.000249 rb=0.090744 res=0.097832 iters=100 threads=4
[poisson] loops: p0=0.000274 rb=0.036879 res=0.051932 iters=100 threads=4
[poisson] loops: p0=0.000302 rb=0.037228 res=0.036195 iters=100 threads=4
[poisson] loops: p0=0.000147 rb=0.037040 res=0.029223 iters=100 threads=4
[poisson] loops: p0=0.000081 rb=0.037036 res=0.029197 iters=100 threads=4
[poisson] loops: p0=0.000079 rb=0.036859 res=0.029038 iters=100 threads=4
[poisson] loops: p0=0.000079 rb=0.037387 res=0.029425 iters=100 threads=4
[poisson] loops: p0=0.000081 rb=0.037031 res=0.029299 iters=100 threads=4
[poisson] loops: p0=0.000081 rb=0.036672 res=0.028941 iters=100 threads=4
[poisson] loops: p0=0.000079 rb=0.037000 res=0.028969 iters=100 threads=4
[poisson] loops: p0=0.000079 rb=0.037360 res=0.029308 iters=100 threads=4
[poisson] loops: p0=0.000079 rb=0.037144 res=0.029185 iters=100 threads=4
[poisson] loops: p0=0.000081 rb=0.036990 res=0.029353 iters=100 threads=4
[poisson] loops: p0=0.000081 rb=0.037099 res=0.029185 iters=100 threads=4
[poisson] loops: p0=0.000079 rb=0.036698 res=0.029006 iters=100 threads=4
[poisson] loops: p0=0.000079 rb=0.037066 res=0.029174 iters=100 threads=4
[poisson] loops: p0=0.000081 rb=0.036989 res=0.029352 iters=100 threads=4
[poisson] loops: p0=0.000081 rb=0.037127 res=0.029200 iters=100 threads=4
[poisson] loops: p0=0.000081 rb=0.037326 res=0.029191 iters=100 threads=4
[poisson] loops: p0=0.000081 rb=0.037103 res=0.029317 iters=100 threads=4
[poisson] loops: p0=0.000081 rb=0.037091 res=0.029262 iters=100 threads=4
[poisson] loops: p0=0.000081 rb=0.037076 res=0.029247 iters=100 threads=4
[poisson] loops: p0=0.000081 rb=0.037040 res=0.029300 iters=100 threads=4
[poisson] loops: p0=0.000081 rb=0.037171 res=0.029143 iters=100 threads=4
[poisson] loops: p0=0.000081 rb=0.036847 res=0.029032 iters=100 threads=4
[poisson] loops: p0=0.000079 rb=0.037022 res=0.029323 iters=100 threads=4
[poisson] loops: p0=0.000081 rb=0.037123 res=0.029201 iters=100 threads=4
[poisson] loops: p0=0.000081 rb=0.037077 res=0.029246 iters=100 threads=4
[poisson] loops: p0=0.000081 rb=0.037141 res=0.029192 iters=100 threads=4
[poisson] loops: p0=0.000081 rb=0.037094 res=0.029322 iters=100 threads=4
[poisson] loops: p0=0.000081 rb=0.036765 res=0.029159 iters=100 threads=4
[poisson] loops: p0=0.000079 rb=0.036843 res=0.028999 iters=100 threads=4
[poisson] loops: p0=0.000079 rb=0.039684 res=0.029239 iters=100 threads=4
[poisson] loops: p0=0.000081 rb=0.037093 res=0.029249 iters=100 threads=4
[poisson] loops: p0=0.000081 rb=0.037036 res=0.029294 iters=100 threads=4
[poisson] loops: p0=0.000081 rb=0.037149 res=0.029204 iters=100 threads=4
[poisson] loops: p0=0.000081 rb=0.037383 res=0.029244 iters=100 threads=4
[poisson] loops: p0=0.000082 rb=0.037032 res=0.029318 iters=100 threads=4
[poisson] loops: p0=0.000081 rb=0.036946 res=0.029096 iters=100 threads=4
[poisson] loops: p0=0.000079 rb=0.036954 res=0.029005 iters=100 threads=4
[poisson] loops: p0=0.000079 rb=0.036742 res=0.029123 iters=100 threads=4
[poisson] loops: p0=0.000079 rb=0.036695 res=0.028706 iters=100 threads=4
[poisson] loops: p0=0.000081 rb=0.036749 res=0.028991 iters=100 threads=4
[poisson] loops: p0=0.000079 rb=0.037009 res=0.029000 iters=100 threads=4
[poisson] loops: p0=0.000079 rb=0.036999 res=0.029188 iters=100 threads=4
[poisson] loops: p0=0.000081 rb=0.037085 res=0.029322 iters=100 threads=4
[poisson] loops: p0=0.000081 rb=0.037088 res=0.029248 iters=100 threads=4
[poisson] loops: p0=0.000081 rb=0.037125 res=0.029215 iters=100 threads=4
[poisson] loops: p0=0.000079 rb=0.036722 res=0.029247 iters=100 threads=4
[poisson] loops: p0=0.000081 rb=0.036990 res=0.029354 iters=100 threads=4
[poisson] loops: p0=0.000081 rb=0.037582 res=0.029192 iters=100 threads=4
[poisson] loops: p0=0.000081 rb=0.036846 res=0.029136 iters=100 threads=4
[poisson] loops: p0=0.000079 rb=0.037168 res=0.029434 iters=100 threads=4
[poisson] loops: p0=0.000079 rb=0.037095 res=0.029189 iters=100 threads=4
[poisson] loops: p0=0.000081 rb=0.036756 res=0.028969 iters=100 threads=4
[poisson] loops: p0=0.000079 rb=0.036955 res=0.029284 iters=100 threads=4
[poisson] loops: p0=0.000079 rb=0.037158 res=0.029164 iters=100 threads=4
[poisson] loops: p0=0.000110 rb=0.036521 res=0.028779 iters=100 threads=4
[poisson] loops: p0=0.000079 rb=0.036833 res=0.028893 iters=100 threads=4
[poisson] loops: p0=0.000079 rb=0.036993 res=0.029107 iters=100 threads=4
[poisson] loops: p0=0.000086 rb=0.037126 res=0.029598 iters=100 threads=4
[poisson] loops: p0=0.000086 rb=0.037431 res=0.029458 iters=100 threads=4
[poisson] loops: p0=0.000084 rb=0.037190 res=0.029153 iters=100 threads=4
[poisson] loops: p0=0.000081 rb=0.037272 res=0.029194 iters=100 threads=4
[poisson] loops: p0=0.000081 rb=0.037040 res=0.029250 iters=100 threads=4
[poisson] loops: p0=0.000081 rb=0.037125 res=0.029195 iters=100 threads=4
[poisson] loops: p0=0.000081 rb=0.036713 res=0.029059 iters=100 threads=4
[poisson] loops: p0=0.000079 rb=0.037134 res=0.029279 iters=100 threads=4
[poisson] loops: p0=0.000093 rb=0.037070 res=0.029542 iters=100 threads=4
[poisson] loops: p0=0.000081 rb=0.037202 res=0.029148 iters=100 threads=4
[poisson] loops: p0=0.000081 rb=0.037083 res=0.029247 iters=100 threads=4
[poisson] loops: p0=0.000081 rb=0.037132 res=0.029204 iters=100 threads=4
[poisson] loops: p0=0.000081 rb=0.037131 res=0.029196 iters=100 threads=4
[poisson] loops: p0=0.000083 rb=0.037064 res=0.029329 iters=100 threads=4
[poisson] loops: p0=0.000081 rb=0.037132 res=0.029196 iters=100 threads=4
[poisson] loops: p0=0.000081 rb=0.037086 res=0.029251 iters=100 threads=4
[poisson] loops: p0=0.000081 rb=0.037167 res=0.029247 iters=100 threads=4
[poisson] loops: p0=0.000081 rb=0.037292 res=0.029146 iters=100 threads=4
[poisson] loops: p0=0.000081 rb=0.037060 res=0.029317 iters=100 threads=4
[poisson] loops: p0=0.000081 rb=0.037086 res=0.029247 iters=100 threads=4
[poisson] loops: p0=0.000081 rb=0.036836 res=0.028953 iters=100 threads=4
[poisson] loops: p0=0.000079 rb=0.036679 res=0.029196 iters=100 threads=4
[poisson] loops: p0=0.000079 rb=0.036754 res=0.029159 iters=100 threads=4
[poisson] loops: p0=0.000079 rb=0.037642 res=0.029055 iters=100 threads=4
[poisson] loops: p0=0.000079 rb=0.037084 res=0.029042 iters=100 threads=4
[poisson] loops: p0=0.000081 rb=0.037090 res=0.029246 iters=100 threads=4
[poisson] loops: p0=0.000081 rb=0.036791 res=0.029229 iters=100 threads=4
[poisson] loops: p0=0.000079 rb=0.036647 res=0.029120 iters=100 threads=4
[poisson] loops: p0=0.000079 rb=0.037006 res=0.028967 iters=100 threads=4
[poisson] loops: p0=0.000079 rb=0.036476 res=0.028837 iters=100 threads=4
[poisson] loops: p0=0.000079 rb=0.037122 res=0.029116 iters=100 threads=4
[poisson] loops: p0=0.000079 rb=0.037070 res=0.029000 iters=100 threads=4
[poisson] loops: p0=0.000081 rb=0.036998 res=0.029143 iters=100 threads=4
[poisson] loops: p0=0.000081 rb=0.037079 res=0.029248 iters=100 threads=4
[poisson] loops: p0=0.000081 rb=0.037125 res=0.029195 iters=100 threads=4
[poisson] loops: p0=0.000081 rb=0.036748 res=0.029023 iters=100 threads=4
[poisson] loops: p0=0.000079 rb=0.036950 res=0.029032 iters=100 threads=4
[poisson] loops: p0=0.000079 rb=0.036816 res=0.029366 iters=100 threads=4
[poisson] loops: p0=0.000081 rb=0.037120 res=0.029195 iters=100 threads=4
[poisson] loops: p0=0.000081 rb=0.036792 res=0.029034 iters=100 threads=4
[poisson] loops: p0=0.000079 rb=0.036729 res=0.028993 iters=100 threads=4
[poisson] loops: p0=0.000079 rb=0.036770 res=0.028814 iters=100 threads=4
[poisson] loops: p0=0.000079 rb=0.036620 res=0.028909 iters=100 threads=4
[poisson] loops: p0=0.000079 rb=0.036762 res=0.028885 iters=100 threads=4
[poisson] loops: p0=0.000079 rb=0.036860 res=0.029057 iters=100 threads=4
[poisson] loops: p0=0.000079 rb=0.037043 res=0.029152 iters=100 threads=4
[poisson] loops: p0=0.000081 rb=0.037125 res=0.029461 iters=100 threads=4
[poisson] loops: p0=0.000081 rb=0.037176 res=0.029321 iters=100 threads=4
[poisson] loops: p0=0.000081 rb=0.037265 res=0.029194 iters=100 threads=4
[poisson] loops: p0=0.000081 rb=0.037128 res=0.029197 iters=100 threads=4
[poisson] loops: p0=0.000081 rb=0.037039 res=0.029295 iters=100 threads=4
[poisson] loops: p0=0.000081 rb=0.037009 res=0.029029 iters=100 threads=4
[poisson] loops: p0=0.000099 rb=0.037002 res=0.029193 iters=100 threads=4
[poisson] loops: p0=0.000081 rb=0.037050 res=0.029308 iters=100 threads=4
[poisson] loops: p0=0.000081 rb=0.037125 res=0.029198 iters=100 threads=4
[poisson] loops: p0=0.000081 rb=0.036826 res=0.028997 iters=100 threads=4
[poisson] loops: p0=0.000079 rb=0.036922 res=0.028975 iters=100 threads=4
[poisson] loops: p0=0.000079 rb=0.036812 res=0.029306 iters=100 threads=4
[poisson] loops: p0=0.000079 rb=0.036928 res=0.029022 iters=100 threads=4
[poisson] loops: p0=0.000083 rb=0.037059 res=0.029200 iters=100 threads=4
[poisson] loops: p0=0.000081 rb=0.037332 res=0.028964 iters=100 threads=4
[poisson] loops: p0=0.000081 rb=0.036964 res=0.029078 iters=100 threads=4
[poisson] loops: p0=0.000081 rb=0.037211 res=0.029258 iters=100 threads=4
[poisson] loops: p0=0.000081 rb=0.037034 res=0.029298 iters=100 threads=4
[poisson] loops: p0=0.000081 rb=0.036780 res=0.028899 iters=100 threads=4
[poisson] loops: p0=0.000079 rb=0.036756 res=0.028883 iters=100 threads=4
[poisson] loops: p0=0.000079 rb=0.036925 res=0.029356 iters=100 threads=4
[poisson] loops: p0=0.000079 rb=0.037015 res=0.029273 iters=100 threads=4
[poisson] loops: p0=0.000081 rb=0.037170 res=0.029210 iters=100 threads=4
[poisson] loops: p0=0.000079 rb=0.036702 res=0.028907 iters=100 threads=4
[poisson] loops: p0=0.000079 rb=0.036623 res=0.028942 iters=100 threads=4
[poisson] loops: p0=0.000100 rb=0.036636 res=0.028717 iters=100 threads=4
[poisson] loops: p0=0.000079 rb=0.036888 res=0.028748 iters=100 threads=4
[poisson] loops: p0=0.000079 rb=0.036719 res=0.029009 iters=100 threads=4
[poisson] loops: p0=0.000110 rb=0.036801 res=0.028862 iters=100 threads=4
[poisson] loops: p0=0.000081 rb=0.036981 res=0.029161 iters=100 threads=4
[poisson] loops: p0=0.000081 rb=0.037125 res=0.029197 iters=100 threads=4
[poisson] loops: p0=0.000081 rb=0.037001 res=0.029077 iters=100 threads=4
[poisson] loops: p0=0.000079 rb=0.036373 res=0.028948 iters=100 threads=4
[poisson] loops: p0=0.000079 rb=0.036671 res=0.029050 iters=100 threads=4
[poisson] loops: p0=0.000079 rb=0.036969 res=0.028672 iters=100 threads=4
[poisson] loops: p0=0.000079 rb=0.036767 res=0.028945 iters=100 threads=4
[poisson] loops: p0=0.000079 rb=0.036668 res=0.029148 iters=100 threads=4
[poisson] loops: p0=0.000079 rb=0.036424 res=0.028882 iters=100 threads=4
[poisson] loops: p0=0.000079 rb=0.036547 res=0.028816 iters=100 threads=4
[poisson] loops: p0=0.000079 rb=0.036595 res=0.028949 iters=100 threads=4
[poisson] loops: p0=0.000079 rb=0.036604 res=0.028788 iters=100 threads=4
[poisson] loops: p0=0.000079 rb=0.036638 res=0.028817 iters=100 threads=4
[poisson] loops: p0=0.000079 rb=0.036962 res=0.029284 iters=100 threads=4
[poisson] loops: p0=0.000079 rb=0.036917 res=0.029341 iters=100 threads=4
[poisson] loops: p0=0.000079 rb=0.037075 res=0.029336 iters=100 threads=4
[poisson] loops: p0=0.000083 rb=0.037190 res=0.029137 iters=100 threads=4
[poisson] loops: p0=0.000081 rb=0.037085 res=0.029350 iters=100 threads=4
[poisson] loops: p0=0.000081 rb=0.037123 res=0.029199 iters=100 threads=4
[poisson] loops: p0=0.000081 rb=0.037075 res=0.029244 iters=100 threads=4
[poisson] loops: p0=0.000081 rb=0.037083 res=0.029247 iters=100 threads=4
[poisson] loops: p0=0.000081 rb=0.037145 res=0.029205 iters=100 threads=4
[poisson] loops: p0=0.000081 rb=0.037031 res=0.029312 iters=100 threads=4
[poisson] loops: p0=0.000081 rb=0.037125 res=0.029525 iters=100 threads=4
[poisson] loops: p0=0.000085 rb=0.037120 res=0.029556 iters=100 threads=4
[poisson] loops: p0=0.000082 rb=0.037102 res=0.029485 iters=100 threads=4
[poisson] loops: p0=0.000082 rb=0.045908 res=0.030676 iters=100 threads=4
[poisson] loops: p0=0.000084 rb=0.044778 res=0.035722 iters=100 threads=4
[poisson] loops: p0=0.000087 rb=0.040961 res=0.035338 iters=100 threads=4
[poisson] loops: p0=0.000089 rb=0.037267 res=0.029238 iters=100 threads=4
[poisson] loops: p0=0.000083 rb=0.037173 res=0.029253 iters=100 threads=4
[poisson] loops: p0=0.000081 rb=0.037059 res=0.029340 iters=100 threads=4
[poisson] loops: p0=0.000082 rb=0.037124 res=0.029265 iters=100 threads=4
[poisson] loops: p0=0.000083 rb=0.037185 res=0.029153 iters=100 threads=4
[poisson] loops: p0=0.000081 rb=0.037038 res=0.029252 iters=100 threads=4
[poisson] loops: p0=0.000081 rb=0.037107 res=0.029217 iters=100 threads=4
[poisson] loops: p0=0.000081 rb=0.037017 res=0.029216 iters=100 threads=4
[poisson] loops: p0=0.000081 rb=0.037109 res=0.029142 iters=100 threads=4
[poisson] loops: p0=0.000079 rb=0.036474 res=0.028914 iters=100 threads=4
[poisson] loops: p0=0.000079 rb=0.036593 res=0.028924 iters=100 threads=4
[poisson] loops: p0=0.000079 rb=0.037333 res=0.029309 iters=100 threads=4
[poisson] loops: p0=0.000083 rb=0.037067 res=0.029214 iters=100 threads=4
[poisson] loops: p0=0.000081 rb=0.037062 res=0.029216 iters=100 threads=4
[poisson] loops: p0=0.000081 rb=0.037081 res=0.029180 iters=100 threads=4
[poisson] loops: p0=0.000081 rb=0.037043 res=0.029218 iters=100 threads=4
[poisson] loops: p0=0.000081 rb=0.037054 res=0.029214 iters=100 threads=4
[poisson] loops: p0=0.000081 rb=0.037154 res=0.029186 iters=100 threads=4
[poisson] loops: p0=0.000079 rb=0.037181 res=0.029356 iters=100 threads=4
[poisson] loops: p0=0.000081 rb=0.037324 res=0.029231 iters=100 threads=4
[poisson] loops: p0=0.000081 rb=0.037051 res=0.029220 iters=100 threads=4
[poisson] loops: p0=0.000081 rb=0.037116 res=0.029254 iters=100 threads=4
[poisson] loops: p0=0.000082 rb=0.037093 res=0.029189 iters=100 threads=4
[poisson] loops: p0=0.000086 rb=0.037027 res=0.029357 iters=100 threads=4
[poisson] loops: p0=0.000082 rb=0.037111 res=0.029235 iters=100 threads=4
[poisson] loops: p0=0.000083 rb=0.037263 res=0.029209 iters=100 threads=4
[poisson] loops: p0=0.000083 rb=0.037060 res=0.029216 iters=100 threads=4
[poisson] loops: p0=0.000081 rb=0.037054 res=0.029221 iters=100 threads=4
[poisson] loops: p0=0.000081 rb=0.037046 res=0.029212 iters=100 threads=4
[poisson] loops: p0=0.000081 rb=0.037068 res=0.029181 iters=100 threads=4
[poisson] loops: p0=0.000081 rb=0.038150 res=0.031211 iters=100 threads=4
[poisson] loops: p0=0.000081 rb=0.038964 res=0.029601 iters=100 threads=4
[poisson] loops: p0=0.000085 rb=0.037307 res=0.029259 iters=100 threads=4
[poisson] loops: p0=0.000087 rb=0.037217 res=0.029211 iters=100 threads=4
[poisson] loops: p0=0.000081 rb=0.037017 res=0.029373 iters=100 threads=4
[poisson] loops: p0=0.000081 rb=0.037125 res=0.029219 iters=100 threads=4
[poisson] loops: p0=0.000081 rb=0.037193 res=0.029233 iters=100 threads=4
[poisson] loops: p0=0.000081 rb=0.037200 res=0.029370 iters=100 threads=4
Simulation complete.
Elapsed time: 15.0576 sec 
