Could not open file 'no_such_file.bin': No such file or directory
Generating default state instead.
[poisson] loops: p0=0.000336 rb=0.571889 res=0.116146 iters=100 threads=1
[poisson] loops: p0=0.000408 rb=0.620366 res=0.156232 iters=100 threads=1
[poisson] loops: p0=0.000502 rb=0.682843 res=0.206659 iters=100 threads=1
[poisson] loops: p0=0.000600 rb=0.953099 res=0.267421 iters=100 threads=1
[poisson] loops: p0=0.000705 rb=1.575049 res=0.366586 iters=100 threads=1
[poisson] loops: p0=0.000769 rb=2.283128 res=0.468715 iters=100 threads=1
[poisson] loops: p0=0.000753 rb=2.926971 res=0.608532 iters=100 threads=1
[poisson] loops: p0=0.000818 rb=2.822466 res=0.889570 iters=100 threads=1
[poisson] loops: p0=0.000860 rb=2.450773 res=1.344350 iters=100 threads=1
[poisson] loops: p0=0.000872 rb=2.111343 res=1.292683 iters=100 threads=1
[poisson] loops: p0=0.000919 rb=1.780864 res=1.109709 iters=100 threads=1
[poisson] loops: p0=0.000955 rb=1.474032 res=0.937339 iters=100 threads=1
[poisson] loops: p0=0.000961 rb=1.175028 res=0.770173 iters=100 threads=1
[poisson] loops: p0=0.000984 rb=0.894159 res=0.591745 iters=100 threads=1
[poisson] loops: p0=0.001038 rb=0.630681 res=0.369081 iters=100 threads=1
[poisson] loops: p0=0.001055 rb=0.568227 res=0.197404 iters=100 threads=1
[poisson] loops: p0=0.001047 rb=0.568923 res=0.197605 iters=100 threads=1
[poisson] loops: p0=0.001067 rb=0.564855 res=0.198335 iters=100 threads=1
[poisson] loops: p0=0.001132 rb=0.563443 res=0.200170 iters=100 threads=1
[poisson] loops: p0=0.001208 rb=0.584812 res=0.207705 iters=100 threads=1
[poisson] loops: p0=0.001197 rb=0.576005 res=0.176704 iters=100 threads=1
[poisson] loops: p0=0.001152 rb=0.579203 res=0.147147 iters=100 threads=1
[poisson] loops: p0=0.000896 rb=0.572568 res=0.117439 iters=100 threads=1
[poisson] loops: p0=0.000664 rb=0.576120 res=0.114210 iters=100 threads=1
[poisson] loops: p0=0.000363 rb=0.562823 res=0.111213 iters=100 threads=1
[poisson] loops: p0=0.000323 rb=0.577603 res=0.114698 iters=100 threads=1
[poisson] loops: p0=0.000337 rb=0.564517 res=0.111877 iters=100 threads=1
[poisson] loops: p0=0.000321 rb=0.563707 res=0.111559 iters=100 threads=1
[poisson] loops: p0=0.000331 rb=0.566105 res=0.112076 iters=100 threads=1
[poisson] loops: p0=0.000329 rb=0.564638 res=0.111751 iters=100 threads=1
[poisson] loops: p0=0.000321 rb=0.565370 res=0.111699 iters=100 threads=1
[poisson] loops: p0=0.000327 rb=0.565827 res=0.112003 iters=100 threads=1
[poisson] loops: p0=0.000332 rb=0.566161 res=0.112041 iters=100 threads=1
[poisson] loops: p0=0.000326 rb=0.566226 res=0.112120 iters=100 threads=1
[poisson] loops: p0=0.000320 rb=0.570292 res=0.113053 iters=100 threads=1
[poisson] loops: p0=0.000335 rb=0.565559 res=0.111960 iters=100 threads=1
[poisson] loops: p0=0.000321 rb=0.562998 res=0.111312 iters=100 threads=1
[poisson] loops: p0=0.000322 rb=0.564623 res=0.111638 iters=100 threads=1
[poisson] loops: p0=0.000320 rb=0.563808 res=0.111640 iters=100 threads=1
[poisson] loops: p0=0.000322 rb=0.563770 res=0.111412 iters=100 threads=1
[poisson] loops: p0=0.000329 rb=0.566885 res=0.111924 iters=100 threads=1
[poisson] loops: p0=0.000322 rb=0.565610 res=0.111973 iters=100 threads=1
[poisson] loops: p0=0.000332 rb=0.564534 res=0.111725 iters=100 threads=1
[poisson] loops: p0=0.000354 rb=0.563990 res=0.111456 iters=100 threads=1
[poisson] loops: p0=0.000333 rb=0.565780 res=0.111875 iters=100 threads=1
[poisson] loops: p0=0.000322 rb=0.564382 res=0.111609 iters=100 threads=1
[poisson] loops: p0=0.000322 rb=0.564371 res=0.111444 iters=100 threads=1
[poisson] loops: p0=0.000331 rb=0.563446 res=0.111698 iters=100 threads=1
[poisson] loops: p0=0.000331 rb=0.561367 res=0.110789 iters=100 threads=1
[poisson] loops: p0=0.000337 rb=0.568652 res=0.112339 iters=100 threads=1
[poisson] loops: p0=0.000321 rb=0.563853 res=0.111246 iters=100 threads=1
[poisson] loops: p0=0.000329 rb=0.562697 res=0.111073 iters=100 threads=1
[poisson] loops: p0=0.000329 rb=0.567771 res=0.112393 iters=100 threads=1
[poisson] loops: p0=0.000319 rb=0.566067 res=0.111774 iters=100 threads=1
[poisson] loops: p0=0.000320 rb=0.562086 res=0.111389 iters=100 threads=1
[poisson] loops: p0=0.000324 rb=0.564011 res=0.111745 iters=100 threads=1
[poisson] loops: p0=0.000331 rb=0.566587 res=0.112136 iters=100 threads=1
[poisson] loops: p0=0.000325 rb=0.562394 res=0.110788 iters=100 threads=1
[poisson] loops: p0=0.000333 rb=0.563317 res=0.111569 iters=100 threads=1
[poisson] loops: p0=0.000319 rb=0.564852 res=0.112022 iters=100 threads=1
[poisson] loops: p0=0.000323 rb=0.565294 res=0.112180 iters=100 threads=1
[poisson] loops: p0=0.000323 rb=0.567478 res=0.112465 iters=100 threads=1
[poisson] loops: p0=0.000333 rb=0.564171 res=0.111886 iters=100 threads=1
[poisson] loops: p0=0.000328 rb=0.562673 res=0.111599 iters=100 threads=1
[poisson] loops: p0=0.000321 rb=0.563693 res=0.111470 iters=100 threads=1
[poisson] loops: p0=0.000329 rb=0.564824 res=0.111416 iters=100 threads=1
[poisson] loops: p0=0.000321 rb=0.564097 res=0.111654 iters=100 threads=1
[poisson] loops: p0=0.000320 rb=0.564786 res=0.111557 iters=100 threads=1
[poisson] loops: p0=0.000326 rb=0.564276 res=0.111693 iters=100 threads=1
[poisson] loops: p0=0.000319 rb=0.561055 res=0.110767 iters=100 threads=1
[poisson] loops: p0=0.000324 rb=0.560204 res=0.110459 iters=100 threads=1
[poisson] loops: p0=0.000323 rb=0.564941 res=0.111852 iters=100 threads=1
[poisson] loops: p0=0.000322 rb=0.560163 res=0.110791 iters=100 threads=1
[poisson] loops: p0=0.000322 rb=0.564654 res=0.111752 iters=100 threads=1
[poisson] loops: p0=0.000331 rb=0.567686 res=0.112334 iters=100 threads=1
[poisson] loops: p0=0.000322 rb=0.565069 res=0.111691 iters=100 threads=1
[poisson] loops: p0=0.000321 rb=0.563015 res=0.111338 iters=100 threads=1
[poisson] loops: p0=0.000323 rb=0.567111 res=0.111943 iters=100 threads=1
[poisson] loops: p0=0.000320 rb=0.565689 res=0.111931 iters=100 threads=1
[poisson] loops: p0=0.000332 rb=0.562086 res=0.110933 iters=100 threads=1
[poisson] loops: p0=0.000350 rb=0.562939 res=0.112083 iters=100 threads=1
[poisson] loops: p0=0.000328 rb=0.563836 res=0.111451 iters=100 threads=1
[poisson] loops: p0=0.000328 rb=0.563085 res=0.111491 iters=100 threads=1
[poisson] loops: p0=0.000331 rb=0.566208 res=0.111923 iters=100 threads=1
[poisson] loops: p0=0.000331 rb=0.566040 res=0.111807 iters=100 threads=1
[poisson] loops: p0=0.000328 rb=0.563555 res=0.111435 iters=100 threads=1
[poisson] loops: p0=0.000329 rb=0.563081 res=0.111571 iters=100 threads=1
[poisson] loops: p0=0.000353 rb=0.564742 res=0.111748 iters=100 threads=1
[poisson] loops: p0=0.000328 rb=0.564895 res=0.111780 iters=100 threads=1
[poisson] loops: p0=0.000320 rb=0.575056 res=0.113732 iters=100 threads=1
[poisson] loops: p0=0.000331 rb=0.575422 res=0.114267 iters=100 threads=1
[poisson] loops: p0=0.000322 rb=0.576335 res=0.114305 iters=100 threads=1
[poisson] loops: p0=0.000349 rb=0.588785 res=0.116101 iters=100 threads=1
[poisson] loops: p0=0.000331 rb=0.587039 res=0.116369 iters=100 threads=1
[poisson] loops: p0=0.000349 rb=0.580538 res=0.115563 iters=100 threads=1
[poisson] loops: p0=0.000335 rb=0.574853 res=0.113904 iters=100 threads=1
[poisson] loops: p0=0.000373 rb=0.567974 res=0.112690 iters=100 threads=1
[poisson] loops: p0=0.000321 rb=0.566051 res=0.111892 iters=100 threads=1
[poisson] loops: p0=0.000323 rb=0.567753 res=0.112295 iters=100 threads=1
[poisson] loops: p0=0.000332 rb=0.562923 res=0.111456 iters=100 threads=1
[poisson] loops: p0=0.000333 rb=0.566439 res=0.112043 iters=100 threads=1
[poisson] loops: p0=0.000322 rb=0.566254 res=0.112072 iters=100 threads=1
[poisson] loops: p0=0.000321 rb=0.562759 res=0.111327 iters=100 threads=1
[poisson] loops: p0=0.000332 rb=0.566452 res=0.111947 iters=100 threads=1
[poisson] loops: p0=0.000322 rb=0.566857 res=0.111918 iters=100 threads=1
[poisson] loops: p0=0.000332 rb=0.565082 res=0.111918 iters=100 threads=1
[poisson] loops: p0=0.000323 rb=0.567085 res=0.112368 iters=100 threads=1
[poisson] loops: p0=0.000328 rb=0.566671 res=0.111997 iters=100 threads=1
[poisson] loops: p0=0.000337 rb=0.563089 res=0.111575 iters=100 threads=1
[poisson] loops: p0=0.000331 rb=0.562954 res=0.111867 iters=100 threads=1
[poisson] loops: p0=0.000323 rb=0.567207 res=0.112133 iters=100 threads=1
[poisson] loops: p0=0.000329 rb=0.564401 res=0.111597 iters=100 threads=1
[poisson] loops: p0=0.000329 rb=0.563647 res=0.111445 iters=100 threads=1
[poisson] loops: p0=0.000348 rb=0.562811 res=0.111375 iters=100 threads=1
[poisson] loops: p0=0.000323 rb=0.564466 res=0.111782 iters=100 threads=1
[poisson] loops: p0=0.000331 rb=0.562935 res=0.111385 iters=100 threads=1
[poisson] loops: p0=0.000331 rb=0.560968 res=0.110996 iters=100 threads=1
[poisson] loops: p0=0.000325 rb=0.562642 res=0.111397 iters=100 threads=1
[poisson] loops: p0=0.000321 rb=0.561548 res=0.110749 iters=100 threads=1
[poisson] loops: p0=0.000329 rb=0.562935 res=0.111505 iters=100 threads=1
[poisson] loops: p0=0.000321 rb=0.563427 res=0.111529 iters=100 threads=1
[poisson] loops: p0=0.000321 rb=0.562444 res=0.111199 iters=100 threads=1
[poisson] loops: p0=0.000330 rb=0.565717 res=0.111771 iters=100 threads=1
[poisson] loops: p0=0.000348 rb=0.561473 res=0.111167 iters=100 threads=1
[poisson] loops: p0=0.000328 rb=0.564660 res=0.111751 iters=100 threads=1
[poisson] loops: p0=0.000331 rb=0.565784 res=0.111910 iters=100 threads=1
[poisson] loops: p0=0.000322 rb=0.562095 res=0.111481 iters=100 threads=1
[poisson] loops: p0=0.000332 rb=0.566422 res=0.112273 iters=100 threads=1
[poisson] loops: p0=0.000329 rb=0.563266 res=0.111294 iters=100 threads=1
[poisson] loops: p0=0.000323 rb=0.562198 res=0.111030 iters=100 threads=1
[poisson] loops: p0=0.000319 rb=0.564645 res=0.111815 iters=100 threads=1
[poisson] loops: p0=0.000319 rb=0.567606 res=0.112264 iters=100 threads=1
[poisson] loops: p0=0.000324 rb=0.562927 res=0.111190 iters=100 threads=1
[poisson] loops: p0=0.000351 rb=0.567142 res=0.112185 iters=100 threads=1
[poisson] loops: p0=0.000332 rb=0.564244 res=0.111442 iters=100 threads=1
[poisson] loops: p0=0.000322 rb=0.562240 res=0.111438 iters=100 threads=1
[poisson] loops: p0=0.000322 rb=0.566928 res=0.112084 iters=100 threads=1
[poisson] loops: p0=0.000327 rb=0.565860 res=0.111894 iters=100 threads=1
[poisson] loops: p0=0.000331 rb=0.561715 res=0.111402 iters=100 threads=1
[poisson] loops: p0=0.000334 rb=0.563756 res=0.111392 iters=100 threads=1
[poisson] loops: p0=0.000352 rb=0.565345 res=0.111997 iters=100 threads=1
[poisson] loops: p0=0.000328 rb=0.567105 res=0.112243 iters=100 threads=1
[poisson] loops: p0=0.000328 rb=0.564345 res=0.111739 iters=100 threads=1
[poisson] loops: p0=0.000329 rb=0.564431 res=0.111461 iters=100 threads=1
[poisson] loops: p0=0.000331 rb=0.566252 res=0.112032 iters=100 threads=1
[poisson] loops: p0=0.000321 rb=0.561769 res=0.111444 iters=100 threads=1
[poisson] loops: p0=0.000333 rb=0.563083 res=0.111406 iters=100 threads=1
[poisson] loops: p0=0.000330 rb=0.562976 res=0.111570 iters=100 threads=1
[poisson] loops: p0=0.000352 rb=0.565905 res=0.111994 iters=100 threads=1
[poisson] loops: p0=0.000328 rb=0.564553 res=0.112058 iters=100 threads=1
[poisson] loops: p0=0.000328 rb=0.566022 res=0.112058 iters=100 threads=1
[poisson] loops: p0=0.000332 rb=0.565096 res=0.111665 iters=100 threads=1
[poisson] loops: p0=0.000331 rb=0.565994 res=0.111746 iters=100 threads=1
[poisson] loops: p0=0.000324 rb=0.565577 res=0.111775 iters=100 threads=1
[poisson] loops: p0=0.000328 rb=0.564893 res=0.111661 iters=100 threads=1
[poisson] loops: p0=0.000331 rb=0.567484 res=0.112177 iters=100 threads=1
[poisson] loops: p0=0.000324 rb=0.564729 res=0.111905 iters=100 threads=1
[poisson] loops: p0=0.000325 rb=0.562068 res=0.111847 iters=100 threads=1
[poisson] loops: p0=0.000332 rb=0.566221 res=0.112084 iters=100 threads=1
[poisson] loops: p0=0.000337 rb=0.563555 res=0.111706 iters=100 threads=1
[poisson] loops: p0=0.000320 rb=0.563429 res=0.111296 iters=100 threads=1
[poisson] loops: p0=0.000321 rb=0.564581 res=0.111567 iters=100 threads=1
[poisson] loops: p0=0.000323 rb=0.562209 res=0.111176 iters=100 threads=1
[poisson] loops: p0=0.000321 rb=0.566986 res=0.112137 iters=100 threads=1
[poisson] loops: p0=0.000321 rb=0.563033 res=0.111238 iters=100 threads=1
[poisson] loops: p0=0.000322 rb=0.565303 res=0.111778 iters=100 threads=1
[poisson] loops: p0=0.000321 rb=0.562950 res=0.111716 iters=100 threads=1
[poisson] loops: p0=0.000333 rb=0.565068 res=0.111838 iters=100 threads=1
[poisson] loops: p0=0.000326 rb=0.564429 res=0.112077 iters=100 threads=1
[poisson] loops: p0=0.000322 rb=0.561838 res=0.111032 iters=100 threads=1
[poisson] loops: p0=0.000333 rb=0.562789 res=0.111553 iters=100 threads=1
[poisson] loops: p0=0.000325 rb=0.572240 res=0.113211 iters=100 threads=1
[poisson] loops: p0=0.000331 rb=0.565995 res=0.112154 iters=100 threads=1
[poisson] loops: p0=0.000331 rb=0.563230 res=0.111616 iters=100 threads=1
[poisson] loops: p0=0.000324 rb=0.563243 res=0.111402 iters=100 threads=1
[poisson] loops: p0=0.000322 rb=0.565598 res=0.111645 iters=100 threads=1
[poisson] loops: p0=0.000323 rb=0.559580 res=0.111048 iters=100 threads=1
[poisson] loops: p0=0.000329 rb=0.563707 res=0.111369 iters=100 threads=1
[poisson] loops: p0=0.000322 rb=0.564647 res=0.111846 iters=100 threads=1
[poisson] loops: p0=0.000333 rb=0.561186 res=0.110975 iters=100 threads=1
[poisson] loops: p0=0.000318 rb=0.563829 res=0.111359 iters=100 threads=1
[poisson] loops: p0=0.000321 rb=0.563329 res=0.111558 iters=100 threads=1
[poisson] loops: p0=0.000372 rb=0.565396 res=0.112003 iters=100 threads=1
[poisson] loops: p0=0.000330 rb=0.566692 res=0.112055 iters=100 threads=1
[poisson] loops: p0=0.000356 rb=0.564932 res=0.111719 iters=100 threads=1
[poisson] loops: p0=0.000321 rb=0.564816 res=0.111541 iters=100 threads=1
[poisson] loops: p0=0.000330 rb=0.561752 res=0.111200 iters=100 threads=1
[poisson] loops: p0=0.000354 rb=0.563948 res=0.111728 iters=100 threads=1
[poisson] loops: p0=0.000321 rb=0.561738 res=0.111142 iters=100 threads=1
[poisson] loops: p0=0.000330 rb=0.563103 res=0.111259 iters=100 threads=1
[poisson] loops: p0=0.000331 rb=0.568067 res=0.112461 iters=100 threads=1
[poisson] loops: p0=0.000329 rb=0.564799 res=0.111635 iters=100 threads=1
[poisson] loops: p0=0.000328 rb=0.566383 res=0.111949 iters=100 threads=1
[poisson] loops: p0=0.000332 rb=0.565554 res=0.111878 iters=100 threads=1
[poisson] loops: p0=0.000323 rb=0.565853 res=0.111813 iters=100 threads=1
[poisson] loops: p0=0.000329 rb=0.560684 res=0.111011 iters=100 threads=1
[poisson] loops: p0=0.000324 rb=0.563218 res=0.111097 iters=100 threads=1
[poisson] loops: p0=0.000320 rb=0.563355 res=0.111368 iters=100 threads=1
[poisson] loops: p0=0.000329 rb=0.562315 res=0.110998 iters=100 threads=1
[poisson] loops: p0=0.000329 rb=0.567253 res=0.112079 iters=100 threads=1
[poisson] loops: p0=0.000321 rb=0.562081 res=0.110964 iters=100 threads=1
[poisson] loops: p0=0.000324 rb=0.560663 res=0.110848 iters=100 threads=1
[poisson] loops: p0=0.000329 rb=0.564680 res=0.111488 iters=100 threads=1
[poisson] loops: p0=0.000323 rb=0.562979 res=0.111180 iters=100 threads=1
[poisson] loops: p0=0.000324 rb=0.561955 res=0.111066 iters=100 threads=1
[poisson] loops: p0=0.000321 rb=0.563232 res=0.111458 iters=100 threads=1
[poisson] loops: p0=0.000329 rb=0.565529 res=0.111766 iters=100 threads=1
[poisson] loops: p0=0.000330 rb=0.563414 res=0.111539 iters=100 threads=1
[poisson] loops: p0=0.000329 rb=0.567474 res=0.112345 iters=100 threads=1
[poisson] loops: p0=0.000330 rb=0.566887 res=0.112243 iters=100 threads=1
[poisson] loops: p0=0.000320 rb=0.563607 res=0.111305 iters=100 threads=1
[poisson] loops: p0=0.000321 rb=0.563444 res=0.111756 iters=100 threads=1
[poisson] loops: p0=0.000360 rb=0.566253 res=0.112235 iters=100 threads=1
[poisson] loops: p0=0.000330 rb=0.566239 res=0.111760 iters=100 threads=1
[poisson] loops: p0=0.000321 rb=0.565082 res=0.111996 iters=100 threads=1
[poisson] loops: p0=0.000328 rb=0.564181 res=0.111616 iters=100 threads=1
[poisson] loops: p0=0.000325 rb=0.563519 res=0.111177 iters=100 threads=1
[poisson] loops: p0=0.000324 rb=0.561885 res=0.111252 iters=100 threads=1
[poisson] loops: p0=0.000322 rb=0.564373 res=0.111717 iters=100 threads=1
[poisson] loops: p0=0.000335 rb=0.565509 res=0.112024 iters=100 threads=1
[poisson] loops: p0=0.000320 rb=0.566803 res=0.112190 iters=100 threads=1
[poisson] loops: p0=0.000328 rb=0.566636 res=0.111968 iters=100 threads=1
[poisson] loops: p0=0.000334 rb=0.567338 res=0.112257 iters=100 threads=1
[poisson] loops: p0=0.000343 rb=0.562058 res=0.111290 iters=100 threads=1
[poisson] loops: p0=0.000331 rb=0.563951 res=0.111434 iters=100 threads=1
[poisson] loops: p0=0.000321 rb=0.564194 res=0.111598 iters=100 threads=1
[poisson] loops: p0=0.000332 rb=0.562459 res=0.111276 iters=100 threads=1
[poisson] loops: p0=0.000351 rb=0.559432 res=0.110910 iters=100 threads=1
[poisson] loops: p0=0.000321 rb=0.563689 res=0.111468 iters=100 threads=1
[poisson] loops: p0=0.000323 rb=0.561474 res=0.111320 iters=100 threads=1
[poisson] loops: p0=0.000338 rb=0.565373 res=0.111794 iters=100 threads=1
[poisson] loops: p0=0.000321 rb=0.564697 res=0.111419 iters=100 threads=1
[poisson] loops: p0=0.000326 rb=0.562010 res=0.111312 iters=100 threads=1
[poisson] loops: p0=0.000324 rb=0.562807 res=0.111377 iters=100 threads=1
[poisson] loops: p0=0.000330 rb=0.565236 res=0.111648 iters=100 threads=1
[poisson] loops: p0=0.000332 rb=0.563495 res=0.111578 iters=100 threads=1
[poisson] loops: p0=0.000329 rb=0.562574 res=0.111315 iters=100 threads=1
[poisson] loops: p0=0.000321 rb=0.562962 res=0.111753 iters=100 threads=1
[poisson] loops: p0=0.000323 rb=0.566660 res=0.112106 iters=100 threads=1
[poisson] loops: p0=0.000325 rb=0.559427 res=0.110843 iters=100 threads=1
[poisson] loops: p0=0.000351 rb=0.561765 res=0.111024 iters=100 threads=1
[poisson] loops: p0=0.000322 rb=0.563694 res=0.111713 iters=100 threads=1
[poisson] loops: p0=0.000320 rb=0.563611 res=0.111624 iters=100 threads=1
[poisson] loops: p0=0.000325 rb=0.566162 res=0.111591 iters=100 threads=1
[poisson] loops: p0=0.000325 rb=0.562220 res=0.111073 iters=100 threads=1
[poisson] loops: p0=0.000321 rb=0.563703 res=0.111927 iters=100 threads=1
[poisson] loops: p0=0.000326 rb=0.561757 res=0.111141 iters=100 threads=1
[poisson] loops: p0=0.000324 rb=0.568717 res=0.112566 iters=100 threads=1
[poisson] loops: p0=0.000351 rb=0.585243 res=0.117096 iters=100 threads=1
[poisson] loops: p0=0.000337 rb=0.582637 res=0.116343 iters=100 threads=1
[poisson] loops: p0=0.000347 rb=0.582620 res=0.116091 iters=100 threads=1
[poisson] loops: p0=0.000345 rb=0.575305 res=0.114002 iters=100 threads=1
[poisson] loops: p0=0.000378 rb=0.577289 res=0.114372 iters=100 threads=1
[poisson] loops: p0=0.000335 rb=0.582730 res=0.116442 iters=100 threads=1
[poisson] loops: p0=0.000334 rb=0.573698 res=0.113860 iters=100 threads=1
[poisson] loops: p0=0.000346 rb=0.580241 res=0.115644 iters=100 threads=1
[poisson] loops: p0=0.000333 rb=0.570140 res=0.112793 iters=100 threads=1
[poisson] loops: p0=0.000336 rb=0.567826 res=0.112328 iters=100 threads=1
[poisson] loops: p0=0.000320 rb=0.568182 res=0.112498 iters=100 threads=1
[poisson] loops: p0=0.000376 rb=0.570623 res=0.112751 iters=100 threads=1
[poisson] loops: p0=0.000334 rb=0.572989 res=0.113443 iters=100 threads=1
[poisson] loops: p0=0.000447 rb=0.580882 res=0.115588 iters=100 threads=1
[poisson] loops: p0=0.000334 rb=0.578945 res=0.115549 iters=100 threads=1
[poisson] loops: p0=0.000345 rb=0.587502 res=0.117516 iters=100 threads=1
[poisson] loops: p0=0.000343 rb=0.578782 res=0.114604 iters=100 threads=1
[poisson] loops: p0=0.000328 rb=0.579502 res=0.115926 iters=100 threads=1
[poisson] loops: p0=0.000342 rb=0.584035 res=0.116794 iters=100 threads=1
[poisson] loops: p0=0.000331 rb=0.573916 res=0.113822 iters=100 threads=1
[poisson] loops: p0=0.000322 rb=0.571805 res=0.113571 iters=100 threads=1
[poisson] loops: p0=0.000346 rb=0.585482 res=0.116858 iters=100 threads=1
[poisson] loops: p0=0.000332 rb=0.565854 res=0.111986 iters=100 threads=1
[poisson] loops: p0=0.000321 rb=0.586339 res=0.117463 iters=100 threads=1
[poisson] loops: p0=0.000344 rb=0.586644 res=0.117107 iters=100 threads=1
[poisson] loops: p0=0.000347 rb=0.579612 res=0.115448 iters=100 threads=1
[poisson] loops: p0=0.000337 rb=0.570713 res=0.113097 iters=100 threads=1
[poisson] loops: p0=0.000339 rb=0.574801 res=0.114135 iters=100 threads=1
[poisson] loops: p0=0.000330 rb=0.572950 res=0.113495 iters=100 threads=1
[poisson] loops: p0=0.000342 rb=0.574090 res=0.113660 iters=100 threads=1
[poisson] loops: p0=0.000334 rb=0.583579 res=0.116781 iters=100 threads=1
[poisson] loops: p0=0.000344 rb=0.579951 res=0.115243 iters=100 threads=1
[poisson] loops: p0=0.000336 rb=0.578548 res=0.115150 iters=100 threads=1
[poisson] loops: p0=0.000332 rb=0.585289 res=0.116643 iters=100 threads=1
[poisson] loops: p0=0.000377 rb=0.584044 res=0.116554 iters=100 threads=1
[poisson] loops: p0=0.000338 rb=0.578513 res=0.114960 iters=100 threads=1
[poisson] loops: p0=0.000328 rb=0.569863 res=0.112681 iters=100 threads=1
[poisson] loops: p0=0.000334 rb=0.568295 res=0.112552 iters=100 threads=1
[poisson] loops: p0=0.000330 rb=0.585991 res=0.117313 iters=100 threads=1
[poisson] loops: p0=0.000348 rb=0.578924 res=0.115426 iters=100 threads=1
[poisson] loops: p0=0.000333 rb=0.581004 res=0.115587 iters=100 threads=1
[poisson] loops: p0=0.000345 rb=0.572018 res=0.113249 iters=100 threads=1
[poisson] loops: p0=0.000331 rb=0.572310 res=0.113907 iters=100 threads=1
[poisson] loops: p0=0.000348 rb=0.571755 res=0.113291 iters=100 threads=1
[poisson] loops: p0=0.000329 rb=0.566259 res=0.111923 iters=100 threads=1
[poisson] loops: p0=0.000329 rb=0.564154 res=0.111408 iters=100 threads=1
[poisson] loops: p0=0.000321 rb=0.566712 res=0.112073 iters=100 threads=1
[poisson] loops: p0=0.000325 rb=0.566792 res=0.112427 iters=100 threads=1
[poisson] loops: p0=0.000332 rb=0.563416 res=0.111220 iters=100 threads=1
[poisson] loops: p0=0.000321 rb=0.566316 res=0.111751 iters=100 threads=1
[poisson] loops: p0=0.000349 rb=0.565698 res=0.111673 iters=100 threads=1
[poisson] loops: p0=0.000329 rb=0.564466 res=0.111733 iters=100 threads=1
[poisson] loops: p0=0.000329 rb=0.566468 res=0.112043 iters=100 threads=1
[poisson] loops: p0=0.000325 rb=0.566526 res=0.112056 iters=100 threads=1
[poisson] loops: p0=0.000336 rb=0.562916 res=0.111392 iters=100 threads=1
[poisson] loops: p0=0.000332 rb=0.568871 res=0.112409 iters=100 threads=1
[poisson] loops: p0=0.000323 rb=0.564386 res=0.111820 iters=100 threads=1
[poisson] loops: p0=0.000334 rb=0.568605 res=0.112565 iters=100 threads=1
[poisson] loops: p0=0.000333 rb=0.563244 res=0.111538 iters=100 threads=1
[poisson] loops: p0=0.000321 rb=0.583621 res=0.116533 iters=100 threads=1
[poisson] loops: p0=0.000342 rb=0.582215 res=0.115670 iters=100 threads=1
[poisson] loops: p0=0.000346 rb=0.586317 res=0.117555 iters=100 threads=1
[poisson] loops: p0=0.000346 rb=0.573849 res=0.113757 iters=100 threads=1
[poisson] loops: p0=0.000334 rb=0.562869 res=0.111204 iters=100 threads=1
[poisson] loops: p0=0.000355 rb=0.565024 res=0.111991 iters=100 threads=1
[poisson] loops: p0=0.000322 rb=0.561136 res=0.110943 iters=100 threads=1
[poisson] loops: p0=0.000323 rb=0.561332 res=0.111136 iters=100 threads=1
[poisson] loops: p0=0.000322 rb=0.564370 res=0.111414 iters=100 threads=1
[poisson] loops: p0=0.000322 rb=0.561000 res=0.111083 iters=100 threads=1
[poisson] loops: p0=0.000320 rb=0.562627 res=0.111226 iters=100 threads=1
[poisson] loops: p0=0.000332 rb=0.560531 res=0.110889 iters=100 threads=1
[poisson] loops: p0=0.000322 rb=0.562393 res=0.111222 iters=100 threads=1
[poisson] loops: p0=0.000322 rb=0.567437 res=0.112374 iters=100 threads=1
[poisson] loops: p0=0.000329 rb=0.566040 res=0.112178 iters=100 threads=1
[poisson] loops: p0=0.000329 rb=0.562864 res=0.111097 iters=100 threads=1
[poisson] loops: p0=0.000320 rb=0.562646 res=0.111462 iters=100 threads=1
[poisson] loops: p0=0.000321 rb=0.564228 res=0.111621 iters=100 threads=1
[poisson] loops: p0=0.000330 rb=0.564502 res=0.111768 iters=100 threads=1
[poisson] loops: p0=0.000324 rb=0.562912 res=0.111723 iters=100 threads=1
[poisson] loops: p0=0.000321 rb=0.563349 res=0.111110 iters=100 threads=1
[poisson] loops: p0=0.000322 rb=0.562291 res=0.111706 iters=100 threads=1
[poisson] loops: p0=0.000329 rb=0.566019 res=0.112135 iters=100 threads=1
[poisson] loops: p0=0.000325 rb=0.561942 res=0.111228 iters=100 threads=1
[poisson] loops: p0=0.000333 rb=0.561979 res=0.111194 iters=100 threads=1
[poisson] loops: p0=0.000322 rb=0.565099 res=0.111770 iters=100 threads=1
[poisson] loops: p0=0.000332 rb=0.565729 res=0.111977 iters=100 threads=1
[poisson] loops: p0=0.000332 rb=0.565127 res=0.111884 iters=100 threads=1
[poisson] loops: p0=0.000321 rb=0.566671 res=0.112239 iters=100 threads=1
[poisson] loops: p0=0.000330 rb=0.567413 res=0.112164 iters=100 threads=1
[poisson] loops: p0=0.000330 rb=0.561283 res=0.111364 iters=100 threads=1
[poisson] loops: p0=0.000322 rb=0.559977 res=0.110725 iters=100 threads=1
[poisson] loops: p0=0.000324 rb=0.565507 res=0.112270 iters=100 threads=1
[poisson] loops: p0=0.000337 rb=0.561755 res=0.110826 iters=100 threads=1
[poisson] loops: p0=0.000330 rb=0.563330 res=0.111305 iters=100 threads=1
[poisson] loops: p0=0.000329 rb=0.566436 res=0.112020 iters=100 threads=1
[poisson] loops: p0=0.000332 rb=0.560134 res=0.110682 iters=100 threads=1
[poisson] loops: p0=0.000325 rb=0.563749 res=0.111292 iters=100 threads=1
[poisson] loops: p0=0.000334 rb=0.565268 res=0.111801 iters=100 threads=1
[poisson] loops: p0=0.000325 rb=0.561765 res=0.111259 iters=100 threads=1
[poisson] loops: p0=0.000333 rb=0.563786 res=0.111853 iters=100 threads=1
[poisson] loops: p0=0.000330 rb=0.565437 res=0.112011 iters=100 threads=1
[poisson] loops: p0=0.000329 rb=0.566692 res=0.112251 iters=100 threads=1
[poisson] loops: p0=0.000327 rb=0.564666 res=0.111542 iters=100 threads=1
[poisson] loops: p0=0.000329 rb=0.569917 res=0.113271 iters=100 threads=1
[poisson] loops: p0=0.000321 rb=0.566585 res=0.112185 iters=100 threads=1
[poisson] loops: p0=0.000328 rb=0.570341 res=0.113032 iters=100 threads=1
[poisson] loops: p0=0.000323 rb=0.569482 res=0.112703 iters=100 threads=1
[poisson] loops: p0=0.000323 rb=0.566231 res=0.111767 iters=100 threads=1
[poisson] loops: p0=0.000322 rb=0.565815 res=0.111849 iters=100 threads=1
[poisson] loops: p0=0.000330 rb=0.563099 res=0.111601 iters=100 threads=1
[poisson] loops: p0=0.000330 rb=0.565266 res=0.111776 iters=100 threads=1
[poisson] loops: p0=0.000338 rb=0.565867 res=0.112001 iters=100 threads=1
[poisson] loops: p0=0.000322 rb=0.564233 res=0.111426 iters=100 threads=1
[poisson] loops: p0=0.000322 rb=0.565192 res=0.111946 iters=100 threads=1
[poisson] loops: p0=0.000322 rb=0.563937 res=0.111693 iters=100 threads=1
[poisson] loops: p0=0.000323 rb=0.565465 res=0.112174 iters=100 threads=1
[poisson] loops: p0=0.000322 rb=0.565839 res=0.111810 iters=100 threads=1
[poisson] loops: p0=0.000333 rb=0.566485 res=0.111950 iters=100 threads=1
[poisson] loops: p0=0.000330 rb=0.567006 res=0.112171 iters=100 threads=1
[poisson] loops: p0=0.000329 rb=0.565095 res=0.111734 iters=100 threads=1
[poisson] loops: p0=0.000329 rb=0.567097 res=0.112267 iters=100 threads=1
[poisson] loops: p0=0.000330 rb=0.562840 res=0.111281 iters=100 threads=1
[poisson] loops: p0=0.000331 rb=0.564317 res=0.111568 iters=100 threads=1
[poisson] loops: p0=0.000357 rb=0.566518 res=0.111869 iters=100 threads=1
[poisson] loops: p0=0.000324 rb=0.563742 res=0.111354 iters=100 threads=1
[poisson] loops: p0=0.000332 rb=0.565524 res=0.111810 iters=100 threads=1
[poisson] loops: p0=0.000352 rb=0.570525 res=0.112959 iters=100 threads=1
[poisson] loops: p0=0.000351 rb=0.563522 res=0.111503 iters=100 threads=1
[poisson] loops: p0=0.000335 rb=0.565574 res=0.112023 iters=100 threads=1
[poisson] loops: p0=0.000320 rb=0.564371 res=0.111426 iters=100 threads=1
[poisson] loops: p0=0.000334 rb=0.563973 res=0.111267 iters=100 threads=1
[poisson] loops: p0=0.000321 rb=0.561271 res=0.111160 iters=100 threads=1
[poisson] loops: p0=0.000339 rb=0.564147 res=0.111386 iters=100 threads=1
[poisson] loops: p0=0.000333 rb=0.564976 res=0.111777 iters=100 threads=1
[poisson] loops: p0=0.000329 rb=0.567928 res=0.112347 iters=100 threads=1
[poisson] loops: p0=0.000333 rb=0.567946 res=0.112412 iters=100 threads=1
[poisson] loops: p0=0.000352 rb=0.563324 res=0.111611 iters=100 threads=1
[poisson] loops: p0=0.000322 rb=0.567556 res=0.112386 iters=100 threads=1
[poisson] loops: p0=0.000323 rb=0.563781 res=0.111405 iters=100 threads=1
[poisson] loops: p0=0.000326 rb=0.564916 res=0.111721 iters=100 threads=1
[poisson] loops: p0=0.000331 rb=0.566081 res=0.111941 iters=100 threads=1
[poisson] loops: p0=0.000330 rb=0.573064 res=0.113676 iters=100 threads=1
[poisson] loops: p0=0.000322 rb=0.562248 res=0.111380 iters=100 threads=1
[poisson] loops: p0=0.000325 rb=0.560774 res=0.111276 iters=100 threads=1
[poisson] loops: p0=0.000331 rb=0.567369 res=0.112279 iters=100 threads=1
[poisson] loops: p0=0.000329 rb=0.563954 res=0.111643 iters=100 threads=1
[poisson] loops: p0=0.000325 rb=0.566088 res=0.111821 iters=100 threads=1
[poisson] loops: p0=0.000326 rb=0.565325 res=0.111769 iters=100 threads=1
[poisson] loops: p0=0.000329 rb=0.564283 res=0.111274 iters=100 threads=1
[poisson] loops: p0=0.000353 rb=0.565953 res=0.112125 iters=100 threads=1
[poisson] loops: p0=0.000331 rb=0.561933 res=0.110955 iters=100 threads=1
[poisson] loops: p0=0.000329 rb=0.562510 res=0.111378 iters=100 threads=1
[poisson] loops: p0=0.000324 rb=0.566753 res=0.111925 iters=100 threads=1
[poisson] loops: p0=0.000327 rb=0.565840 res=0.111848 iters=100 threads=1
[poisson] loops: p0=0.000333 rb=0.565558 res=0.111794 iters=100 threads=1
[poisson] loops: p0=0.000324 rb=0.563147 res=0.111236 iters=100 threads=1
[poisson] loops: p0=0.000330 rb=0.563934 res=0.111649 iters=100 threads=1
[poisson] loops: p0=0.000320 rb=0.562462 res=0.111278 iters=100 threads=1
[poisson] loops: p0=0.000321 rb=0.563531 res=0.111350 iters=100 threads=1
[poisson] loops: p0=0.000322 rb=0.562557 res=0.111385 iters=100 threads=1
[poisson] loops: p0=0.000327 rb=0.564540 res=0.112007 iters=100 threads=1
[poisson] loops: p0=0.000329 rb=0.564755 res=0.111676 iters=100 threads=1
[poisson] loops: p0=0.000323 rb=0.561215 res=0.111279 iters=100 threads=1
[poisson] loops: p0=0.000328 rb=0.565401 res=0.111665 iters=100 threads=1
[poisson] loops: p0=0.000323 rb=0.567095 res=0.112379 iters=100 threads=1
[poisson] loops: p0=0.000333 rb=0.564779 res=0.111665 iters=100 threads=1
[poisson] loops: p0=0.000351 rb=0.560410 res=0.111151 iters=100 threads=1
[poisson] loops: p0=0.000320 rb=0.560155 res=0.110885 iters=100 threads=1
[poisson] loops: p0=0.000324 rb=0.566078 res=0.112114 iters=100 threads=1
[poisson] loops: p0=0.000332 rb=0.559915 res=0.111124 iters=100 threads=1
[poisson] loops: p0=0.000321 rb=0.563208 res=0.111551 iters=100 threads=1
[poisson] loops: p0=0.000327 rb=0.563421 res=0.111621 iters=100 threads=1
[poisson] loops: p0=0.000332 rb=0.561940 res=0.111547 iters=100 threads=1
Simulation complete.
Elapsed time: 313.214 sec 
