Could not open file 'no_such_file.bin': No such file or directory
Generating default state instead.
[poisson] loops: p0=0.000086 rb=0.148596 res=0.032047 iters=100 threads=1
[poisson] loops: p0=0.000111 rb=0.170965 res=0.053824 iters=100 threads=1
[poisson] loops: p0=0.000156 rb=0.294329 res=0.081658 iters=100 threads=1
[poisson] loops: p0=0.000203 rb=0.437555 res=0.143605 iters=100 threads=1
[poisson] loops: p0=0.000257 rb=0.200427 res=0.098437 iters=100 threads=1
[poisson] loops: p0=0.000281 rb=0.145991 res=0.052093 iters=100 threads=1
[poisson] loops: p0=0.000310 rb=0.146892 res=0.036517 iters=100 threads=1
[poisson] loops: p0=0.000144 rb=0.146488 res=0.029256 iters=100 threads=1
[poisson] loops: p0=0.000081 rb=0.146058 res=0.029102 iters=100 threads=1
[poisson] loops: p0=0.000083 rb=0.144203 res=0.028701 iters=100 threads=1
[poisson] loops: p0=0.000081 rb=0.144605 res=0.028902 iters=100 threads=1
[poisson] loops: p0=0.000079 rb=0.146020 res=0.029109 iters=100 threads=1
[poisson] loops: p0=0.000082 rb=0.153893 res=0.031315 iters=100 threads=1
[poisson] loops: p0=0.000083 rb=0.146176 res=0.029146 iters=100 threads=1
[poisson] loops: p0=0.000084 rb=0.146215 res=0.029174 iters=100 threads=1
[poisson] loops: p0=0.000086 rb=0.146164 res=0.029138 iters=100 threads=1
[poisson] loops: p0=0.000082 rb=0.149421 res=0.029291 iters=100 threads=1
[poisson] loops: p0=0.000081 rb=0.145605 res=0.028977 iters=100 threads=1
[poisson] loops: p0=0.000080 rb=0.144650 res=0.028842 iters=100 threads=1
[poisson] loops: p0=0.000081 rb=0.147092 res=0.029365 iters=100 threads=1
[poisson] loops: p0=0.000079 rb=0.142932 res=0.028507 iters=100 threads=1
[poisson] loops: p0=0.000078 rb=0.146011 res=0.029284 iters=100 threads=1
[poisson] loops: p0=0.000082 rb=0.146086 res=0.029116 iters=100 threads=1
[poisson] loops: p0=0.000087 rb=0.146062 res=0.029115 iters=100 threads=1
[poisson] loops: p0=0.000081 rb=0.144351 res=0.028692 iters=100 threads=1
[poisson] loops: p0=0.000079 rb=0.142353 res=0.028324 iters=100 threads=1
[poisson] loops: p0=0.000079 rb=0.141769 res=0.028161 iters=100 threads=1
[poisson] loops: p0=0.000079 rb=0.144991 res=0.029014 iters=100 threads=1
[poisson] loops: p0=0.000083 rb=0.146044 res=0.029099 iters=100 threads=1
[poisson] loops: p0=0.000086 rb=0.146031 res=0.029089 iters=100 threads=1
[poisson] loops: p0=0.000081 rb=0.143325 res=0.028586 iters=100 threads=1
[poisson] loops: p0=0.000079 rb=0.142475 res=0.028323 iters=100 threads=1
[poisson] loops: p0=0.000079 rb=0.142544 res=0.028360 iters=100 threads=1
[poisson] loops: p0=0.000079 rb=0.141736 res=0.028242 iters=100 threads=1
[poisson] loops: p0=0.000077 rb=0.140514 res=0.028073 iters=100 threads=1
[poisson] loops: p0=0.000077 rb=0.142605 res=0.028363 iters=100 threads=1
[poisson] loops: p0=0.000079 rb=0.142323 res=0.028325 iters=100 threads=1
[poisson] loops: p0=0.000079 rb=0.142304 res=0.028337 iters=100 threads=1
[poisson] loops: p0=0.000079 rb=0.142862 res=0.028449 iters=100 threads=1
[poisson] loops: p0=0.000079 rb=0.141209 res=0.028116 iters=100 threads=1
[poisson] loops: p0=0.000077 rb=0.140705 res=0.028011 iters=100 threads=1
[poisson] loops: p0=0.000077 rb=0.142067 res=0.028377 iters=100 threads=1
[poisson] loops: p0=0.000079 rb=0.143811 res=0.028550 iters=100 threads=1
[poisson] loops: p0=0.000082 rb=0.146172 res=0.029149 iters=100 threads=1
[poisson] loops: p0=0.000086 rb=0.146216 res=0.029189 iters=100 threads=1
[poisson] loops: p0=0.000086 rb=0.145083 res=0.028974 iters=100 threads=1
[poisson] loops: p0=0.000079 rb=0.143146 res=0.028513 iters=100 threads=1
[poisson] loops: p0=0.000080 rb=0.142437 res=0.028326 iters=100 threads=1
[poisson] loops: p0=0.000080 rb=0.142356 res=0.028322 iters=100 threads=1
[poisson] loops: p0=0.000079 rb=0.145046 res=0.029023 iters=100 threads=1
[poisson] loops: p0=0.000080 rb=0.146364 res=0.029391 iters=100 threads=1
[poisson] loops: p0=0.000082 rb=0.146077 res=0.028990 iters=100 threads=1
[poisson] loops: p0=0.000081 rb=0.144543 res=0.028754 iters=100 threads=1
[poisson] loops: p0=0.000079 rb=0.143525 res=0.028604 iters=100 threads=1
[poisson] loops: p0=0.000079 rb=0.142405 res=0.028386 iters=100 threads=1
[poisson] loops: p0=0.000079 rb=0.142421 res=0.028421 iters=100 threads=1
[poisson] loops: p0=0.000079 rb=0.142407 res=0.028363 iters=100 threads=1
[poisson] loops: p0=0.000080 rb=0.141329 res=0.028078 iters=100 threads=1
[poisson] loops: p0=0.000077 rb=0.140715 res=0.028063 iters=100 threads=1
[poisson] loops: p0=0.000079 rb=0.141747 res=0.028189 iters=100 threads=1
[poisson] loops: p0=0.000077 rb=0.142085 res=0.028357 iters=100 threads=1
[poisson] loops: p0=0.000077 rb=0.141791 res=0.028225 iters=100 threads=1
[poisson] loops: p0=0.000077 rb=0.140794 res=0.027896 iters=100 threads=1
[poisson] loops: p0=0.000077 rb=0.141458 res=0.028172 iters=100 threads=1
[poisson] loops: p0=0.000077 rb=0.142303 res=0.028332 iters=100 threads=1
[poisson] loops: p0=0.000079 rb=0.141899 res=0.028278 iters=100 threads=1
[poisson] loops: p0=0.000079 rb=0.141178 res=0.027986 iters=100 threads=1
[poisson] loops: p0=0.000077 rb=0.142079 res=0.028318 iters=100 threads=1
[poisson] loops: p0=0.000079 rb=0.141133 res=0.028107 iters=100 threads=1
[poisson] loops: p0=0.000077 rb=0.139724 res=0.027862 iters=100 threads=1
[poisson] loops: p0=0.000077 rb=0.142023 res=0.028169 iters=100 threads=1
[poisson] loops: p0=0.000081 rb=0.142113 res=0.028221 iters=100 threads=1
[poisson] loops: p0=0.000081 rb=0.142334 res=0.028326 iters=100 threads=1
[poisson] loops: p0=0.000079 rb=0.141646 res=0.028205 iters=100 threads=1
[poisson] loops: p0=0.000079 rb=0.141489 res=0.028065 iters=100 threads=1
[poisson] loops: p0=0.000077 rb=0.142809 res=0.028650 iters=100 threads=1
[poisson] loops: p0=0.000079 rb=0.142374 res=0.028426 iters=100 threads=1
[poisson] loops: p0=0.000079 rb=0.142308 res=0.028323 iters=100 threads=1
[poisson] loops: p0=0.000079 rb=0.142371 res=0.028323 iters=100 threads=1
[poisson] loops: p0=0.000079 rb=0.142434 res=0.028324 iters=100 threads=1
[poisson] loops: p0=0.000081 rb=0.146179 res=0.029200 iters=100 threads=1
[poisson] loops: p0=0.000086 rb=0.146081 res=0.029109 iters=100 threads=1
[poisson] loops: p0=0.000084 rb=0.145176 res=0.028964 iters=100 threads=1
[poisson] loops: p0=0.000082 rb=0.145045 res=0.028757 iters=100 threads=1
[poisson] loops: p0=0.000079 rb=0.144749 res=0.028784 iters=100 threads=1
[poisson] loops: p0=0.000080 rb=0.142257 res=0.028324 iters=100 threads=1
[poisson] loops: p0=0.000079 rb=0.144231 res=0.028685 iters=100 threads=1
[poisson] loops: p0=0.000079 rb=0.142761 res=0.028423 iters=100 threads=1
[poisson] loops: p0=0.000080 rb=0.143902 res=0.028704 iters=100 threads=1
[poisson] loops: p0=0.000080 rb=0.143721 res=0.028481 iters=100 threads=1
[poisson] loops: p0=0.000080 rb=0.142933 res=0.028391 iters=100 threads=1
[poisson] loops: p0=0.000079 rb=0.143863 res=0.028606 iters=100 threads=1
[poisson] loops: p0=0.000082 rb=0.143764 res=0.028616 iters=100 threads=1
[poisson] loops: p0=0.000080 rb=0.142582 res=0.028355 iters=100 threads=1
[poisson] loops: p0=0.000080 rb=0.143078 res=0.028474 iters=100 threads=1
[poisson] loops: p0=0.000114 rb=0.143846 res=0.028533 iters=100 threads=1
[poisson] loops: p0=0.000079 rb=0.143507 res=0.028587 iters=100 threads=1
[poisson] loops: p0=0.000081 rb=0.143408 res=0.028478 iters=100 threads=1
[poisson] loops: p0=0.000080 rb=0.143152 res=0.028602 iters=100 threads=1
[poisson] loops: p0=0.000081 rb=0.142838 res=0.028440 iters=100 threads=1
[poisson] loops: p0=0.000081 rb=0.143037 res=0.028521 iters=100 threads=1
[poisson] loops: p0=0.000079 rb=0.143841 res=0.028844 iters=100 threads=1
[poisson] loops: p0=0.000079 rb=0.143249 res=0.028443 iters=100 threads=1
[poisson] loops: p0=0.000080 rb=0.142703 res=0.028409 iters=100 threads=1
[poisson] loops: p0=0.000082 rb=0.142431 res=0.028394 iters=100 threads=1
[poisson] loops: p0=0.000080 rb=0.142271 res=0.028326 iters=100 threads=1
[poisson] loops: p0=0.000079 rb=0.143471 res=0.028459 iters=100 threads=1
[poisson] loops: p0=0.000080 rb=0.142701 res=0.028319 iters=100 threads=1
[poisson] loops: p0=0.000079 rb=0.145474 res=0.029148 iters=100 threads=1
[poisson] loops: p0=0.000086 rb=0.146085 res=0.029123 iters=100 threads=1
[poisson] loops: p0=0.000081 rb=0.146078 res=0.029110 iters=100 threads=1
[poisson] loops: p0=0.000081 rb=0.145006 res=0.028838 iters=100 threads=1
[poisson] loops: p0=0.000079 rb=0.143081 res=0.028506 iters=100 threads=1
[poisson] loops: p0=0.000079 rb=0.142272 res=0.028406 iters=100 threads=1
[poisson] loops: p0=0.000079 rb=0.145275 res=0.029029 iters=100 threads=1
[poisson] loops: p0=0.000082 rb=0.146071 res=0.029126 iters=100 threads=1
[poisson] loops: p0=0.000086 rb=0.146113 res=0.029140 iters=100 threads=1
[poisson] loops: p0=0.000081 rb=0.146121 res=0.029163 iters=100 threads=1
[poisson] loops: p0=0.000081 rb=0.146071 res=0.029106 iters=100 threads=1
[poisson] loops: p0=0.000081 rb=0.143911 res=0.028721 iters=100 threads=1
[poisson] loops: p0=0.000080 rb=0.146269 res=0.028952 iters=100 threads=1
[poisson] loops: p0=0.000079 rb=0.142619 res=0.028364 iters=100 threads=1
[poisson] loops: p0=0.000081 rb=0.141482 res=0.028171 iters=100 threads=1
[poisson] loops: p0=0.000077 rb=0.140509 res=0.028005 iters=100 threads=1
[poisson] loops: p0=0.000077 rb=0.142200 res=0.028345 iters=100 threads=1
[poisson] loops: p0=0.000079 rb=0.142241 res=0.028303 iters=100 threads=1
[poisson] loops: p0=0.000090 rb=0.145892 res=0.029232 iters=100 threads=1
[poisson] loops: p0=0.000086 rb=0.145987 res=0.029106 iters=100 threads=1
[poisson] loops: p0=0.000081 rb=0.145286 res=0.028938 iters=100 threads=1
[poisson] loops: p0=0.000079 rb=0.142390 res=0.028358 iters=100 threads=1
[poisson] loops: p0=0.000079 rb=0.142642 res=0.028375 iters=100 threads=1
[poisson] loops: p0=0.000079 rb=0.142148 res=0.028221 iters=100 threads=1
[poisson] loops: p0=0.000079 rb=0.141848 res=0.028202 iters=100 threads=1
[poisson] loops: p0=0.000079 rb=0.140960 res=0.028084 iters=100 threads=1
[poisson] loops: p0=0.000077 rb=0.141481 res=0.028172 iters=100 threads=1
[poisson] loops: p0=0.000079 rb=0.141174 res=0.028143 iters=100 threads=1
[poisson] loops: p0=0.000079 rb=0.142057 res=0.028256 iters=100 threads=1
[poisson] loops: p0=0.000077 rb=0.140751 res=0.028080 iters=100 threads=1
[poisson] loops: p0=0.000077 rb=0.142457 res=0.028354 iters=100 threads=1
[poisson] loops: p0=0.000080 rb=0.141942 res=0.028283 iters=100 threads=1
[poisson] loops: p0=0.000077 rb=0.140162 res=0.027776 iters=100 threads=1
[poisson] loops: p0=0.000077 rb=0.142077 res=0.028326 iters=100 threads=1
[poisson] loops: p0=0.000079 rb=0.142285 res=0.028325 iters=100 threads=1
[poisson] loops: p0=0.000079 rb=0.140883 res=0.028055 iters=100 threads=1
[poisson] loops: p0=0.000077 rb=0.142040 res=0.028288 iters=100 threads=1
[poisson] loops: p0=0.000077 rb=0.140204 res=0.027779 iters=100 threads=1
[poisson] loops: p0=0.000079 rb=0.140393 res=0.028118 iters=100 threads=1
[poisson] loops: p0=0.000078 rb=0.141861 res=0.028208 iters=100 threads=1
[poisson] loops: p0=0.000077 rb=0.141551 res=0.028236 iters=100 threads=1
[poisson] loops: p0=0.000079 rb=0.141967 res=0.028245 iters=100 threads=1
[poisson] loops: p0=0.000077 rb=0.142085 res=0.028324 iters=100 threads=1
[poisson] loops: p0=0.000079 rb=0.141020 res=0.028002 iters=100 threads=1
[poisson] loops: p0=0.000077 rb=0.140689 res=0.028225 iters=100 threads=1
[poisson] loops: p0=0.000077 rb=0.142072 res=0.028255 iters=100 threads=1
[poisson] loops: p0=0.000079 rb=0.140958 res=0.028163 iters=100 threads=1
[poisson] loops: p0=0.000077 rb=0.140254 res=0.027955 iters=100 threads=1
[poisson] loops: p0=0.000077 rb=0.141592 res=0.028163 iters=100 threads=1
[poisson] loops: p0=0.000077 rb=0.140888 res=0.028141 iters=100 threads=1
[poisson] loops: p0=0.000079 rb=0.142548 res=0.028431 iters=100 threads=1
[poisson] loops: p0=0.000079 rb=0.142643 res=0.028356 iters=100 threads=1
[poisson] loops: p0=0.000081 rb=0.140966 res=0.028051 iters=100 threads=1
[poisson] loops: p0=0.000077 rb=0.140859 res=0.028044 iters=100 threads=1
[poisson] loops: p0=0.000079 rb=0.142390 res=0.028326 iters=100 threads=1
[poisson] loops: p0=0.000077 rb=0.141359 res=0.028153 iters=100 threads=1
[poisson] loops: p0=0.000079 rb=0.142132 res=0.028287 iters=100 threads=1
[poisson] loops: p0=0.000105 rb=0.143175 res=0.028579 iters=100 threads=1
[poisson] loops: p0=0.000079 rb=0.142361 res=0.028325 iters=100 threads=1
[poisson] loops: p0=0.000079 rb=0.142381 res=0.028401 iters=100 threads=1
[poisson] loops: p0=0.000079 rb=0.141880 res=0.028227 iters=100 threads=1
[poisson] loops: p0=0.000077 rb=0.140542 res=0.027920 iters=100 threads=1
[poisson] loops: p0=0.000077 rb=0.141768 res=0.028250 iters=100 threads=1
[poisson] loops: p0=0.000079 rb=0.141788 res=0.028201 iters=100 threads=1
[poisson] loops: p0=0.000077 rb=0.141046 res=0.028223 iters=100 threads=1
[poisson] loops: p0=0.000079 rb=0.142748 res=0.028424 iters=100 threads=1
[poisson] loops: p0=0.000079 rb=0.141589 res=0.028160 iters=100 threads=1
[poisson] loops: p0=0.000082 rb=0.140707 res=0.028046 iters=100 threads=1
[poisson] loops: p0=0.000077 rb=0.141725 res=0.028169 iters=100 threads=1
[poisson] loops: p0=0.000081 rb=0.142346 res=0.028324 iters=100 threads=1
[poisson] loops: p0=0.000079 rb=0.145801 res=0.029202 iters=100 threads=1
[poisson] loops: p0=0.000079 rb=0.141707 res=0.028273 iters=100 threads=1
[poisson] loops: p0=0.000077 rb=0.140575 res=0.028046 iters=100 threads=1
[poisson] loops: p0=0.000105 rb=0.141203 res=0.028223 iters=100 threads=1
[poisson] loops: p0=0.000079 rb=0.141996 res=0.028250 iters=100 threads=1
[poisson] loops: p0=0.000079 rb=0.140343 res=0.027938 iters=100 threads=1
[poisson] loops: p0=0.000091 rb=0.142264 res=0.028185 iters=100 threads=1
[poisson] loops: p0=0.000079 rb=0.141235 res=0.028143 iters=100 threads=1
[poisson] loops: p0=0.000077 rb=0.140771 res=0.028134 iters=100 threads=1
[poisson] loops: p0=0.000077 rb=0.140386 res=0.027891 iters=100 threads=1
[poisson] loops: p0=0.000077 rb=0.141952 res=0.028307 iters=100 threads=1
[poisson] loops: p0=0.000079 rb=0.142100 res=0.028314 iters=100 threads=1
[poisson] loops: p0=0.000077 rb=0.141643 res=0.028174 iters=100 threads=1
[poisson] loops: p0=0.000077 rb=0.140428 res=0.027915 iters=100 threads=1
[poisson] loops: p0=0.000079 rb=0.142312 res=0.028347 iters=100 threads=1
[poisson] loops: p0=0.000079 rb=0.141476 res=0.028090 iters=100 threads=1
[poisson] loops: p0=0.000081 rb=0.141032 res=0.028045 iters=100 threads=1
[poisson] loops: p0=0.000077 rb=0.141945 res=0.028211 iters=100 threads=1
[poisson] loops: p0=0.000079 rb=0.142302 res=0.028323 iters=100 threads=1
[poisson] loops: p0=0.000079 rb=0.141419 res=0.027990 iters=100 threads=1
[poisson] loops: p0=0.000077 rb=0.141751 res=0.028165 iters=100 threads=1
[poisson] loops: p0=0.000079 rb=0.142637 res=0.028323 iters=100 threads=1
[poisson] loops: p0=0.000079 rb=0.141443 res=0.028165 iters=100 threads=1
[poisson] loops: p0=0.000077 rb=0.141062 res=0.028096 iters=100 threads=1
[poisson] loops: p0=0.000079 rb=0.142428 res=0.028339 iters=100 threads=1
[poisson] loops: p0=0.000077 rb=0.140366 res=0.027923 iters=100 threads=1
[poisson] loops: p0=0.000077 rb=0.140808 res=0.027989 iters=100 threads=1
[poisson] loops: p0=0.000077 rb=0.141563 res=0.028203 iters=100 threads=1
Simulation complete.
Elapsed time: 36.7144 sec 
