Could not open file 'no_such_file.bin': No such file or directory
Generating default state instead.
[poisson] loops: p0=0.000330 rb=0.288354 res=0.116360 iters=100 threads=2
[poisson] loops: p0=0.000371 rb=0.316069 res=0.150505 iters=100 threads=2
[poisson] loops: p0=0.000482 rb=0.384744 res=0.202482 iters=100 threads=2
[poisson] loops: p0=0.000578 rb=0.608246 res=0.265508 iters=100 threads=2
[poisson] loops: p0=0.000660 rb=1.268824 res=0.358982 iters=100 threads=2
[poisson] loops: p0=0.000724 rb=1.980652 res=0.463374 iters=100 threads=2
[poisson] loops: p0=0.000772 rb=2.667143 res=0.612684 iters=100 threads=2
[poisson] loops: p0=0.000819 rb=2.562716 res=0.897466 iters=100 threads=2
[poisson] loops: p0=0.000855 rb=2.214611 res=1.370940 iters=100 threads=2
[poisson] loops: p0=0.000922 rb=1.889189 res=1.328948 iters=100 threads=2
[poisson] loops: p0=0.000958 rb=1.555365 res=1.152015 iters=100 threads=2
[poisson] loops: p0=0.001001 rb=1.228791 res=0.965952 iters=100 threads=2
[poisson] loops: p0=0.000985 rb=0.907753 res=0.781700 iters=100 threads=2
[poisson] loops: p0=0.001009 rb=0.627377 res=0.607214 iters=100 threads=2
[poisson] loops: p0=0.001043 rb=0.358884 res=0.377101 iters=100 threads=2
[poisson] loops: p0=0.001056 rb=0.290043 res=0.199806 iters=100 threads=2
[poisson] loops: p0=0.001078 rb=0.289596 res=0.199799 iters=100 threads=2
[poisson] loops: p0=0.001122 rb=0.287612 res=0.200094 iters=100 threads=2
[poisson] loops: p0=0.001113 rb=0.288099 res=0.202596 iters=100 threads=2
[poisson] loops: p0=0.001130 rb=0.288080 res=0.201875 iters=100 threads=2
[poisson] loops: p0=0.001144 rb=0.290004 res=0.176850 iters=100 threads=2
[poisson] loops: p0=0.001191 rb=0.289997 res=0.145874 iters=100 threads=2
[poisson] loops: p0=0.000899 rb=0.287538 res=0.116287 iters=100 threads=2
[poisson] loops: p0=0.000647 rb=0.288476 res=0.113335 iters=100 threads=2
[poisson] loops: p0=0.000367 rb=0.289609 res=0.113829 iters=100 threads=2
[poisson] loops: p0=0.000331 rb=0.292061 res=0.114905 iters=100 threads=2
[poisson] loops: p0=0.000331 rb=0.288592 res=0.113047 iters=100 threads=2
[poisson] loops: p0=0.000330 rb=0.288331 res=0.113180 iters=100 threads=2
[poisson] loops: p0=0.000330 rb=0.287580 res=0.112830 iters=100 threads=2
[poisson] loops: p0=0.000332 rb=0.288184 res=0.113049 iters=100 threads=2
[poisson] loops: p0=0.000333 rb=0.288850 res=0.113339 iters=100 threads=2
[poisson] loops: p0=0.000341 rb=0.289350 res=0.113493 iters=100 threads=2
[poisson] loops: p0=0.000330 rb=0.287838 res=0.112835 iters=100 threads=2
[poisson] loops: p0=0.000330 rb=0.290821 res=0.113982 iters=100 threads=2
[poisson] loops: p0=0.000340 rb=0.287653 res=0.112720 iters=100 threads=2
[poisson] loops: p0=0.000332 rb=0.288268 res=0.113001 iters=100 threads=2
[poisson] loops: p0=0.000335 rb=0.287449 res=0.112730 iters=100 threads=2
[poisson] loops: p0=0.000332 rb=0.288551 res=0.112972 iters=100 threads=2
[poisson] loops: p0=0.000329 rb=0.287451 res=0.113097 iters=100 threads=2
[poisson] loops: p0=0.000330 rb=0.287507 res=0.112762 iters=100 threads=2
[poisson] loops: p0=0.000333 rb=0.287409 res=0.112644 iters=100 threads=2
[poisson] loops: p0=0.000330 rb=0.287278 res=0.112712 iters=100 threads=2
[poisson] loops: p0=0.000329 rb=0.290570 res=0.113965 iters=100 threads=2
[poisson] loops: p0=0.000333 rb=0.288016 res=0.112777 iters=100 threads=2
[poisson] loops: p0=0.000329 rb=0.287814 res=0.112734 iters=100 threads=2
[poisson] loops: p0=0.000332 rb=0.287794 res=0.112985 iters=100 threads=2
[poisson] loops: p0=0.000329 rb=0.287169 res=0.112475 iters=100 threads=2
[poisson] loops: p0=0.000331 rb=0.287206 res=0.112595 iters=100 threads=2
[poisson] loops: p0=0.000328 rb=0.288257 res=0.113301 iters=100 threads=2
[poisson] loops: p0=0.000333 rb=0.287881 res=0.112959 iters=100 threads=2
[poisson] loops: p0=0.000329 rb=0.287432 res=0.112526 iters=100 threads=2
[poisson] loops: p0=0.000331 rb=0.287150 res=0.112469 iters=100 threads=2
[poisson] loops: p0=0.000332 rb=0.287379 res=0.112787 iters=100 threads=2
[poisson] loops: p0=0.000332 rb=0.287131 res=0.112661 iters=100 threads=2
[poisson] loops: p0=0.000328 rb=0.287865 res=0.112681 iters=100 threads=2
[poisson] loops: p0=0.000333 rb=0.288037 res=0.112715 iters=100 threads=2
[poisson] loops: p0=0.000333 rb=0.287886 res=0.112670 iters=100 threads=2
[poisson] loops: p0=0.000334 rb=0.288068 res=0.112711 iters=100 threads=2
[poisson] loops: p0=0.000335 rb=0.287864 res=0.112899 iters=100 threads=2
[poisson] loops: p0=0.000328 rb=0.287430 res=0.112553 iters=100 threads=2
[poisson] loops: p0=0.000330 rb=0.287815 res=0.112698 iters=100 threads=2
[poisson] loops: p0=0.000330 rb=0.287512 res=0.112675 iters=100 threads=2
[poisson] loops: p0=0.000330 rb=0.287424 res=0.112680 iters=100 threads=2
[poisson] loops: p0=0.000334 rb=0.287922 res=0.112765 iters=100 threads=2
[poisson] loops: p0=0.000336 rb=0.288449 res=0.112837 iters=100 threads=2
[poisson] loops: p0=0.000331 rb=0.288697 res=0.113105 iters=100 threads=2
[poisson] loops: p0=0.000335 rb=0.287565 res=0.112600 iters=100 threads=2
[poisson] loops: p0=0.000331 rb=0.288024 res=0.112652 iters=100 threads=2
[poisson] loops: p0=0.000329 rb=0.287525 res=0.112751 iters=100 threads=2
[poisson] loops: p0=0.000330 rb=0.287224 res=0.112475 iters=100 threads=2
[poisson] loops: p0=0.000328 rb=0.288353 res=0.113323 iters=100 threads=2
[poisson] loops: p0=0.000329 rb=0.287160 res=0.112435 iters=100 threads=2
[poisson] loops: p0=0.000329 rb=0.287392 res=0.112969 iters=100 threads=2
[poisson] loops: p0=0.000329 rb=0.287247 res=0.112779 iters=100 threads=2
[poisson] loops: p0=0.000329 rb=0.287596 res=0.112551 iters=100 threads=2
[poisson] loops: p0=0.000333 rb=0.287608 res=0.112829 iters=100 threads=2
[poisson] loops: p0=0.000329 rb=0.287422 res=0.112631 iters=100 threads=2
[poisson] loops: p0=0.000329 rb=0.287839 res=0.112445 iters=100 threads=2
[poisson] loops: p0=0.000329 rb=0.287764 res=0.112894 iters=100 threads=2
[poisson] loops: p0=0.000332 rb=0.287386 res=0.112754 iters=100 threads=2
[poisson] loops: p0=0.000331 rb=0.287091 res=0.112776 iters=100 threads=2
[poisson] loops: p0=0.000328 rb=0.287099 res=0.112807 iters=100 threads=2
[poisson] loops: p0=0.000328 rb=0.287939 res=0.112650 iters=100 threads=2
[poisson] loops: p0=0.000330 rb=0.287098 res=0.112510 iters=100 threads=2
[poisson] loops: p0=0.000328 rb=0.287406 res=0.112550 iters=100 threads=2
[poisson] loops: p0=0.000333 rb=0.287700 res=0.112615 iters=100 threads=2
[poisson] loops: p0=0.000331 rb=0.287255 res=0.112695 iters=100 threads=2
[poisson] loops: p0=0.000331 rb=0.287449 res=0.112753 iters=100 threads=2
[poisson] loops: p0=0.000332 rb=0.287041 res=0.112549 iters=100 threads=2
[poisson] loops: p0=0.000333 rb=0.287141 res=0.112686 iters=100 threads=2
[poisson] loops: p0=0.000332 rb=0.287372 res=0.112805 iters=100 threads=2
[poisson] loops: p0=0.000332 rb=0.287092 res=0.112529 iters=100 threads=2
[poisson] loops: p0=0.000330 rb=0.287458 res=0.113018 iters=100 threads=2
[poisson] loops: p0=0.000332 rb=0.287412 res=0.112652 iters=100 threads=2
[poisson] loops: p0=0.000333 rb=0.287943 res=0.113010 iters=100 threads=2
[poisson] loops: p0=0.000344 rb=0.287300 res=0.112679 iters=100 threads=2
[poisson] loops: p0=0.000330 rb=0.287398 res=0.112643 iters=100 threads=2
[poisson] loops: p0=0.000330 rb=0.287594 res=0.112557 iters=100 threads=2
[poisson] loops: p0=0.000331 rb=0.287728 res=0.112840 iters=100 threads=2
[poisson] loops: p0=0.000331 rb=0.287411 res=0.112893 iters=100 threads=2
[poisson] loops: p0=0.000332 rb=0.287409 res=0.112581 iters=100 threads=2
[poisson] loops: p0=0.000331 rb=0.287209 res=0.112550 iters=100 threads=2
[poisson] loops: p0=0.000330 rb=0.287426 res=0.113006 iters=100 threads=2
[poisson] loops: p0=0.000329 rb=0.287346 res=0.112550 iters=100 threads=2
[poisson] loops: p0=0.000328 rb=0.287416 res=0.112811 iters=100 threads=2
[poisson] loops: p0=0.000329 rb=0.287576 res=0.112873 iters=100 threads=2
[poisson] loops: p0=0.000331 rb=0.287625 res=0.112773 iters=100 threads=2
[poisson] loops: p0=0.000332 rb=0.287680 res=0.112698 iters=100 threads=2
[poisson] loops: p0=0.000328 rb=0.287120 res=0.112595 iters=100 threads=2
[poisson] loops: p0=0.000328 rb=0.287358 res=0.112539 iters=100 threads=2
[poisson] loops: p0=0.000329 rb=0.287110 res=0.112802 iters=100 threads=2
[poisson] loops: p0=0.000333 rb=0.295699 res=0.116949 iters=100 threads=2
[poisson] loops: p0=0.000348 rb=0.294950 res=0.116136 iters=100 threads=2
[poisson] loops: p0=0.000351 rb=0.294918 res=0.116016 iters=100 threads=2
[poisson] loops: p0=0.000344 rb=0.293750 res=0.115685 iters=100 threads=2
[poisson] loops: p0=0.000346 rb=0.293696 res=0.115642 iters=100 threads=2
[poisson] loops: p0=0.000330 rb=0.287682 res=0.112567 iters=100 threads=2
[poisson] loops: p0=0.000331 rb=0.288570 res=0.113014 iters=100 threads=2
[poisson] loops: p0=0.000332 rb=0.287954 res=0.112724 iters=100 threads=2
[poisson] loops: p0=0.000330 rb=0.287476 res=0.112762 iters=100 threads=2
[poisson] loops: p0=0.000330 rb=0.291032 res=0.113984 iters=100 threads=2
[poisson] loops: p0=0.000330 rb=0.287558 res=0.112601 iters=100 threads=2
[poisson] loops: p0=0.000329 rb=0.287953 res=0.112806 iters=100 threads=2
[poisson] loops: p0=0.000334 rb=0.287361 res=0.112581 iters=100 threads=2
[poisson] loops: p0=0.000334 rb=0.287488 res=0.112686 iters=100 threads=2
[poisson] loops: p0=0.000333 rb=0.287226 res=0.112752 iters=100 threads=2
[poisson] loops: p0=0.000331 rb=0.287336 res=0.112842 iters=100 threads=2
[poisson] loops: p0=0.000329 rb=0.287968 res=0.113119 iters=100 threads=2
[poisson] loops: p0=0.000331 rb=0.287609 res=0.112752 iters=100 threads=2
[poisson] loops: p0=0.000332 rb=0.287212 res=0.112697 iters=100 threads=2
[poisson] loops: p0=0.000330 rb=0.287951 res=0.112995 iters=100 threads=2
[poisson] loops: p0=0.000331 rb=0.287265 res=0.112512 iters=100 threads=2
[poisson] loops: p0=0.000335 rb=0.288215 res=0.112875 iters=100 threads=2
[poisson] loops: p0=0.000331 rb=0.287442 res=0.112548 iters=100 threads=2
[poisson] loops: p0=0.000330 rb=0.286990 res=0.112605 iters=100 threads=2
[poisson] loops: p0=0.000331 rb=0.287397 res=0.112499 iters=100 threads=2
[poisson] loops: p0=0.000329 rb=0.288736 res=0.113221 iters=100 threads=2
[poisson] loops: p0=0.000335 rb=0.287384 res=0.112646 iters=100 threads=2
[poisson] loops: p0=0.000344 rb=0.287538 res=0.112615 iters=100 threads=2
[poisson] loops: p0=0.000330 rb=0.287668 res=0.112829 iters=100 threads=2
[poisson] loops: p0=0.000329 rb=0.287208 res=0.112568 iters=100 threads=2
[poisson] loops: p0=0.000329 rb=0.288676 res=0.113159 iters=100 threads=2
[poisson] loops: p0=0.000332 rb=0.291250 res=0.114617 iters=100 threads=2
[poisson] loops: p0=0.000332 rb=0.287662 res=0.112952 iters=100 threads=2
[poisson] loops: p0=0.000334 rb=0.287428 res=0.112642 iters=100 threads=2
[poisson] loops: p0=0.000331 rb=0.287498 res=0.112676 iters=100 threads=2
[poisson] loops: p0=0.000332 rb=0.287155 res=0.112696 iters=100 threads=2
[poisson] loops: p0=0.000330 rb=0.287598 res=0.112793 iters=100 threads=2
[poisson] loops: p0=0.000331 rb=0.287264 res=0.112805 iters=100 threads=2
[poisson] loops: p0=0.000337 rb=0.287570 res=0.112744 iters=100 threads=2
[poisson] loops: p0=0.000335 rb=0.287193 res=0.112673 iters=100 threads=2
[poisson] loops: p0=0.000329 rb=0.287993 res=0.112827 iters=100 threads=2
[poisson] loops: p0=0.000330 rb=0.288614 res=0.113299 iters=100 threads=2
[poisson] loops: p0=0.000334 rb=0.287668 res=0.112649 iters=100 threads=2
[poisson] loops: p0=0.000331 rb=0.288710 res=0.113254 iters=100 threads=2
[poisson] loops: p0=0.000329 rb=0.287871 res=0.112802 iters=100 threads=2
[poisson] loops: p0=0.000334 rb=0.287764 res=0.112789 iters=100 threads=2
[poisson] loops: p0=0.000329 rb=0.287582 res=0.112613 iters=100 threads=2
[poisson] loops: p0=0.000329 rb=0.287559 res=0.112698 iters=100 threads=2
[poisson] loops: p0=0.000329 rb=0.287616 res=0.112657 iters=100 threads=2
[poisson] loops: p0=0.000328 rb=0.288028 res=0.112848 iters=100 threads=2
[poisson] loops: p0=0.000329 rb=0.287690 res=0.113202 iters=100 threads=2
[poisson] loops: p0=0.000331 rb=0.287408 res=0.112756 iters=100 threads=2
[poisson] loops: p0=0.000332 rb=0.287858 res=0.112805 iters=100 threads=2
[poisson] loops: p0=0.000329 rb=0.287969 res=0.112826 iters=100 threads=2
[poisson] loops: p0=0.000331 rb=0.287622 res=0.112649 iters=100 threads=2
[poisson] loops: p0=0.000334 rb=0.287625 res=0.112904 iters=100 threads=2
[poisson] loops: p0=0.000334 rb=0.288813 res=0.113042 iters=100 threads=2
[poisson] loops: p0=0.000331 rb=0.287859 res=0.112841 iters=100 threads=2
[poisson] loops: p0=0.000329 rb=0.288349 res=0.113299 iters=100 threads=2
[poisson] loops: p0=0.000331 rb=0.287418 res=0.112711 iters=100 threads=2
[poisson] loops: p0=0.000329 rb=0.287852 res=0.112657 iters=100 threads=2
[poisson] loops: p0=0.000333 rb=0.287452 res=0.112685 iters=100 threads=2
[poisson] loops: p0=0.000333 rb=0.287627 res=0.112658 iters=100 threads=2
[poisson] loops: p0=0.000329 rb=0.287828 res=0.112856 iters=100 threads=2
[poisson] loops: p0=0.000329 rb=0.287889 res=0.113003 iters=100 threads=2
[poisson] loops: p0=0.000328 rb=0.287875 res=0.112799 iters=100 threads=2
[poisson] loops: p0=0.000332 rb=0.288060 res=0.112905 iters=100 threads=2
[poisson] loops: p0=0.000330 rb=0.287822 res=0.112745 iters=100 threads=2
[poisson] loops: p0=0.000372 rb=0.288243 res=0.112863 iters=100 threads=2
[poisson] loops: p0=0.000331 rb=0.288096 res=0.113075 iters=100 threads=2
[poisson] loops: p0=0.000331 rb=0.287777 res=0.112947 iters=100 threads=2
[poisson] loops: p0=0.000333 rb=0.287578 res=0.112734 iters=100 threads=2
[poisson] loops: p0=0.000330 rb=0.288260 res=0.112898 iters=100 threads=2
[poisson] loops: p0=0.000331 rb=0.287949 res=0.112796 iters=100 threads=2
[poisson] loops: p0=0.000328 rb=0.287242 res=0.112839 iters=100 threads=2
[poisson] loops: p0=0.000334 rb=0.287719 res=0.112800 iters=100 threads=2
[poisson] loops: p0=0.000334 rb=0.288069 res=0.112840 iters=100 threads=2
[poisson] loops: p0=0.000333 rb=0.290419 res=0.113861 iters=100 threads=2
[poisson] loops: p0=0.000334 rb=0.287335 res=0.112829 iters=100 threads=2
[poisson] loops: p0=0.000333 rb=0.288463 res=0.112902 iters=100 threads=2
[poisson] loops: p0=0.000332 rb=0.287757 res=0.112588 iters=100 threads=2
[poisson] loops: p0=0.000330 rb=0.287155 res=0.112586 iters=100 threads=2
[poisson] loops: p0=0.000331 rb=0.287562 res=0.112685 iters=100 threads=2
[poisson] loops: p0=0.000333 rb=0.287020 res=0.112708 iters=100 threads=2
[poisson] loops: p0=0.000328 rb=0.291545 res=0.114299 iters=100 threads=2
[poisson] loops: p0=0.000340 rb=0.287137 res=0.112557 iters=100 threads=2
[poisson] loops: p0=0.000336 rb=0.287459 res=0.112587 iters=100 threads=2
[poisson] loops: p0=0.000332 rb=0.287873 res=0.112859 iters=100 threads=2
[poisson] loops: p0=0.000330 rb=0.287540 res=0.112589 iters=100 threads=2
[poisson] loops: p0=0.000350 rb=0.287113 res=0.112783 iters=100 threads=2
[poisson] loops: p0=0.000329 rb=0.287348 res=0.112467 iters=100 threads=2
[poisson] loops: p0=0.000332 rb=0.289108 res=0.113501 iters=100 threads=2
[poisson] loops: p0=0.000331 rb=0.287608 res=0.112620 iters=100 threads=2
[poisson] loops: p0=0.000329 rb=0.286911 res=0.112589 iters=100 threads=2
[poisson] loops: p0=0.000332 rb=0.287306 res=0.112573 iters=100 threads=2
[poisson] loops: p0=0.000329 rb=0.287337 res=0.112626 iters=100 threads=2
[poisson] loops: p0=0.000330 rb=0.287625 res=0.112576 iters=100 threads=2
[poisson] loops: p0=0.000331 rb=0.287322 res=0.112590 iters=100 threads=2
[poisson] loops: p0=0.000330 rb=0.287547 res=0.112688 iters=100 threads=2
[poisson] loops: p0=0.000330 rb=0.287201 res=0.112438 iters=100 threads=2
[poisson] loops: p0=0.000338 rb=0.287156 res=0.112603 iters=100 threads=2
[poisson] loops: p0=0.000330 rb=0.287490 res=0.112658 iters=100 threads=2
[poisson] loops: p0=0.000329 rb=0.287652 res=0.112543 iters=100 threads=2
[poisson] loops: p0=0.000328 rb=0.287764 res=0.112839 iters=100 threads=2
[poisson] loops: p0=0.000330 rb=0.287334 res=0.112896 iters=100 threads=2
[poisson] loops: p0=0.000333 rb=0.287883 res=0.112980 iters=100 threads=2
[poisson] loops: p0=0.000329 rb=0.287009 res=0.112432 iters=100 threads=2
[poisson] loops: p0=0.000328 rb=0.287282 res=0.112762 iters=100 threads=2
[poisson] loops: p0=0.000332 rb=0.287740 res=0.112860 iters=100 threads=2
[poisson] loops: p0=0.000329 rb=0.287716 res=0.112540 iters=100 threads=2
[poisson] loops: p0=0.000333 rb=0.287418 res=0.112753 iters=100 threads=2
[poisson] loops: p0=0.000333 rb=0.287621 res=0.112721 iters=100 threads=2
[poisson] loops: p0=0.000328 rb=0.287249 res=0.112624 iters=100 threads=2
[poisson] loops: p0=0.000331 rb=0.287514 res=0.112873 iters=100 threads=2
[poisson] loops: p0=0.000329 rb=0.288153 res=0.112842 iters=100 threads=2
[poisson] loops: p0=0.000330 rb=0.287558 res=0.112766 iters=100 threads=2
[poisson] loops: p0=0.000329 rb=0.287422 res=0.112644 iters=100 threads=2
[poisson] loops: p0=0.000335 rb=0.287708 res=0.112710 iters=100 threads=2
[poisson] loops: p0=0.000333 rb=0.287378 res=0.112669 iters=100 threads=2
[poisson] loops: p0=0.000332 rb=0.287388 res=0.112642 iters=100 threads=2
[poisson] loops: p0=0.000333 rb=0.287557 res=0.112743 iters=100 threads=2
[poisson] loops: p0=0.000333 rb=0.287454 res=0.112535 iters=100 threads=2
[poisson] loops: p0=0.000333 rb=0.287628 res=0.112679 iters=100 threads=2
[poisson] loops: p0=0.000331 rb=0.287041 res=0.112627 iters=100 threads=2
[poisson] loops: p0=0.000328 rb=0.288032 res=0.112648 iters=100 threads=2
[poisson] loops: p0=0.000332 rb=0.287906 res=0.112747 iters=100 threads=2
[poisson] loops: p0=0.000331 rb=0.287571 res=0.112713 iters=100 threads=2
[poisson] loops: p0=0.000333 rb=0.287573 res=0.112944 iters=100 threads=2
[poisson] loops: p0=0.000330 rb=0.287430 res=0.112940 iters=100 threads=2
[poisson] loops: p0=0.000330 rb=0.288578 res=0.112937 iters=100 threads=2
[poisson] loops: p0=0.000331 rb=0.287548 res=0.112616 iters=100 threads=2
[poisson] loops: p0=0.000332 rb=0.287423 res=0.112974 iters=100 threads=2
[poisson] loops: p0=0.000333 rb=0.287181 res=0.112550 iters=100 threads=2
[poisson] loops: p0=0.000328 rb=0.287420 res=0.112657 iters=100 threads=2
[poisson] loops: p0=0.000328 rb=0.287971 res=0.112857 iters=100 threads=2
[poisson] loops: p0=0.000328 rb=0.287072 res=0.112570 iters=100 threads=2
[poisson] loops: p0=0.000330 rb=0.287692 res=0.112713 iters=100 threads=2
[poisson] loops: p0=0.000334 rb=0.287886 res=0.112906 iters=100 threads=2
[poisson] loops: p0=0.000329 rb=0.287331 res=0.112657 iters=100 threads=2
[poisson] loops: p0=0.000330 rb=0.287189 res=0.112594 iters=100 threads=2
[poisson] loops: p0=0.000333 rb=0.287511 res=0.112659 iters=100 threads=2
[poisson] loops: p0=0.000334 rb=0.288252 res=0.113091 iters=100 threads=2
[poisson] loops: p0=0.000330 rb=0.291418 res=0.114743 iters=100 threads=2
[poisson] loops: p0=0.000339 rb=0.288245 res=0.112813 iters=100 threads=2
[poisson] loops: p0=0.000332 rb=0.287865 res=0.112888 iters=100 threads=2
[poisson] loops: p0=0.000333 rb=0.288329 res=0.113029 iters=100 threads=2
[poisson] loops: p0=0.000329 rb=0.288289 res=0.112976 iters=100 threads=2
[poisson] loops: p0=0.000330 rb=0.287810 res=0.112823 iters=100 threads=2
[poisson] loops: p0=0.000332 rb=0.288069 res=0.112944 iters=100 threads=2
[poisson] loops: p0=0.000329 rb=0.288043 res=0.112805 iters=100 threads=2
[poisson] loops: p0=0.000329 rb=0.288267 res=0.112859 iters=100 threads=2
[poisson] loops: p0=0.000330 rb=0.287630 res=0.113014 iters=100 threads=2
[poisson] loops: p0=0.000331 rb=0.287736 res=0.112989 iters=100 threads=2
[poisson] loops: p0=0.000331 rb=0.287797 res=0.112874 iters=100 threads=2
[poisson] loops: p0=0.000333 rb=0.287270 res=0.112720 iters=100 threads=2
[poisson] loops: p0=0.000333 rb=0.288601 res=0.113044 iters=100 threads=2
[poisson] loops: p0=0.000329 rb=0.287324 res=0.112722 iters=100 threads=2
[poisson] loops: p0=0.000330 rb=0.287691 res=0.112793 iters=100 threads=2
[poisson] loops: p0=0.000333 rb=0.287331 res=0.112564 iters=100 threads=2
[poisson] loops: p0=0.000332 rb=0.287452 res=0.112743 iters=100 threads=2
[poisson] loops: p0=0.000328 rb=0.291813 res=0.114995 iters=100 threads=2
[poisson] loops: p0=0.000339 rb=0.288179 res=0.112842 iters=100 threads=2
[poisson] loops: p0=0.000330 rb=0.287244 res=0.112687 iters=100 threads=2
[poisson] loops: p0=0.000329 rb=0.287770 res=0.112840 iters=100 threads=2
[poisson] loops: p0=0.000330 rb=0.287971 res=0.112734 iters=100 threads=2
[poisson] loops: p0=0.000332 rb=0.287800 res=0.112794 iters=100 threads=2
[poisson] loops: p0=0.000331 rb=0.287293 res=0.112815 iters=100 threads=2
[poisson] loops: p0=0.000331 rb=0.287784 res=0.112825 iters=100 threads=2
[poisson] loops: p0=0.000334 rb=0.287227 res=0.112710 iters=100 threads=2
[poisson] loops: p0=0.000330 rb=0.288412 res=0.112947 iters=100 threads=2
[poisson] loops: p0=0.000333 rb=0.287119 res=0.112935 iters=100 threads=2
[poisson] loops: p0=0.000333 rb=0.288594 res=0.113190 iters=100 threads=2
[poisson] loops: p0=0.000330 rb=0.287506 res=0.112811 iters=100 threads=2
[poisson] loops: p0=0.000328 rb=0.288916 res=0.112935 iters=100 threads=2
[poisson] loops: p0=0.000330 rb=0.287585 res=0.112819 iters=100 threads=2
[poisson] loops: p0=0.000331 rb=0.287568 res=0.112617 iters=100 threads=2
[poisson] loops: p0=0.000337 rb=0.287461 res=0.112973 iters=100 threads=2
[poisson] loops: p0=0.000334 rb=0.287546 res=0.112700 iters=100 threads=2
[poisson] loops: p0=0.000333 rb=0.288089 res=0.113096 iters=100 threads=2
[poisson] loops: p0=0.000333 rb=0.287445 res=0.112597 iters=100 threads=2
[poisson] loops: p0=0.000368 rb=0.287523 res=0.112747 iters=100 threads=2
[poisson] loops: p0=0.000335 rb=0.288023 res=0.112792 iters=100 threads=2
[poisson] loops: p0=0.000329 rb=0.287215 res=0.112606 iters=100 threads=2
[poisson] loops: p0=0.000329 rb=0.287671 res=0.112602 iters=100 threads=2
[poisson] loops: p0=0.000328 rb=0.287237 res=0.112464 iters=100 threads=2
[poisson] loops: p0=0.000334 rb=0.288736 res=0.113088 iters=100 threads=2
[poisson] loops: p0=0.000329 rb=0.287911 res=0.113033 iters=100 threads=2
[poisson] loops: p0=0.000330 rb=0.287339 res=0.112707 iters=100 threads=2
[poisson] loops: p0=0.000333 rb=0.287502 res=0.112575 iters=100 threads=2
[poisson] loops: p0=0.000330 rb=0.287685 res=0.112737 iters=100 threads=2
[poisson] loops: p0=0.000330 rb=0.287943 res=0.112953 iters=100 threads=2
[poisson] loops: p0=0.000333 rb=0.287198 res=0.112608 iters=100 threads=2
[poisson] loops: p0=0.000331 rb=0.287543 res=0.112662 iters=100 threads=2
[poisson] loops: p0=0.000333 rb=0.287649 res=0.112571 iters=100 threads=2
[poisson] loops: p0=0.000330 rb=0.287049 res=0.112622 iters=100 threads=2
[poisson] loops: p0=0.000329 rb=0.287618 res=0.112830 iters=100 threads=2
[poisson] loops: p0=0.000333 rb=0.287308 res=0.112603 iters=100 threads=2
[poisson] loops: p0=0.000329 rb=0.287447 res=0.112562 iters=100 threads=2
[poisson] loops: p0=0.000328 rb=0.287580 res=0.112772 iters=100 threads=2
[poisson] loops: p0=0.000330 rb=0.287222 res=0.112640 iters=100 threads=2
[poisson] loops: p0=0.000329 rb=0.287502 res=0.112551 iters=100 threads=2
[poisson] loops: p0=0.000328 rb=0.287497 res=0.112564 iters=100 threads=2
[poisson] loops: p0=0.000331 rb=0.287478 res=0.112809 iters=100 threads=2
[poisson] loops: p0=0.000328 rb=0.287460 res=0.112717 iters=100 threads=2
[poisson] loops: p0=0.000330 rb=0.290923 res=0.114126 iters=100 threads=2
[poisson] loops: p0=0.000336 rb=0.294225 res=0.115120 iters=100 threads=2
[poisson] loops: p0=0.000345 rb=0.294493 res=0.115823 iters=100 threads=2
[poisson] loops: p0=0.000346 rb=0.292181 res=0.114643 iters=100 threads=2
[poisson] loops: p0=0.000336 rb=0.287301 res=0.112583 iters=100 threads=2
[poisson] loops: p0=0.000331 rb=0.287671 res=0.113068 iters=100 threads=2
[poisson] loops: p0=0.000334 rb=0.294066 res=0.115849 iters=100 threads=2
[poisson] loops: p0=0.000337 rb=0.294604 res=0.116473 iters=100 threads=2
[poisson] loops: p0=0.000344 rb=0.295189 res=0.116678 iters=100 threads=2
[poisson] loops: p0=0.000346 rb=0.292363 res=0.114918 iters=100 threads=2
[poisson] loops: p0=0.000333 rb=0.287870 res=0.112769 iters=100 threads=2
[poisson] loops: p0=0.000330 rb=0.293827 res=0.116547 iters=100 threads=2
[poisson] loops: p0=0.000348 rb=0.292904 res=0.114918 iters=100 threads=2
[poisson] loops: p0=0.000331 rb=0.290587 res=0.114161 iters=100 threads=2
[poisson] loops: p0=0.000330 rb=0.288147 res=0.112858 iters=100 threads=2
[poisson] loops: p0=0.000329 rb=0.287702 res=0.112599 iters=100 threads=2
[poisson] loops: p0=0.000336 rb=0.287267 res=0.112551 iters=100 threads=2
[poisson] loops: p0=0.000333 rb=0.287619 res=0.112573 iters=100 threads=2
[poisson] loops: p0=0.000333 rb=0.289528 res=0.113501 iters=100 threads=2
[poisson] loops: p0=0.000334 rb=0.289636 res=0.113344 iters=100 threads=2
[poisson] loops: p0=0.000336 rb=0.287843 res=0.112701 iters=100 threads=2
[poisson] loops: p0=0.000332 rb=0.288256 res=0.112889 iters=100 threads=2
[poisson] loops: p0=0.000330 rb=0.287246 res=0.112829 iters=100 threads=2
[poisson] loops: p0=0.000328 rb=0.287192 res=0.112567 iters=100 threads=2
[poisson] loops: p0=0.000333 rb=0.287107 res=0.112551 iters=100 threads=2
[poisson] loops: p0=0.000330 rb=0.287896 res=0.112780 iters=100 threads=2
[poisson] loops: p0=0.000335 rb=0.287572 res=0.112614 iters=100 threads=2
[poisson] loops: p0=0.000333 rb=0.287411 res=0.112711 iters=100 threads=2
[poisson] loops: p0=0.000337 rb=0.287593 res=0.112684 iters=100 threads=2
[poisson] loops: p0=0.000330 rb=0.287396 res=0.112709 iters=100 threads=2
[poisson] loops: p0=0.000333 rb=0.287636 res=0.113056 iters=100 threads=2
[poisson] loops: p0=0.000344 rb=0.287253 res=0.112516 iters=100 threads=2
[poisson] loops: p0=0.000327 rb=0.287311 res=0.112503 iters=100 threads=2
[poisson] loops: p0=0.000333 rb=0.287230 res=0.112887 iters=100 threads=2
[poisson] loops: p0=0.000365 rb=0.287759 res=0.112745 iters=100 threads=2
[poisson] loops: p0=0.000328 rb=0.287414 res=0.112470 iters=100 threads=2
[poisson] loops: p0=0.000332 rb=0.286925 res=0.112668 iters=100 threads=2
[poisson] loops: p0=0.000329 rb=0.287467 res=0.112503 iters=100 threads=2
[poisson] loops: p0=0.000328 rb=0.287351 res=0.112881 iters=100 threads=2
[poisson] loops: p0=0.000330 rb=0.287258 res=0.112594 iters=100 threads=2
[poisson] loops: p0=0.000332 rb=0.287455 res=0.112683 iters=100 threads=2
[poisson] loops: p0=0.000331 rb=0.287090 res=0.112599 iters=100 threads=2
[poisson] loops: p0=0.000328 rb=0.287594 res=0.112709 iters=100 threads=2
[poisson] loops: p0=0.000331 rb=0.287554 res=0.112633 iters=100 threads=2
[poisson] loops: p0=0.000328 rb=0.287156 res=0.112789 iters=100 threads=2
[poisson] loops: p0=0.000330 rb=0.288558 res=0.113211 iters=100 threads=2
[poisson] loops: p0=0.000333 rb=0.288034 res=0.112811 iters=100 threads=2
[poisson] loops: p0=0.000328 rb=0.288106 res=0.112811 iters=100 threads=2
[poisson] loops: p0=0.000329 rb=0.287311 res=0.112498 iters=100 threads=2
[poisson] loops: p0=0.000335 rb=0.287203 res=0.112655 iters=100 threads=2
[poisson] loops: p0=0.000329 rb=0.287914 res=0.112782 iters=100 threads=2
[poisson] loops: p0=0.000330 rb=0.286899 res=0.112549 iters=100 threads=2
[poisson] loops: p0=0.000329 rb=0.287645 res=0.112593 iters=100 threads=2
[poisson] loops: p0=0.000330 rb=0.287033 res=0.112494 iters=100 threads=2
[poisson] loops: p0=0.000333 rb=0.296386 res=0.116739 iters=100 threads=2
[poisson] loops: p0=0.000347 rb=0.292956 res=0.115138 iters=100 threads=2
[poisson] loops: p0=0.000333 rb=0.295522 res=0.115747 iters=100 threads=2
[poisson] loops: p0=0.000349 rb=0.295004 res=0.115971 iters=100 threads=2
[poisson] loops: p0=0.000335 rb=0.294721 res=0.114864 iters=100 threads=2
[poisson] loops: p0=0.000344 rb=0.293952 res=0.114905 iters=100 threads=2
[poisson] loops: p0=0.000344 rb=0.294387 res=0.115514 iters=100 threads=2
[poisson] loops: p0=0.000343 rb=0.291158 res=0.114546 iters=100 threads=2
[poisson] loops: p0=0.000335 rb=0.293293 res=0.114717 iters=100 threads=2
[poisson] loops: p0=0.000335 rb=0.288581 res=0.113548 iters=100 threads=2
[poisson] loops: p0=0.000328 rb=0.287578 res=0.112643 iters=100 threads=2
[poisson] loops: p0=0.000331 rb=0.290193 res=0.113812 iters=100 threads=2
[poisson] loops: p0=0.000346 rb=0.290564 res=0.113547 iters=100 threads=2
[poisson] loops: p0=0.000330 rb=0.293199 res=0.114955 iters=100 threads=2
[poisson] loops: p0=0.000331 rb=0.287119 res=0.112435 iters=100 threads=2
[poisson] loops: p0=0.000332 rb=0.287608 res=0.112771 iters=100 threads=2
[poisson] loops: p0=0.000331 rb=0.287428 res=0.112639 iters=100 threads=2
[poisson] loops: p0=0.000334 rb=0.287232 res=0.112615 iters=100 threads=2
[poisson] loops: p0=0.000335 rb=0.287322 res=0.112589 iters=100 threads=2
[poisson] loops: p0=0.000330 rb=0.287242 res=0.112569 iters=100 threads=2
[poisson] loops: p0=0.000333 rb=0.287623 res=0.112870 iters=100 threads=2
[poisson] loops: p0=0.000330 rb=0.287251 res=0.112587 iters=100 threads=2
[poisson] loops: p0=0.000334 rb=0.287293 res=0.112578 iters=100 threads=2
[poisson] loops: p0=0.000330 rb=0.287119 res=0.112790 iters=100 threads=2
[poisson] loops: p0=0.000333 rb=0.287257 res=0.112470 iters=100 threads=2
[poisson] loops: p0=0.000330 rb=0.287557 res=0.112863 iters=100 threads=2
[poisson] loops: p0=0.000328 rb=0.287163 res=0.112621 iters=100 threads=2
[poisson] loops: p0=0.000333 rb=0.287312 res=0.112839 iters=100 threads=2
[poisson] loops: p0=0.000333 rb=0.287679 res=0.112755 iters=100 threads=2
[poisson] loops: p0=0.000331 rb=0.287377 res=0.112505 iters=100 threads=2
[poisson] loops: p0=0.000331 rb=0.287573 res=0.112583 iters=100 threads=2
[poisson] loops: p0=0.000333 rb=0.286949 res=0.112522 iters=100 threads=2
[poisson] loops: p0=0.000328 rb=0.287210 res=0.112473 iters=100 threads=2
[poisson] loops: p0=0.000333 rb=0.287342 res=0.112875 iters=100 threads=2
[poisson] loops: p0=0.000332 rb=0.287345 res=0.112647 iters=100 threads=2
[poisson] loops: p0=0.000331 rb=0.287168 res=0.112516 iters=100 threads=2
[poisson] loops: p0=0.000335 rb=0.287201 res=0.112685 iters=100 threads=2
[poisson] loops: p0=0.000333 rb=0.288418 res=0.112954 iters=100 threads=2
[poisson] loops: p0=0.000330 rb=0.288413 res=0.113502 iters=100 threads=2
[poisson] loops: p0=0.000335 rb=0.287145 res=0.112739 iters=100 threads=2
[poisson] loops: p0=0.000337 rb=0.291671 res=0.114455 iters=100 threads=2
[poisson] loops: p0=0.000332 rb=0.287128 res=0.112573 iters=100 threads=2
[poisson] loops: p0=0.000336 rb=0.290150 res=0.113990 iters=100 threads=2
[poisson] loops: p0=0.000331 rb=0.287354 res=0.112718 iters=100 threads=2
[poisson] loops: p0=0.000330 rb=0.287400 res=0.112574 iters=100 threads=2
[poisson] loops: p0=0.000334 rb=0.287173 res=0.112834 iters=100 threads=2
[poisson] loops: p0=0.000332 rb=0.287521 res=0.112437 iters=100 threads=2
[poisson] loops: p0=0.000335 rb=0.287469 res=0.112572 iters=100 threads=2
[poisson] loops: p0=0.000334 rb=0.287329 res=0.112473 iters=100 threads=2
[poisson] loops: p0=0.000333 rb=0.287496 res=0.112747 iters=100 threads=2
[poisson] loops: p0=0.000335 rb=0.286896 res=0.112736 iters=100 threads=2
[poisson] loops: p0=0.000330 rb=0.287227 res=0.112473 iters=100 threads=2
Simulation complete.
Elapsed time: 196.648 sec 
