Could not open file 'no_such_file.bin': No such file or directory
Generating default state instead.
[poisson] loops: p0=0.000416 rb=0.176665 res=0.127239 iters=100 threads=8
[poisson] loops: p0=0.000375 rb=0.182455 res=0.157981 iters=100 threads=8
[poisson] loops: p0=0.000488 rb=0.207201 res=0.208036 iters=100 threads=8
[poisson] loops: p0=0.000588 rb=0.423393 res=0.271941 iters=100 threads=8
[poisson] loops: p0=0.000682 rb=0.787867 res=0.368222 iters=100 threads=8
[poisson] loops: p0=0.000715 rb=1.087211 res=0.468727 iters=100 threads=8
[poisson] loops: p0=0.000772 rb=1.114373 res=0.622504 iters=100 threads=8
[poisson] loops: p0=0.000816 rb=1.151232 res=0.904964 iters=100 threads=8
[poisson] loops: p0=0.000856 rb=1.111214 res=1.362313 iters=100 threads=8
[poisson] loops: p0=0.000894 rb=1.096389 res=1.313251 iters=100 threads=8
[poisson] loops: p0=0.000924 rb=1.099658 res=1.136110 iters=100 threads=8
[poisson] loops: p0=0.000954 rb=1.016859 res=0.965672 iters=100 threads=8
[poisson] loops: p0=0.000981 rb=0.723666 res=0.792125 iters=100 threads=8
[poisson] loops: p0=0.001038 rb=0.432078 res=0.609261 iters=100 threads=8
[poisson] loops: p0=0.001056 rb=0.199714 res=0.380979 iters=100 threads=8
[poisson] loops: p0=0.001078 rb=0.165520 res=0.203427 iters=100 threads=8
[poisson] loops: p0=0.001101 rb=0.165565 res=0.203168 iters=100 threads=8
[poisson] loops: p0=0.001120 rb=0.166743 res=0.205625 iters=100 threads=8
[poisson] loops: p0=0.001141 rb=0.165779 res=0.207558 iters=100 threads=8
[poisson] loops: p0=0.001163 rb=0.167376 res=0.206804 iters=100 threads=8
[poisson] loops: p0=0.001172 rb=0.165456 res=0.179538 iters=100 threads=8
[poisson] loops: p0=0.001181 rb=0.164658 res=0.148121 iters=100 threads=8
[poisson] loops: p0=0.000921 rb=0.165185 res=0.119651 iters=100 threads=8
[poisson] loops: p0=0.000662 rb=0.165479 res=0.115791 iters=100 threads=8
[poisson] loops: p0=0.000372 rb=0.164118 res=0.115883 iters=100 threads=8
[poisson] loops: p0=0.000335 rb=0.164474 res=0.115769 iters=100 threads=8
[poisson] loops: p0=0.000336 rb=0.164698 res=0.115756 iters=100 threads=8
[poisson] loops: p0=0.000335 rb=0.164136 res=0.116003 iters=100 threads=8
[poisson] loops: p0=0.000338 rb=0.165015 res=0.115824 iters=100 threads=8
[poisson] loops: p0=0.000337 rb=0.164954 res=0.115771 iters=100 threads=8
[poisson] loops: p0=0.000335 rb=0.165918 res=0.115902 iters=100 threads=8
[poisson] loops: p0=0.000334 rb=0.164573 res=0.115747 iters=100 threads=8
[poisson] loops: p0=0.000339 rb=0.164955 res=0.115893 iters=100 threads=8
[poisson] loops: p0=0.000340 rb=0.164226 res=0.115930 iters=100 threads=8
[poisson] loops: p0=0.000340 rb=0.164497 res=0.115717 iters=100 threads=8
[poisson] loops: p0=0.000335 rb=0.167604 res=0.115848 iters=100 threads=8
[poisson] loops: p0=0.000340 rb=0.163716 res=0.115683 iters=100 threads=8
[poisson] loops: p0=0.000335 rb=0.164561 res=0.115862 iters=100 threads=8
[poisson] loops: p0=0.000338 rb=0.164788 res=0.115755 iters=100 threads=8
[poisson] loops: p0=0.000335 rb=0.165005 res=0.115847 iters=100 threads=8
[poisson] loops: p0=0.000335 rb=0.164594 res=0.115796 iters=100 threads=8
[poisson] loops: p0=0.000339 rb=0.166296 res=0.115875 iters=100 threads=8
[poisson] loops: p0=0.000334 rb=0.164242 res=0.115726 iters=100 threads=8
[poisson] loops: p0=0.000334 rb=0.164098 res=0.115685 iters=100 threads=8
[poisson] loops: p0=0.000337 rb=0.164406 res=0.115952 iters=100 threads=8
[poisson] loops: p0=0.000339 rb=0.165030 res=0.115743 iters=100 threads=8
[poisson] loops: p0=0.000338 rb=0.164994 res=0.115804 iters=100 threads=8
[poisson] loops: p0=0.000342 rb=0.164226 res=0.115826 iters=100 threads=8
[poisson] loops: p0=0.000339 rb=0.165383 res=0.115838 iters=100 threads=8
[poisson] loops: p0=0.000336 rb=0.165066 res=0.115731 iters=100 threads=8
[poisson] loops: p0=0.000337 rb=0.164500 res=0.115823 iters=100 threads=8
[poisson] loops: p0=0.000335 rb=0.164319 res=0.115950 iters=100 threads=8
[poisson] loops: p0=0.000338 rb=0.165450 res=0.115752 iters=100 threads=8
[poisson] loops: p0=0.000336 rb=0.165120 res=0.115832 iters=100 threads=8
[poisson] loops: p0=0.000336 rb=0.165474 res=0.115820 iters=100 threads=8
[poisson] loops: p0=0.000336 rb=0.164384 res=0.115753 iters=100 threads=8
[poisson] loops: p0=0.000346 rb=0.164805 res=0.115811 iters=100 threads=8
[poisson] loops: p0=0.000336 rb=0.164075 res=0.115896 iters=100 threads=8
[poisson] loops: p0=0.000341 rb=0.164322 res=0.115886 iters=100 threads=8
[poisson] loops: p0=0.000335 rb=0.164825 res=0.115796 iters=100 threads=8
[poisson] loops: p0=0.000338 rb=0.164580 res=0.115788 iters=100 threads=8
[poisson] loops: p0=0.000334 rb=0.164405 res=0.115896 iters=100 threads=8
[poisson] loops: p0=0.000334 rb=0.164120 res=0.115721 iters=100 threads=8
[poisson] loops: p0=0.000334 rb=0.164587 res=0.115749 iters=100 threads=8
[poisson] loops: p0=0.000337 rb=0.165343 res=0.115792 iters=100 threads=8
[poisson] loops: p0=0.000341 rb=0.164590 res=0.115761 iters=100 threads=8
[poisson] loops: p0=0.000337 rb=0.165355 res=0.116023 iters=100 threads=8
[poisson] loops: p0=0.000337 rb=0.164622 res=0.115810 iters=100 threads=8
[poisson] loops: p0=0.000339 rb=0.163960 res=0.115723 iters=100 threads=8
[poisson] loops: p0=0.000337 rb=0.165946 res=0.115761 iters=100 threads=8
[poisson] loops: p0=0.000338 rb=0.167388 res=0.115824 iters=100 threads=8
[poisson] loops: p0=0.000338 rb=0.164777 res=0.115812 iters=100 threads=8
[poisson] loops: p0=0.000335 rb=0.164409 res=0.115787 iters=100 threads=8
[poisson] loops: p0=0.000340 rb=0.166440 res=0.115738 iters=100 threads=8
[poisson] loops: p0=0.000338 rb=0.165496 res=0.115843 iters=100 threads=8
[poisson] loops: p0=0.000336 rb=0.164517 res=0.115760 iters=100 threads=8
[poisson] loops: p0=0.000338 rb=0.165153 res=0.115995 iters=100 threads=8
[poisson] loops: p0=0.000341 rb=0.163976 res=0.115726 iters=100 threads=8
[poisson] loops: p0=0.000336 rb=0.165345 res=0.115957 iters=100 threads=8
[poisson] loops: p0=0.000335 rb=0.164714 res=0.115857 iters=100 threads=8
[poisson] loops: p0=0.000408 rb=0.165252 res=0.115759 iters=100 threads=8
[poisson] loops: p0=0.000337 rb=0.164169 res=0.115732 iters=100 threads=8
[poisson] loops: p0=0.000336 rb=0.165016 res=0.115921 iters=100 threads=8
[poisson] loops: p0=0.000336 rb=0.164419 res=0.115887 iters=100 threads=8
[poisson] loops: p0=0.000339 rb=0.164617 res=0.115712 iters=100 threads=8
[poisson] loops: p0=0.000339 rb=0.164400 res=0.115874 iters=100 threads=8
[poisson] loops: p0=0.000334 rb=0.165098 res=0.115777 iters=100 threads=8
[poisson] loops: p0=0.000334 rb=0.164142 res=0.115842 iters=100 threads=8
[poisson] loops: p0=0.000338 rb=0.165767 res=0.116034 iters=100 threads=8
[poisson] loops: p0=0.000343 rb=0.165082 res=0.115842 iters=100 threads=8
[poisson] loops: p0=0.000339 rb=0.164812 res=0.115726 iters=100 threads=8
[poisson] loops: p0=0.000338 rb=0.164202 res=0.115767 iters=100 threads=8
[poisson] loops: p0=0.000339 rb=0.164615 res=0.115775 iters=100 threads=8
[poisson] loops: p0=0.000339 rb=0.165157 res=0.115815 iters=100 threads=8
[poisson] loops: p0=0.000340 rb=0.164647 res=0.115720 iters=100 threads=8
[poisson] loops: p0=0.000335 rb=0.164967 res=0.115811 iters=100 threads=8
[poisson] loops: p0=0.000335 rb=0.164996 res=0.115841 iters=100 threads=8
[poisson] loops: p0=0.000334 rb=0.165845 res=0.115910 iters=100 threads=8
[poisson] loops: p0=0.000338 rb=0.163996 res=0.115715 iters=100 threads=8
[poisson] loops: p0=0.000340 rb=0.163905 res=0.115834 iters=100 threads=8
[poisson] loops: p0=0.000339 rb=0.164439 res=0.115703 iters=100 threads=8
[poisson] loops: p0=0.000337 rb=0.164397 res=0.115789 iters=100 threads=8
[poisson] loops: p0=0.000335 rb=0.164223 res=0.115953 iters=100 threads=8
[poisson] loops: p0=0.000336 rb=0.165160 res=0.116039 iters=100 threads=8
[poisson] loops: p0=0.000343 rb=0.166855 res=0.116009 iters=100 threads=8
[poisson] loops: p0=0.000343 rb=0.164713 res=0.115992 iters=100 threads=8
[poisson] loops: p0=0.000339 rb=0.164394 res=0.115821 iters=100 threads=8
[poisson] loops: p0=0.000335 rb=0.165936 res=0.115781 iters=100 threads=8
[poisson] loops: p0=0.000334 rb=0.164787 res=0.115766 iters=100 threads=8
[poisson] loops: p0=0.000338 rb=0.167847 res=0.118161 iters=100 threads=8
[poisson] loops: p0=0.000340 rb=0.164332 res=0.116159 iters=100 threads=8
[poisson] loops: p0=0.000341 rb=0.164604 res=0.115809 iters=100 threads=8
[poisson] loops: p0=0.000336 rb=0.165452 res=0.115892 iters=100 threads=8
[poisson] loops: p0=0.000339 rb=0.165230 res=0.115759 iters=100 threads=8
[poisson] loops: p0=0.000338 rb=0.165316 res=0.115839 iters=100 threads=8
[poisson] loops: p0=0.000339 rb=0.164837 res=0.115932 iters=100 threads=8
[poisson] loops: p0=0.000339 rb=0.168345 res=0.117486 iters=100 threads=8
[poisson] loops: p0=0.000341 rb=0.164689 res=0.116068 iters=100 threads=8
[poisson] loops: p0=0.000340 rb=0.164850 res=0.115858 iters=100 threads=8
[poisson] loops: p0=0.000334 rb=0.164942 res=0.115760 iters=100 threads=8
[poisson] loops: p0=0.000335 rb=0.165045 res=0.115804 iters=100 threads=8
[poisson] loops: p0=0.000335 rb=0.167243 res=0.115748 iters=100 threads=8
[poisson] loops: p0=0.000338 rb=0.164706 res=0.115739 iters=100 threads=8
[poisson] loops: p0=0.000340 rb=0.165076 res=0.115922 iters=100 threads=8
[poisson] loops: p0=0.000336 rb=0.165631 res=0.115734 iters=100 threads=8
[poisson] loops: p0=0.000335 rb=0.164315 res=0.115866 iters=100 threads=8
[poisson] loops: p0=0.000342 rb=0.164879 res=0.115882 iters=100 threads=8
[poisson] loops: p0=0.000338 rb=0.165064 res=0.115735 iters=100 threads=8
[poisson] loops: p0=0.000337 rb=0.164238 res=0.115917 iters=100 threads=8
[poisson] loops: p0=0.000338 rb=0.165119 res=0.115845 iters=100 threads=8
[poisson] loops: p0=0.000337 rb=0.164545 res=0.115825 iters=100 threads=8
[poisson] loops: p0=0.000335 rb=0.164499 res=0.115724 iters=100 threads=8
[poisson] loops: p0=0.000340 rb=0.164055 res=0.115819 iters=100 threads=8
[poisson] loops: p0=0.000337 rb=0.164548 res=0.115769 iters=100 threads=8
[poisson] loops: p0=0.000337 rb=0.164450 res=0.115862 iters=100 threads=8
[poisson] loops: p0=0.000336 rb=0.164833 res=0.115869 iters=100 threads=8
[poisson] loops: p0=0.000338 rb=0.164186 res=0.115873 iters=100 threads=8
[poisson] loops: p0=0.000342 rb=0.164837 res=0.115822 iters=100 threads=8
[poisson] loops: p0=0.000337 rb=0.164255 res=0.115720 iters=100 threads=8
[poisson] loops: p0=0.000335 rb=0.164455 res=0.115746 iters=100 threads=8
[poisson] loops: p0=0.000339 rb=0.165232 res=0.115812 iters=100 threads=8
[poisson] loops: p0=0.000340 rb=0.164905 res=0.115668 iters=100 threads=8
[poisson] loops: p0=0.000338 rb=0.164975 res=0.115869 iters=100 threads=8
[poisson] loops: p0=0.000336 rb=0.164759 res=0.115769 iters=100 threads=8
[poisson] loops: p0=0.000336 rb=0.165134 res=0.115891 iters=100 threads=8
[poisson] loops: p0=0.000335 rb=0.165022 res=0.115771 iters=100 threads=8
[poisson] loops: p0=0.000341 rb=0.164239 res=0.115882 iters=100 threads=8
[poisson] loops: p0=0.000336 rb=0.164755 res=0.115920 iters=100 threads=8
[poisson] loops: p0=0.000335 rb=0.164422 res=0.115809 iters=100 threads=8
[poisson] loops: p0=0.000338 rb=0.165913 res=0.115943 iters=100 threads=8
[poisson] loops: p0=0.000340 rb=0.167008 res=0.115772 iters=100 threads=8
[poisson] loops: p0=0.000335 rb=0.164435 res=0.115806 iters=100 threads=8
[poisson] loops: p0=0.000339 rb=0.164956 res=0.115735 iters=100 threads=8
[poisson] loops: p0=0.000334 rb=0.165260 res=0.115810 iters=100 threads=8
[poisson] loops: p0=0.000341 rb=0.164651 res=0.116031 iters=100 threads=8
[poisson] loops: p0=0.000335 rb=0.165359 res=0.115852 iters=100 threads=8
[poisson] loops: p0=0.000338 rb=0.164532 res=0.115935 iters=100 threads=8
[poisson] loops: p0=0.000335 rb=0.165555 res=0.115950 iters=100 threads=8
[poisson] loops: p0=0.000339 rb=0.165592 res=0.115781 iters=100 threads=8
[poisson] loops: p0=0.000335 rb=0.164353 res=0.115933 iters=100 threads=8
[poisson] loops: p0=0.000336 rb=0.164407 res=0.115876 iters=100 threads=8
[poisson] loops: p0=0.000335 rb=0.165651 res=0.115860 iters=100 threads=8
[poisson] loops: p0=0.000335 rb=0.164724 res=0.115872 iters=100 threads=8
[poisson] loops: p0=0.000340 rb=0.165618 res=0.115797 iters=100 threads=8
[poisson] loops: p0=0.000334 rb=0.164171 res=0.115680 iters=100 threads=8
[poisson] loops: p0=0.000336 rb=0.165553 res=0.115730 iters=100 threads=8
[poisson] loops: p0=0.000337 rb=0.164501 res=0.115682 iters=100 threads=8
[poisson] loops: p0=0.000341 rb=0.164072 res=0.115873 iters=100 threads=8
[poisson] loops: p0=0.000338 rb=0.164955 res=0.115953 iters=100 threads=8
[poisson] loops: p0=0.000339 rb=0.164443 res=0.115794 iters=100 threads=8
[poisson] loops: p0=0.000337 rb=0.163905 res=0.115732 iters=100 threads=8
[poisson] loops: p0=0.000334 rb=0.165147 res=0.115772 iters=100 threads=8
[poisson] loops: p0=0.000336 rb=0.165058 res=0.115734 iters=100 threads=8
[poisson] loops: p0=0.000337 rb=0.169656 res=0.115908 iters=100 threads=8
[poisson] loops: p0=0.000349 rb=0.174053 res=0.115892 iters=100 threads=8
[poisson] loops: p0=0.000340 rb=0.166870 res=0.115814 iters=100 threads=8
[poisson] loops: p0=0.000335 rb=0.164856 res=0.115771 iters=100 threads=8
[poisson] loops: p0=0.000335 rb=0.165035 res=0.115709 iters=100 threads=8
[poisson] loops: p0=0.000335 rb=0.165432 res=0.115730 iters=100 threads=8
[poisson] loops: p0=0.000336 rb=0.164034 res=0.115825 iters=100 threads=8
[poisson] loops: p0=0.000338 rb=0.164071 res=0.115904 iters=100 threads=8
[poisson] loops: p0=0.000336 rb=0.164763 res=0.115753 iters=100 threads=8
[poisson] loops: p0=0.000336 rb=0.168064 res=0.115960 iters=100 threads=8
[poisson] loops: p0=0.000335 rb=0.165337 res=0.115895 iters=100 threads=8
[poisson] loops: p0=0.000337 rb=0.163925 res=0.115851 iters=100 threads=8
[poisson] loops: p0=0.000335 rb=0.164373 res=0.115821 iters=100 threads=8
[poisson] loops: p0=0.000342 rb=0.164719 res=0.115823 iters=100 threads=8
[poisson] loops: p0=0.000337 rb=0.165870 res=0.116029 iters=100 threads=8
[poisson] loops: p0=0.000339 rb=0.164883 res=0.115782 iters=100 threads=8
[poisson] loops: p0=0.000336 rb=0.164878 res=0.115763 iters=100 threads=8
[poisson] loops: p0=0.000335 rb=0.164279 res=0.115750 iters=100 threads=8
[poisson] loops: p0=0.000335 rb=0.166209 res=0.116096 iters=100 threads=8
[poisson] loops: p0=0.000338 rb=0.164995 res=0.115931 iters=100 threads=8
[poisson] loops: p0=0.000338 rb=0.165327 res=0.115954 iters=100 threads=8
[poisson] loops: p0=0.000338 rb=0.163857 res=0.115776 iters=100 threads=8
[poisson] loops: p0=0.000337 rb=0.164324 res=0.115827 iters=100 threads=8
[poisson] loops: p0=0.000336 rb=0.165175 res=0.115727 iters=100 threads=8
[poisson] loops: p0=0.000334 rb=0.164469 res=0.115752 iters=100 threads=8
[poisson] loops: p0=0.000336 rb=0.165255 res=0.115945 iters=100 threads=8
[poisson] loops: p0=0.000337 rb=0.164951 res=0.115848 iters=100 threads=8
[poisson] loops: p0=0.000340 rb=0.164593 res=0.115833 iters=100 threads=8
[poisson] loops: p0=0.000335 rb=0.164577 res=0.115913 iters=100 threads=8
[poisson] loops: p0=0.000341 rb=0.164648 res=0.115764 iters=100 threads=8
[poisson] loops: p0=0.000335 rb=0.165050 res=0.115961 iters=100 threads=8
[poisson] loops: p0=0.000338 rb=0.164738 res=0.115808 iters=100 threads=8
[poisson] loops: p0=0.000335 rb=0.164370 res=0.115728 iters=100 threads=8
[poisson] loops: p0=0.000334 rb=0.164592 res=0.115860 iters=100 threads=8
[poisson] loops: p0=0.000338 rb=0.164098 res=0.115754 iters=100 threads=8
[poisson] loops: p0=0.000337 rb=0.164558 res=0.115838 iters=100 threads=8
[poisson] loops: p0=0.000339 rb=0.164688 res=0.115968 iters=100 threads=8
[poisson] loops: p0=0.000337 rb=0.166692 res=0.115770 iters=100 threads=8
[poisson] loops: p0=0.000335 rb=0.165023 res=0.115898 iters=100 threads=8
[poisson] loops: p0=0.000336 rb=0.164800 res=0.115856 iters=100 threads=8
[poisson] loops: p0=0.000336 rb=0.165246 res=0.115749 iters=100 threads=8
[poisson] loops: p0=0.000336 rb=0.164043 res=0.115732 iters=100 threads=8
[poisson] loops: p0=0.000335 rb=0.164033 res=0.115735 iters=100 threads=8
[poisson] loops: p0=0.000335 rb=0.168270 res=0.116013 iters=100 threads=8
[poisson] loops: p0=0.000336 rb=0.165392 res=0.115753 iters=100 threads=8
[poisson] loops: p0=0.000337 rb=0.164857 res=0.115897 iters=100 threads=8
[poisson] loops: p0=0.000336 rb=0.164871 res=0.115729 iters=100 threads=8
[poisson] loops: p0=0.000335 rb=0.164776 res=0.115783 iters=100 threads=8
[poisson] loops: p0=0.000335 rb=0.164865 res=0.115834 iters=100 threads=8
[poisson] loops: p0=0.000340 rb=0.164439 res=0.116051 iters=100 threads=8
[poisson] loops: p0=0.000338 rb=0.164513 res=0.115993 iters=100 threads=8
[poisson] loops: p0=0.000336 rb=0.164954 res=0.115709 iters=100 threads=8
[poisson] loops: p0=0.000338 rb=0.164660 res=0.115791 iters=100 threads=8
[poisson] loops: p0=0.000337 rb=0.163806 res=0.115733 iters=100 threads=8
[poisson] loops: p0=0.000335 rb=0.165330 res=0.115657 iters=100 threads=8
[poisson] loops: p0=0.000336 rb=0.165457 res=0.115786 iters=100 threads=8
[poisson] loops: p0=0.000339 rb=0.165258 res=0.115865 iters=100 threads=8
[poisson] loops: p0=0.000344 rb=0.165379 res=0.115780 iters=100 threads=8
[poisson] loops: p0=0.000336 rb=0.164949 res=0.115739 iters=100 threads=8
[poisson] loops: p0=0.000335 rb=0.164090 res=0.115714 iters=100 threads=8
[poisson] loops: p0=0.000341 rb=0.164583 res=0.115883 iters=100 threads=8
[poisson] loops: p0=0.000337 rb=0.164897 res=0.115780 iters=100 threads=8
[poisson] loops: p0=0.000336 rb=0.164741 res=0.115848 iters=100 threads=8
[poisson] loops: p0=0.000334 rb=0.164704 res=0.115779 iters=100 threads=8
[poisson] loops: p0=0.000334 rb=0.165522 res=0.115786 iters=100 threads=8
[poisson] loops: p0=0.000336 rb=0.164999 res=0.115760 iters=100 threads=8
[poisson] loops: p0=0.000342 rb=0.164657 res=0.115856 iters=100 threads=8
[poisson] loops: p0=0.000335 rb=0.164855 res=0.115763 iters=100 threads=8
[poisson] loops: p0=0.000336 rb=0.165024 res=0.115714 iters=100 threads=8
[poisson] loops: p0=0.000334 rb=0.165010 res=0.115839 iters=100 threads=8
[poisson] loops: p0=0.000334 rb=0.163980 res=0.115968 iters=100 threads=8
[poisson] loops: p0=0.000334 rb=0.164458 res=0.115897 iters=100 threads=8
[poisson] loops: p0=0.000337 rb=0.165485 res=0.115882 iters=100 threads=8
[poisson] loops: p0=0.000333 rb=0.164532 res=0.115795 iters=100 threads=8
[poisson] loops: p0=0.000336 rb=0.165984 res=0.115890 iters=100 threads=8
[poisson] loops: p0=0.000336 rb=0.164759 res=0.115741 iters=100 threads=8
[poisson] loops: p0=0.000337 rb=0.164202 res=0.115678 iters=100 threads=8
[poisson] loops: p0=0.000336 rb=0.164403 res=0.115729 iters=100 threads=8
[poisson] loops: p0=0.000338 rb=0.164942 res=0.115736 iters=100 threads=8
[poisson] loops: p0=0.000336 rb=0.164723 res=0.115804 iters=100 threads=8
[poisson] loops: p0=0.000342 rb=0.164642 res=0.115738 iters=100 threads=8
[poisson] loops: p0=0.000334 rb=0.164693 res=0.115747 iters=100 threads=8
[poisson] loops: p0=0.000345 rb=0.164506 res=0.115711 iters=100 threads=8
[poisson] loops: p0=0.000337 rb=0.164177 res=0.115833 iters=100 threads=8
[poisson] loops: p0=0.000339 rb=0.164279 res=0.115758 iters=100 threads=8
[poisson] loops: p0=0.000335 rb=0.164398 res=0.115783 iters=100 threads=8
[poisson] loops: p0=0.000339 rb=0.164376 res=0.115854 iters=100 threads=8
[poisson] loops: p0=0.000336 rb=0.165596 res=0.115869 iters=100 threads=8
[poisson] loops: p0=0.000339 rb=0.164839 res=0.115659 iters=100 threads=8
[poisson] loops: p0=0.000336 rb=0.164580 res=0.115837 iters=100 threads=8
[poisson] loops: p0=0.000337 rb=0.165733 res=0.115791 iters=100 threads=8
[poisson] loops: p0=0.000334 rb=0.163657 res=0.115831 iters=100 threads=8
[poisson] loops: p0=0.000335 rb=0.165101 res=0.115884 iters=100 threads=8
[poisson] loops: p0=0.000337 rb=0.165014 res=0.115765 iters=100 threads=8
[poisson] loops: p0=0.000335 rb=0.165517 res=0.115753 iters=100 threads=8
[poisson] loops: p0=0.000335 rb=0.169907 res=0.116607 iters=100 threads=8
[poisson] loops: p0=0.000337 rb=0.164177 res=0.115809 iters=100 threads=8
[poisson] loops: p0=0.000334 rb=0.164352 res=0.115818 iters=100 threads=8
[poisson] loops: p0=0.000336 rb=0.166379 res=0.115930 iters=100 threads=8
[poisson] loops: p0=0.000339 rb=0.164749 res=0.115721 iters=100 threads=8
[poisson] loops: p0=0.000337 rb=0.164341 res=0.115889 iters=100 threads=8
[poisson] loops: p0=0.000339 rb=0.164162 res=0.115875 iters=100 threads=8
[poisson] loops: p0=0.000339 rb=0.165936 res=0.115895 iters=100 threads=8
[poisson] loops: p0=0.000337 rb=0.164459 res=0.115838 iters=100 threads=8
[poisson] loops: p0=0.000340 rb=0.165218 res=0.115814 iters=100 threads=8
[poisson] loops: p0=0.000335 rb=0.165535 res=0.115725 iters=100 threads=8
[poisson] loops: p0=0.000338 rb=0.164170 res=0.116019 iters=100 threads=8
[poisson] loops: p0=0.000336 rb=0.164011 res=0.115768 iters=100 threads=8
[poisson] loops: p0=0.000336 rb=0.164319 res=0.115732 iters=100 threads=8
[poisson] loops: p0=0.000339 rb=0.165419 res=0.115743 iters=100 threads=8
[poisson] loops: p0=0.000338 rb=0.164461 res=0.115959 iters=100 threads=8
[poisson] loops: p0=0.000335 rb=0.165717 res=0.115788 iters=100 threads=8
[poisson] loops: p0=0.000340 rb=0.164711 res=0.115793 iters=100 threads=8
[poisson] loops: p0=0.000336 rb=0.166686 res=0.115954 iters=100 threads=8
[poisson] loops: p0=0.000336 rb=0.164395 res=0.115827 iters=100 threads=8
[poisson] loops: p0=0.000337 rb=0.164146 res=0.115815 iters=100 threads=8
[poisson] loops: p0=0.000336 rb=0.165315 res=0.115756 iters=100 threads=8
[poisson] loops: p0=0.000338 rb=0.164936 res=0.115932 iters=100 threads=8
[poisson] loops: p0=0.000338 rb=0.164390 res=0.115791 iters=100 threads=8
[poisson] loops: p0=0.000335 rb=0.164208 res=0.115955 iters=100 threads=8
[poisson] loops: p0=0.000337 rb=0.163810 res=0.116029 iters=100 threads=8
[poisson] loops: p0=0.000337 rb=0.164049 res=0.115762 iters=100 threads=8
[poisson] loops: p0=0.000334 rb=0.165038 res=0.115843 iters=100 threads=8
[poisson] loops: p0=0.000337 rb=0.165367 res=0.115822 iters=100 threads=8
[poisson] loops: p0=0.000337 rb=0.164235 res=0.115805 iters=100 threads=8
[poisson] loops: p0=0.000339 rb=0.163947 res=0.115802 iters=100 threads=8
[poisson] loops: p0=0.000337 rb=0.164950 res=0.115934 iters=100 threads=8
[poisson] loops: p0=0.000335 rb=0.164465 res=0.115845 iters=100 threads=8
[poisson] loops: p0=0.000339 rb=0.165616 res=0.115735 iters=100 threads=8
[poisson] loops: p0=0.000336 rb=0.167105 res=0.115967 iters=100 threads=8
[poisson] loops: p0=0.000336 rb=0.164562 res=0.115936 iters=100 threads=8
[poisson] loops: p0=0.000335 rb=0.164279 res=0.115716 iters=100 threads=8
[poisson] loops: p0=0.000338 rb=0.163900 res=0.115754 iters=100 threads=8
[poisson] loops: p0=0.000342 rb=0.164021 res=0.115900 iters=100 threads=8
[poisson] loops: p0=0.000337 rb=0.164263 res=0.115775 iters=100 threads=8
[poisson] loops: p0=0.000338 rb=0.164676 res=0.115711 iters=100 threads=8
[poisson] loops: p0=0.000337 rb=0.164618 res=0.115981 iters=100 threads=8
[poisson] loops: p0=0.000348 rb=0.164559 res=0.115788 iters=100 threads=8
[poisson] loops: p0=0.000337 rb=0.164097 res=0.116143 iters=100 threads=8
[poisson] loops: p0=0.000336 rb=0.164012 res=0.115942 iters=100 threads=8
[poisson] loops: p0=0.000337 rb=0.166696 res=0.115801 iters=100 threads=8
[poisson] loops: p0=0.000336 rb=0.164933 res=0.116074 iters=100 threads=8
[poisson] loops: p0=0.000335 rb=0.164538 res=0.115747 iters=100 threads=8
[poisson] loops: p0=0.000338 rb=0.164910 res=0.115796 iters=100 threads=8
[poisson] loops: p0=0.000338 rb=0.164340 res=0.115790 iters=100 threads=8
[poisson] loops: p0=0.000340 rb=0.164785 res=0.115900 iters=100 threads=8
[poisson] loops: p0=0.000336 rb=0.164944 res=0.115725 iters=100 threads=8
[poisson] loops: p0=0.000337 rb=0.165409 res=0.115714 iters=100 threads=8
[poisson] loops: p0=0.000337 rb=0.164350 res=0.115813 iters=100 threads=8
[poisson] loops: p0=0.000341 rb=0.164236 res=0.115797 iters=100 threads=8
[poisson] loops: p0=0.000344 rb=0.163907 res=0.115962 iters=100 threads=8
[poisson] loops: p0=0.000338 rb=0.164879 res=0.115820 iters=100 threads=8
[poisson] loops: p0=0.000339 rb=0.165296 res=0.115737 iters=100 threads=8
[poisson] loops: p0=0.000335 rb=0.163753 res=0.115798 iters=100 threads=8
[poisson] loops: p0=0.000337 rb=0.164618 res=0.115965 iters=100 threads=8
[poisson] loops: p0=0.000338 rb=0.164904 res=0.115825 iters=100 threads=8
[poisson] loops: p0=0.000336 rb=0.164342 res=0.115792 iters=100 threads=8
[poisson] loops: p0=0.000335 rb=0.165884 res=0.115870 iters=100 threads=8
[poisson] loops: p0=0.000336 rb=0.164969 res=0.115811 iters=100 threads=8
[poisson] loops: p0=0.000335 rb=0.164437 res=0.115847 iters=100 threads=8
[poisson] loops: p0=0.000337 rb=0.163999 res=0.115827 iters=100 threads=8
[poisson] loops: p0=0.000336 rb=0.164346 res=0.115784 iters=100 threads=8
[poisson] loops: p0=0.000339 rb=0.164141 res=0.115808 iters=100 threads=8
[poisson] loops: p0=0.000338 rb=0.164812 res=0.115814 iters=100 threads=8
[poisson] loops: p0=0.000340 rb=0.164227 res=0.115702 iters=100 threads=8
[poisson] loops: p0=0.000338 rb=0.163777 res=0.115940 iters=100 threads=8
[poisson] loops: p0=0.000336 rb=0.164635 res=0.115731 iters=100 threads=8
[poisson] loops: p0=0.000337 rb=0.164628 res=0.115752 iters=100 threads=8
[poisson] loops: p0=0.000337 rb=0.164706 res=0.115743 iters=100 threads=8
[poisson] loops: p0=0.000335 rb=0.164957 res=0.115786 iters=100 threads=8
[poisson] loops: p0=0.000338 rb=0.166222 res=0.115756 iters=100 threads=8
[poisson] loops: p0=0.000338 rb=0.163808 res=0.115898 iters=100 threads=8
[poisson] loops: p0=0.000340 rb=0.164711 res=0.115858 iters=100 threads=8
[poisson] loops: p0=0.000338 rb=0.165754 res=0.115760 iters=100 threads=8
[poisson] loops: p0=0.000336 rb=0.165143 res=0.115655 iters=100 threads=8
[poisson] loops: p0=0.000335 rb=0.164532 res=0.115739 iters=100 threads=8
[poisson] loops: p0=0.000338 rb=0.164960 res=0.115908 iters=100 threads=8
[poisson] loops: p0=0.000334 rb=0.164911 res=0.115949 iters=100 threads=8
[poisson] loops: p0=0.000335 rb=0.164113 res=0.115882 iters=100 threads=8
[poisson] loops: p0=0.000337 rb=0.164579 res=0.115802 iters=100 threads=8
[poisson] loops: p0=0.000338 rb=0.164208 res=0.115892 iters=100 threads=8
[poisson] loops: p0=0.000336 rb=0.164927 res=0.115737 iters=100 threads=8
[poisson] loops: p0=0.000339 rb=0.164294 res=0.115918 iters=100 threads=8
[poisson] loops: p0=0.000335 rb=0.166874 res=0.115765 iters=100 threads=8
[poisson] loops: p0=0.000335 rb=0.163953 res=0.115986 iters=100 threads=8
[poisson] loops: p0=0.000336 rb=0.164283 res=0.115689 iters=100 threads=8
[poisson] loops: p0=0.000338 rb=0.165967 res=0.115836 iters=100 threads=8
[poisson] loops: p0=0.000335 rb=0.164603 res=0.115727 iters=100 threads=8
[poisson] loops: p0=0.000336 rb=0.164827 res=0.115892 iters=100 threads=8
[poisson] loops: p0=0.000336 rb=0.164469 res=0.115892 iters=100 threads=8
[poisson] loops: p0=0.000338 rb=0.165165 res=0.115862 iters=100 threads=8
[poisson] loops: p0=0.000335 rb=0.165309 res=0.115756 iters=100 threads=8
[poisson] loops: p0=0.000338 rb=0.164752 res=0.115919 iters=100 threads=8
[poisson] loops: p0=0.000343 rb=0.164939 res=0.115834 iters=100 threads=8
[poisson] loops: p0=0.000337 rb=0.164897 res=0.115923 iters=100 threads=8
[poisson] loops: p0=0.000339 rb=0.164323 res=0.115888 iters=100 threads=8
[poisson] loops: p0=0.000336 rb=0.164558 res=0.115744 iters=100 threads=8
[poisson] loops: p0=0.000338 rb=0.165634 res=0.115848 iters=100 threads=8
[poisson] loops: p0=0.000334 rb=0.164513 res=0.115948 iters=100 threads=8
[poisson] loops: p0=0.000337 rb=0.163983 res=0.115877 iters=100 threads=8
[poisson] loops: p0=0.000337 rb=0.164414 res=0.115741 iters=100 threads=8
[poisson] loops: p0=0.000336 rb=0.164828 res=0.115868 iters=100 threads=8
[poisson] loops: p0=0.000339 rb=0.164585 res=0.115751 iters=100 threads=8
[poisson] loops: p0=0.000336 rb=0.165009 res=0.115724 iters=100 threads=8
[poisson] loops: p0=0.000335 rb=0.164134 res=0.115712 iters=100 threads=8
[poisson] loops: p0=0.000336 rb=0.164810 res=0.115854 iters=100 threads=8
[poisson] loops: p0=0.000336 rb=0.175590 res=0.115949 iters=100 threads=8
[poisson] loops: p0=0.000343 rb=0.169498 res=0.116885 iters=100 threads=8
[poisson] loops: p0=0.000335 rb=0.165042 res=0.115832 iters=100 threads=8
[poisson] loops: p0=0.000334 rb=0.164763 res=0.115777 iters=100 threads=8
[poisson] loops: p0=0.000339 rb=0.164748 res=0.115750 iters=100 threads=8
[poisson] loops: p0=0.000335 rb=0.164201 res=0.115794 iters=100 threads=8
[poisson] loops: p0=0.000335 rb=0.166345 res=0.116233 iters=100 threads=8
[poisson] loops: p0=0.000337 rb=0.164707 res=0.115923 iters=100 threads=8
[poisson] loops: p0=0.000343 rb=0.165002 res=0.115751 iters=100 threads=8
[poisson] loops: p0=0.000341 rb=0.165187 res=0.115786 iters=100 threads=8
[poisson] loops: p0=0.000339 rb=0.164364 res=0.115764 iters=100 threads=8
[poisson] loops: p0=0.000337 rb=0.165147 res=0.115869 iters=100 threads=8
[poisson] loops: p0=0.000336 rb=0.164176 res=0.115775 iters=100 threads=8
[poisson] loops: p0=0.000336 rb=0.165042 res=0.115786 iters=100 threads=8
[poisson] loops: p0=0.000334 rb=0.164481 res=0.115944 iters=100 threads=8
[poisson] loops: p0=0.000340 rb=0.165479 res=0.115789 iters=100 threads=8
[poisson] loops: p0=0.000335 rb=0.164430 res=0.115800 iters=100 threads=8
[poisson] loops: p0=0.000335 rb=0.164993 res=0.115875 iters=100 threads=8
[poisson] loops: p0=0.000340 rb=0.164698 res=0.115751 iters=100 threads=8
[poisson] loops: p0=0.000335 rb=0.165758 res=0.115712 iters=100 threads=8
[poisson] loops: p0=0.000337 rb=0.165142 res=0.115766 iters=100 threads=8
[poisson] loops: p0=0.000338 rb=0.164999 res=0.115740 iters=100 threads=8
[poisson] loops: p0=0.000335 rb=0.164767 res=0.115778 iters=100 threads=8
[poisson] loops: p0=0.000338 rb=0.164268 res=0.115869 iters=100 threads=8
[poisson] loops: p0=0.000335 rb=0.163866 res=0.115723 iters=100 threads=8
[poisson] loops: p0=0.000337 rb=0.164279 res=0.115723 iters=100 threads=8
[poisson] loops: p0=0.000334 rb=0.164693 res=0.115959 iters=100 threads=8
[poisson] loops: p0=0.000336 rb=0.164727 res=0.115745 iters=100 threads=8
[poisson] loops: p0=0.000337 rb=0.164877 res=0.115756 iters=100 threads=8
[poisson] loops: p0=0.000336 rb=0.165012 res=0.115869 iters=100 threads=8
[poisson] loops: p0=0.000333 rb=0.164523 res=0.115682 iters=100 threads=8
[poisson] loops: p0=0.000338 rb=0.164639 res=0.115756 iters=100 threads=8
[poisson] loops: p0=0.000338 rb=0.164497 res=0.115889 iters=100 threads=8
[poisson] loops: p0=0.000339 rb=0.166201 res=0.115753 iters=100 threads=8
[poisson] loops: p0=0.000339 rb=0.164524 res=0.115824 iters=100 threads=8
[poisson] loops: p0=0.000337 rb=0.164695 res=0.115745 iters=100 threads=8
[poisson] loops: p0=0.000337 rb=0.165430 res=0.115748 iters=100 threads=8
[poisson] loops: p0=0.000336 rb=0.165400 res=0.115832 iters=100 threads=8
[poisson] loops: p0=0.000336 rb=0.164329 res=0.115929 iters=100 threads=8
[poisson] loops: p0=0.000344 rb=0.165013 res=0.115940 iters=100 threads=8
[poisson] loops: p0=0.000338 rb=0.164376 res=0.115958 iters=100 threads=8
[poisson] loops: p0=0.000335 rb=0.164143 res=0.115687 iters=100 threads=8
Simulation complete.
Elapsed time: 139.881 sec 
