Could not open file 'no_such_file.bin': No such file or directory
Generating default state instead.
[poisson] loops: p0=0.000086 rb=0.057865 res=0.032101 iters=100 threads=8
[poisson] loops: p0=0.000115 rb=0.073169 res=0.054819 iters=100 threads=8
[poisson] loops: p0=0.000163 rb=0.167591 res=0.083463 iters=100 threads=8
[poisson] loops: p0=0.000210 rb=0.259594 res=0.143749 iters=100 threads=8
[poisson] loops: p0=0.000250 rb=0.097243 res=0.098601 iters=100 threads=8
[poisson] loops: p0=0.000285 rb=0.054482 res=0.052491 iters=100 threads=8
[poisson] loops: p0=0.000309 rb=0.050670 res=0.036209 iters=100 threads=8
[poisson] loops: p0=0.000147 rb=0.050814 res=0.029200 iters=100 threads=8
[poisson] loops: p0=0.000082 rb=0.054591 res=0.029196 iters=100 threads=8
[poisson] loops: p0=0.000081 rb=0.052131 res=0.029258 iters=100 threads=8
[poisson] loops: p0=0.000081 rb=0.052051 res=0.029196 iters=100 threads=8
[poisson] loops: p0=0.000081 rb=0.050415 res=0.029187 iters=100 threads=8
[poisson] loops: p0=0.000081 rb=0.052509 res=0.029275 iters=100 threads=8
[poisson] loops: p0=0.000081 rb=0.058158 res=0.029248 iters=100 threads=8
[poisson] loops: p0=0.000081 rb=0.057326 res=0.029206 iters=100 threads=8
[poisson] loops: p0=0.000088 rb=0.056079 res=0.029224 iters=100 threads=8
[poisson] loops: p0=0.000086 rb=0.055432 res=0.029364 iters=100 threads=8
[poisson] loops: p0=0.000081 rb=0.054637 res=0.029623 iters=100 threads=8
[poisson] loops: p0=0.000081 rb=0.051521 res=0.029220 iters=100 threads=8
[poisson] loops: p0=0.000081 rb=0.050814 res=0.029168 iters=100 threads=8
[poisson] loops: p0=0.000084 rb=0.051238 res=0.029199 iters=100 threads=8
[poisson] loops: p0=0.000082 rb=0.053020 res=0.029267 iters=100 threads=8
[poisson] loops: p0=0.000081 rb=0.055898 res=0.029268 iters=100 threads=8
[poisson] loops: p0=0.000087 rb=0.056903 res=0.029237 iters=100 threads=8
[poisson] loops: p0=0.000081 rb=0.055358 res=0.029221 iters=100 threads=8
[poisson] loops: p0=0.000081 rb=0.055427 res=0.029263 iters=100 threads=8
[poisson] loops: p0=0.000081 rb=0.055752 res=0.029246 iters=100 threads=8
[poisson] loops: p0=0.000085 rb=0.050444 res=0.029157 iters=100 threads=8
[poisson] loops: p0=0.000081 rb=0.051715 res=0.029178 iters=100 threads=8
[poisson] loops: p0=0.000081 rb=0.050446 res=0.029163 iters=100 threads=8
[poisson] loops: p0=0.000082 rb=0.051329 res=0.029249 iters=100 threads=8
[poisson] loops: p0=0.000081 rb=0.051438 res=0.029164 iters=100 threads=8
[poisson] loops: p0=0.000081 rb=0.052594 res=0.029179 iters=100 threads=8
[poisson] loops: p0=0.000086 rb=0.056550 res=0.029212 iters=100 threads=8
[poisson] loops: p0=0.000092 rb=0.062368 res=0.029591 iters=100 threads=8
[poisson] loops: p0=0.000086 rb=0.058697 res=0.030863 iters=100 threads=8
[poisson] loops: p0=0.000082 rb=0.055448 res=0.029198 iters=100 threads=8
[poisson] loops: p0=0.000081 rb=0.057258 res=0.029221 iters=100 threads=8
[poisson] loops: p0=0.000084 rb=0.055911 res=0.029236 iters=100 threads=8
[poisson] loops: p0=0.000082 rb=0.054674 res=0.029203 iters=100 threads=8
[poisson] loops: p0=0.000081 rb=0.054272 res=0.029253 iters=100 threads=8
[poisson] loops: p0=0.000081 rb=0.050447 res=0.029161 iters=100 threads=8
[poisson] loops: p0=0.000081 rb=0.049837 res=0.029172 iters=100 threads=8
[poisson] loops: p0=0.000081 rb=0.051753 res=0.029146 iters=100 threads=8
[poisson] loops: p0=0.000081 rb=0.050466 res=0.029136 iters=100 threads=8
[poisson] loops: p0=0.000081 rb=0.051440 res=0.029140 iters=100 threads=8
[poisson] loops: p0=0.000081 rb=0.051520 res=0.029180 iters=100 threads=8
[poisson] loops: p0=0.000081 rb=0.049971 res=0.029159 iters=100 threads=8
[poisson] loops: p0=0.000081 rb=0.050087 res=0.029201 iters=100 threads=8
[poisson] loops: p0=0.000081 rb=0.050133 res=0.029152 iters=100 threads=8
[poisson] loops: p0=0.000081 rb=0.050595 res=0.029213 iters=100 threads=8
[poisson] loops: p0=0.000081 rb=0.050000 res=0.029134 iters=100 threads=8
[poisson] loops: p0=0.000081 rb=0.050261 res=0.029156 iters=100 threads=8
[poisson] loops: p0=0.000081 rb=0.051132 res=0.029154 iters=100 threads=8
[poisson] loops: p0=0.000081 rb=0.051341 res=0.029271 iters=100 threads=8
[poisson] loops: p0=0.000081 rb=0.049703 res=0.029138 iters=100 threads=8
[poisson] loops: p0=0.000081 rb=0.051793 res=0.029219 iters=100 threads=8
[poisson] loops: p0=0.000081 rb=0.050422 res=0.029148 iters=100 threads=8
[poisson] loops: p0=0.000081 rb=0.049649 res=0.029148 iters=100 threads=8
[poisson] loops: p0=0.000081 rb=0.050955 res=0.029189 iters=100 threads=8
[poisson] loops: p0=0.000084 rb=0.050784 res=0.029177 iters=100 threads=8
[poisson] loops: p0=0.000081 rb=0.050546 res=0.029162 iters=100 threads=8
[poisson] loops: p0=0.000081 rb=0.049753 res=0.029145 iters=100 threads=8
[poisson] loops: p0=0.000081 rb=0.049966 res=0.029144 iters=100 threads=8
[poisson] loops: p0=0.000081 rb=0.050184 res=0.029147 iters=100 threads=8
[poisson] loops: p0=0.000081 rb=0.049685 res=0.029136 iters=100 threads=8
[poisson] loops: p0=0.000081 rb=0.050157 res=0.029263 iters=100 threads=8
[poisson] loops: p0=0.000081 rb=0.050422 res=0.029146 iters=100 threads=8
[poisson] loops: p0=0.000081 rb=0.050603 res=0.029161 iters=100 threads=8
[poisson] loops: p0=0.000081 rb=0.049600 res=0.029157 iters=100 threads=8
[poisson] loops: p0=0.000081 rb=0.050601 res=0.029208 iters=100 threads=8
[poisson] loops: p0=0.000081 rb=0.050463 res=0.029181 iters=100 threads=8
[poisson] loops: p0=0.000081 rb=0.050172 res=0.029218 iters=100 threads=8
[poisson] loops: p0=0.000081 rb=0.050357 res=0.029133 iters=100 threads=8
[poisson] loops: p0=0.000081 rb=0.050007 res=0.029149 iters=100 threads=8
[poisson] loops: p0=0.000081 rb=0.050310 res=0.029149 iters=100 threads=8
[poisson] loops: p0=0.000081 rb=0.049969 res=0.029153 iters=100 threads=8
[poisson] loops: p0=0.000081 rb=0.050405 res=0.029146 iters=100 threads=8
[poisson] loops: p0=0.000081 rb=0.052157 res=0.029131 iters=100 threads=8
[poisson] loops: p0=0.000081 rb=0.050866 res=0.029196 iters=100 threads=8
[poisson] loops: p0=0.000081 rb=0.050604 res=0.029149 iters=100 threads=8
[poisson] loops: p0=0.000084 rb=0.049842 res=0.029154 iters=100 threads=8
[poisson] loops: p0=0.000081 rb=0.050180 res=0.029148 iters=100 threads=8
[poisson] loops: p0=0.000081 rb=0.049538 res=0.029151 iters=100 threads=8
[poisson] loops: p0=0.000081 rb=0.049716 res=0.029151 iters=100 threads=8
[poisson] loops: p0=0.000081 rb=0.049786 res=0.029146 iters=100 threads=8
[poisson] loops: p0=0.000081 rb=0.050099 res=0.029166 iters=100 threads=8
[poisson] loops: p0=0.000081 rb=0.051181 res=0.029162 iters=100 threads=8
[poisson] loops: p0=0.000081 rb=0.049889 res=0.029160 iters=100 threads=8
[poisson] loops: p0=0.000081 rb=0.049978 res=0.029158 iters=100 threads=8
[poisson] loops: p0=0.000081 rb=0.050641 res=0.029179 iters=100 threads=8
[poisson] loops: p0=0.000084 rb=0.051118 res=0.029150 iters=100 threads=8
[poisson] loops: p0=0.000081 rb=0.050715 res=0.029156 iters=100 threads=8
[poisson] loops: p0=0.000081 rb=0.050123 res=0.029128 iters=100 threads=8
[poisson] loops: p0=0.000081 rb=0.050000 res=0.029143 iters=100 threads=8
[poisson] loops: p0=0.000081 rb=0.049856 res=0.029142 iters=100 threads=8
[poisson] loops: p0=0.000081 rb=0.050389 res=0.029220 iters=100 threads=8
[poisson] loops: p0=0.000081 rb=0.050439 res=0.029167 iters=100 threads=8
[poisson] loops: p0=0.000083 rb=0.050439 res=0.029168 iters=100 threads=8
[poisson] loops: p0=0.000081 rb=0.050097 res=0.029141 iters=100 threads=8
[poisson] loops: p0=0.000081 rb=0.050602 res=0.029151 iters=100 threads=8
[poisson] loops: p0=0.000084 rb=0.050812 res=0.029147 iters=100 threads=8
[poisson] loops: p0=0.000081 rb=0.049123 res=0.029167 iters=100 threads=8
[poisson] loops: p0=0.000081 rb=0.050244 res=0.029164 iters=100 threads=8
[poisson] loops: p0=0.000081 rb=0.050482 res=0.029158 iters=100 threads=8
[poisson] loops: p0=0.000081 rb=0.050534 res=0.029163 iters=100 threads=8
[poisson] loops: p0=0.000081 rb=0.049568 res=0.029149 iters=100 threads=8
[poisson] loops: p0=0.000081 rb=0.050358 res=0.029193 iters=100 threads=8
[poisson] loops: p0=0.000081 rb=0.051345 res=0.029180 iters=100 threads=8
[poisson] loops: p0=0.000081 rb=0.050105 res=0.029158 iters=100 threads=8
[poisson] loops: p0=0.000081 rb=0.050498 res=0.029147 iters=100 threads=8
[poisson] loops: p0=0.000081 rb=0.051081 res=0.029171 iters=100 threads=8
[poisson] loops: p0=0.000081 rb=0.050863 res=0.029138 iters=100 threads=8
[poisson] loops: p0=0.000081 rb=0.050254 res=0.029148 iters=100 threads=8
[poisson] loops: p0=0.000081 rb=0.049962 res=0.029173 iters=100 threads=8
[poisson] loops: p0=0.000081 rb=0.051030 res=0.029186 iters=100 threads=8
[poisson] loops: p0=0.000081 rb=0.050145 res=0.029191 iters=100 threads=8
[poisson] loops: p0=0.000081 rb=0.049832 res=0.029171 iters=100 threads=8
[poisson] loops: p0=0.000084 rb=0.049646 res=0.029123 iters=100 threads=8
[poisson] loops: p0=0.000081 rb=0.049331 res=0.029142 iters=100 threads=8
[poisson] loops: p0=0.000081 rb=0.052809 res=0.029154 iters=100 threads=8
[poisson] loops: p0=0.000081 rb=0.050686 res=0.029166 iters=100 threads=8
[poisson] loops: p0=0.000081 rb=0.049911 res=0.029179 iters=100 threads=8
[poisson] loops: p0=0.000081 rb=0.050197 res=0.029148 iters=100 threads=8
[poisson] loops: p0=0.000081 rb=0.050341 res=0.029156 iters=100 threads=8
[poisson] loops: p0=0.000081 rb=0.054526 res=0.030259 iters=100 threads=8
[poisson] loops: p0=0.000081 rb=0.050290 res=0.029171 iters=100 threads=8
[poisson] loops: p0=0.000081 rb=0.050014 res=0.029167 iters=100 threads=8
[poisson] loops: p0=0.000081 rb=0.050108 res=0.029146 iters=100 threads=8
[poisson] loops: p0=0.000081 rb=0.049738 res=0.029145 iters=100 threads=8
[poisson] loops: p0=0.000081 rb=0.050874 res=0.029191 iters=100 threads=8
[poisson] loops: p0=0.000081 rb=0.050316 res=0.029158 iters=100 threads=8
[poisson] loops: p0=0.000081 rb=0.050196 res=0.029167 iters=100 threads=8
[poisson] loops: p0=0.000081 rb=0.049868 res=0.029196 iters=100 threads=8
[poisson] loops: p0=0.000081 rb=0.049827 res=0.029181 iters=100 threads=8
[poisson] loops: p0=0.000081 rb=0.049604 res=0.029163 iters=100 threads=8
[poisson] loops: p0=0.000083 rb=0.050218 res=0.029196 iters=100 threads=8
[poisson] loops: p0=0.000081 rb=0.052247 res=0.029174 iters=100 threads=8
[poisson] loops: p0=0.000081 rb=0.049707 res=0.029240 iters=100 threads=8
[poisson] loops: p0=0.000081 rb=0.051352 res=0.029186 iters=100 threads=8
[poisson] loops: p0=0.000081 rb=0.049551 res=0.029162 iters=100 threads=8
[poisson] loops: p0=0.000081 rb=0.050644 res=0.029210 iters=100 threads=8
[poisson] loops: p0=0.000081 rb=0.052076 res=0.029167 iters=100 threads=8
[poisson] loops: p0=0.000082 rb=0.050889 res=0.029214 iters=100 threads=8
[poisson] loops: p0=0.000081 rb=0.049752 res=0.029154 iters=100 threads=8
[poisson] loops: p0=0.000081 rb=0.049403 res=0.029159 iters=100 threads=8
[poisson] loops: p0=0.000081 rb=0.050397 res=0.029162 iters=100 threads=8
[poisson] loops: p0=0.000081 rb=0.050344 res=0.029154 iters=100 threads=8
[poisson] loops: p0=0.000081 rb=0.050624 res=0.029172 iters=100 threads=8
[poisson] loops: p0=0.000081 rb=0.049761 res=0.029200 iters=100 threads=8
[poisson] loops: p0=0.000081 rb=0.049736 res=0.029150 iters=100 threads=8
[poisson] loops: p0=0.000082 rb=0.051003 res=0.029216 iters=100 threads=8
[poisson] loops: p0=0.000081 rb=0.050654 res=0.029177 iters=100 threads=8
[poisson] loops: p0=0.000081 rb=0.049761 res=0.029151 iters=100 threads=8
[poisson] loops: p0=0.000081 rb=0.051066 res=0.029204 iters=100 threads=8
[poisson] loops: p0=0.000081 rb=0.050446 res=0.029136 iters=100 threads=8
[poisson] loops: p0=0.000081 rb=0.049959 res=0.029195 iters=100 threads=8
[poisson] loops: p0=0.000081 rb=0.050415 res=0.029175 iters=100 threads=8
[poisson] loops: p0=0.000081 rb=0.051219 res=0.029157 iters=100 threads=8
[poisson] loops: p0=0.000081 rb=0.050328 res=0.029180 iters=100 threads=8
[poisson] loops: p0=0.000081 rb=0.050064 res=0.029137 iters=100 threads=8
[poisson] loops: p0=0.000081 rb=0.050103 res=0.029171 iters=100 threads=8
[poisson] loops: p0=0.000081 rb=0.051044 res=0.029142 iters=100 threads=8
[poisson] loops: p0=0.000081 rb=0.050524 res=0.029199 iters=100 threads=8
[poisson] loops: p0=0.000081 rb=0.050416 res=0.029163 iters=100 threads=8
[poisson] loops: p0=0.000081 rb=0.050090 res=0.029152 iters=100 threads=8
[poisson] loops: p0=0.000081 rb=0.049347 res=0.029117 iters=100 threads=8
[poisson] loops: p0=0.000081 rb=0.049744 res=0.029216 iters=100 threads=8
[poisson] loops: p0=0.000081 rb=0.051526 res=0.029172 iters=100 threads=8
[poisson] loops: p0=0.000081 rb=0.050028 res=0.029163 iters=100 threads=8
[poisson] loops: p0=0.000081 rb=0.050092 res=0.029199 iters=100 threads=8
[poisson] loops: p0=0.000081 rb=0.050130 res=0.029142 iters=100 threads=8
[poisson] loops: p0=0.000081 rb=0.050169 res=0.029154 iters=100 threads=8
[poisson] loops: p0=0.000081 rb=0.049846 res=0.029160 iters=100 threads=8
[poisson] loops: p0=0.000081 rb=0.050120 res=0.029165 iters=100 threads=8
[poisson] loops: p0=0.000081 rb=0.049449 res=0.029167 iters=100 threads=8
[poisson] loops: p0=0.000081 rb=0.049856 res=0.029147 iters=100 threads=8
[poisson] loops: p0=0.000081 rb=0.049459 res=0.029147 iters=100 threads=8
[poisson] loops: p0=0.000081 rb=0.051046 res=0.029195 iters=100 threads=8
[poisson] loops: p0=0.000081 rb=0.060208 res=0.029147 iters=100 threads=8
[poisson] loops: p0=0.000084 rb=0.054113 res=0.029218 iters=100 threads=8
[poisson] loops: p0=0.000081 rb=0.049909 res=0.029142 iters=100 threads=8
[poisson] loops: p0=0.000081 rb=0.050427 res=0.029238 iters=100 threads=8
[poisson] loops: p0=0.000081 rb=0.049607 res=0.029163 iters=100 threads=8
[poisson] loops: p0=0.000081 rb=0.050755 res=0.029147 iters=100 threads=8
[poisson] loops: p0=0.000081 rb=0.049163 res=0.029187 iters=100 threads=8
[poisson] loops: p0=0.000081 rb=0.050169 res=0.029158 iters=100 threads=8
[poisson] loops: p0=0.000081 rb=0.050034 res=0.029194 iters=100 threads=8
[poisson] loops: p0=0.000081 rb=0.050551 res=0.029137 iters=100 threads=8
[poisson] loops: p0=0.000081 rb=0.050632 res=0.029165 iters=100 threads=8
[poisson] loops: p0=0.000081 rb=0.050131 res=0.029201 iters=100 threads=8
[poisson] loops: p0=0.000081 rb=0.050529 res=0.029162 iters=100 threads=8
[poisson] loops: p0=0.000081 rb=0.050167 res=0.029157 iters=100 threads=8
[poisson] loops: p0=0.000081 rb=0.050387 res=0.029152 iters=100 threads=8
[poisson] loops: p0=0.000081 rb=0.050571 res=0.029180 iters=100 threads=8
[poisson] loops: p0=0.000081 rb=0.050540 res=0.029241 iters=100 threads=8
[poisson] loops: p0=0.000081 rb=0.050400 res=0.029142 iters=100 threads=8
[poisson] loops: p0=0.000084 rb=0.050586 res=0.029150 iters=100 threads=8
[poisson] loops: p0=0.000081 rb=0.050483 res=0.029149 iters=100 threads=8
[poisson] loops: p0=0.000081 rb=0.052302 res=0.029269 iters=100 threads=8
[poisson] loops: p0=0.000081 rb=0.050489 res=0.029140 iters=100 threads=8
[poisson] loops: p0=0.000081 rb=0.049957 res=0.029192 iters=100 threads=8
[poisson] loops: p0=0.000081 rb=0.050097 res=0.029189 iters=100 threads=8
[poisson] loops: p0=0.000081 rb=0.050579 res=0.029242 iters=100 threads=8
[poisson] loops: p0=0.000081 rb=0.050476 res=0.029148 iters=100 threads=8
[poisson] loops: p0=0.000081 rb=0.049830 res=0.029142 iters=100 threads=8
Simulation complete.
Elapsed time: 17.8187 sec 
